<?xml version="1.0" encoding="UTF-8"?>
<testsuites name="Positive Cases" time="30.149" tests="3" failures="0" errors="0">
   <testsuite name="Positive Cases" tests="3" failures="0" errors="0" time="30.149" skipped="0" timestamp="04-02-2025T20:21:50" hostname="ACER - LAPTOP-5GQHVTHK" id="Test Suites/Positive Cases">
      <properties>
         <property name="deviceName" value=""/>
         <property name="devicePlatform"/>
         <property name="logFolder" value="C:\\Users\\ACER\\git\\KatalonGitSwagLabsNew\\Reports\\20250204_202144\\Positive Cases\\20250204_202144"/>
         <property name="logFiles" value="C:\\Users\\ACER\\git\\KatalonGitSwagLabsNew\\Reports\\20250204_202144\\Positive Cases\\20250204_202144\\execution0.log"/>
         <property name="attachments" value=""/>
         <property name="hostName" value="ACER - LAPTOP-5GQHVTHK"/>
         <property name="os" value="Windows 11 64bit"/>
         <property name="katalonVersion" value="9.7.4.223"/>
         <property name="browser" value="Chrome 132.0.0.0"/>
         <property name="hostAddress" value="192.168.0.101"/>
         <property name="sessionId" value="f70b745754206ac48bcd47a05616c449"/>
         <property name="seleniumVersion" value="3.141.59"/>
         <property name="proxyInformation" value="ProxyInformation { proxyOption=NO_PROXY, proxyServerType=HTTP, username=, password=********, proxyServerAddress=, proxyServerPort=0, executionList=&quot;&quot;, isApplyToDesiredCapabilities=true }"/>
         <property name="platform" value="Windows 11"/>
      </properties>
      <testcase name="Test Cases/Positive Cases - Add to Cart - Is Equal to 3 Items" time="17.192" classname="Test Cases/Positive Cases - Add to Cart - Is Equal to 3 Items" status="PASSED">
         <system-out><![CDATA[04-02-2025T20:21:51 - [TEST_CASE][PASSED] - Test Cases/Positive Cases - Add to Cart - Is Equal to 3 Items: Test Cases/Positive Cases - Add to Cart - Is Equal to 3 Items

04-02-2025T20:21:51 - [TEST_STEP][PASSED] - openBrowser(""): Browser is opened with url: ''

04-02-2025T20:21:51 - [MESSAGE][INFO] - Starting 'Chrome' driver

04-02-2025T20:21:51 - [MESSAGE][INFO] - Action delay is set to 0 milliseconds

04-02-2025T20:21:53 - [MESSAGE][PASSED] - Browser is opened with url: ''

04-02-2025T20:21:53 - [TEST_STEP][PASSED] - navigateToUrl("https://www.saucedemo.com/"): Navigate to 'https://www.saucedemo.com/' successfully

04-02-2025T20:21:54 - [MESSAGE][PASSED] - Navigate to 'https://www.saucedemo.com/' successfully

04-02-2025T20:21:54 - [TEST_STEP][PASSED] - setText(findTestObject("Page_Swag Labs/input_Swag Labs_user-name"), Username1): Text 'standard_user' is set on object 'Object Repository/Page_Swag Labs/input_Swag Labs_user-name'

04-02-2025T20:21:56 - [MESSAGE][PASSED] - Text 'standard_user' is set on object 'Object Repository/Page_Swag Labs/input_Swag Labs_user-name'

04-02-2025T20:21:56 - [TEST_STEP][PASSED] - setEncryptedText(findTestObject("Page_Swag Labs/input_Swag Labs_password"), Password): Text ****** has been set on object 'Object Repository/Page_Swag Labs/input_Swag Labs_password'

04-02-2025T20:21:56 - [MESSAGE][PASSED] - Text ****** has been set on object 'Object Repository/Page_Swag Labs/input_Swag Labs_password'

04-02-2025T20:21:56 - [TEST_STEP][PASSED] - click(findTestObject("Page_Swag Labs/input_Swag Labs_login-button")): Object: 'Object Repository/Page_Swag Labs/input_Swag Labs_login-button' is clicked on

04-02-2025T20:21:57 - [MESSAGE][PASSED] - Object: 'Object Repository/Page_Swag Labs/input_Swag Labs_login-button' is clicked on

04-02-2025T20:21:57 - [TEST_STEP][PASSED] - click(findTestObject("Page_Swag Labs/input_Swag Labs_add_to_cart_backpack-button")): Object: 'Object Repository/Page_Swag Labs/input_Swag Labs_add_to_cart_backpack-button' is clicked on

04-02-2025T20:21:57 - [MESSAGE][PASSED] - Object: 'Object Repository/Page_Swag Labs/input_Swag Labs_add_to_cart_backpack-button' is clicked on

04-02-2025T20:21:57 - [TEST_STEP][PASSED] - delay(2): Delayed 2 second(s)

04-02-2025T20:21:59 - [MESSAGE][PASSED] - Delayed 2 second(s)

04-02-2025T20:21:59 - [TEST_STEP][PASSED] - click(findTestObject("Page_Swag Labs/input_Swag Labs_add_to_cart_boltshirt-button")): Object: 'Object Repository/Page_Swag Labs/input_Swag Labs_add_to_cart_boltshirt-button' is clicked on

04-02-2025T20:22:00 - [MESSAGE][PASSED] - Object: 'Object Repository/Page_Swag Labs/input_Swag Labs_add_to_cart_boltshirt-button' is clicked on

04-02-2025T20:22:00 - [TEST_STEP][PASSED] - delay(2): Delayed 2 second(s)

04-02-2025T20:22:02 - [MESSAGE][PASSED] - Delayed 2 second(s)

04-02-2025T20:22:02 - [TEST_STEP][PASSED] - click(findTestObject("Page_Swag Labs/input_Swag Labs_add_to_cart_bikelight-button")): Object: 'Object Repository/Page_Swag Labs/input_Swag Labs_add_to_cart_bikelight-button' is clicked on

04-02-2025T20:22:02 - [MESSAGE][PASSED] - Object: 'Object Repository/Page_Swag Labs/input_Swag Labs_add_to_cart_bikelight-button' is clicked on

04-02-2025T20:22:02 - [TEST_STEP][PASSED] - delay(2): Delayed 2 second(s)

04-02-2025T20:22:04 - [MESSAGE][PASSED] - Delayed 2 second(s)

04-02-2025T20:22:04 - [TEST_STEP][PASSED] - scrollToElement(findTestObject("Page_Swag Labs/input_Swag Labs_mainhome_header"), 2): Scroll to object 'Object Repository/Page_Swag Labs/input_Swag Labs_mainhome_header' successfully

04-02-2025T20:22:04 - [MESSAGE][PASSED] - Scroll to object 'Object Repository/Page_Swag Labs/input_Swag Labs_mainhome_header' successfully

04-02-2025T20:22:04 - [TEST_STEP][PASSED] - verifyElementVisible(findTestObject("Page_Swag Labs/input_Swag Labs_shopping_cart_badge")): Object 'Object Repository/Page_Swag Labs/input_Swag Labs_shopping_cart_badge' is visible

04-02-2025T20:22:05 - [MESSAGE][PASSED] - Object 'Object Repository/Page_Swag Labs/input_Swag Labs_shopping_cart_badge' is visible

04-02-2025T20:22:05 - [TEST_STEP][PASSED] - delay(3): Delayed 3 second(s)

04-02-2025T20:22:08 - [MESSAGE][PASSED] - Delayed 3 second(s)

04-02-2025T20:22:08 - [TEST_STEP][PASSED] - closeBrowser(): Browser is closed

04-02-2025T20:22:08 - [MESSAGE][PASSED] - Browser is closed]]></system-out>
         <system-err><![CDATA[]]></system-err>
      </testcase>
      <testcase name="Test Cases/Positive Cases - Add to Cart" time="7.854" classname="Test Cases/Positive Cases - Add to Cart" status="PASSED">
         <system-out><![CDATA[04-02-2025T20:22:08 - [TEST_CASE][PASSED] - Test Cases/Positive Cases - Add to Cart: Test Cases/Positive Cases - Add to Cart

04-02-2025T20:22:08 - [TEST_STEP][PASSED] - openBrowser(""): Browser is opened with url: ''

04-02-2025T20:22:08 - [MESSAGE][INFO] - Starting 'Chrome' driver

04-02-2025T20:22:08 - [MESSAGE][INFO] - Action delay is set to 0 milliseconds

04-02-2025T20:22:09 - [MESSAGE][PASSED] - Browser is opened with url: ''

04-02-2025T20:22:09 - [TEST_STEP][PASSED] - navigateToUrl("https://www.saucedemo.com/"): Navigate to 'https://www.saucedemo.com/' successfully

04-02-2025T20:22:09 - [MESSAGE][PASSED] - Navigate to 'https://www.saucedemo.com/' successfully

04-02-2025T20:22:09 - [TEST_STEP][PASSED] - setText(findTestObject("Page_Swag Labs/input_Swag Labs_user-name"), Username1): Text 'standard_user' is set on object 'Object Repository/Page_Swag Labs/input_Swag Labs_user-name'

04-02-2025T20:22:12 - [MESSAGE][PASSED] - Text 'standard_user' is set on object 'Object Repository/Page_Swag Labs/input_Swag Labs_user-name'

04-02-2025T20:22:12 - [TEST_STEP][PASSED] - setEncryptedText(findTestObject("Page_Swag Labs/input_Swag Labs_password"), Password): Text ****** has been set on object 'Object Repository/Page_Swag Labs/input_Swag Labs_password'

04-02-2025T20:22:12 - [MESSAGE][PASSED] - Text ****** has been set on object 'Object Repository/Page_Swag Labs/input_Swag Labs_password'

04-02-2025T20:22:12 - [TEST_STEP][PASSED] - click(findTestObject("Page_Swag Labs/input_Swag Labs_login-button")): Object: 'Object Repository/Page_Swag Labs/input_Swag Labs_login-button' is clicked on

04-02-2025T20:22:12 - [MESSAGE][PASSED] - Object: 'Object Repository/Page_Swag Labs/input_Swag Labs_login-button' is clicked on

04-02-2025T20:22:12 - [TEST_STEP][PASSED] - click(findTestObject("Page_Swag Labs/input_Swag Labs_add_to_cart_backpack-button")): Object: 'Object Repository/Page_Swag Labs/input_Swag Labs_add_to_cart_backpack-button' is clicked on

04-02-2025T20:22:13 - [MESSAGE][PASSED] - Object: 'Object Repository/Page_Swag Labs/input_Swag Labs_add_to_cart_backpack-button' is clicked on

04-02-2025T20:22:13 - [TEST_STEP][PASSED] - verifyElementVisible(findTestObject("Page_Swag Labs/input_Swag Labs_shopping_cart_badge")): Object 'Object Repository/Page_Swag Labs/input_Swag Labs_shopping_cart_badge' is visible

04-02-2025T20:22:13 - [MESSAGE][PASSED] - Object 'Object Repository/Page_Swag Labs/input_Swag Labs_shopping_cart_badge' is visible

04-02-2025T20:22:13 - [TEST_STEP][PASSED] - delay(2): Delayed 2 second(s)

04-02-2025T20:22:15 - [MESSAGE][PASSED] - Delayed 2 second(s)

04-02-2025T20:22:15 - [TEST_STEP][PASSED] - closeBrowser(): Browser is closed

04-02-2025T20:22:16 - [MESSAGE][PASSED] - Browser is closed]]></system-out>
         <system-err><![CDATA[]]></system-err>
      </testcase>
      <testcase name="Test Cases/Positive Cases - Login SwagLabs" time="4.926" classname="Test Cases/Positive Cases - Login SwagLabs" status="PASSED">
         <system-out><![CDATA[04-02-2025T20:22:16 - [TEST_CASE][PASSED] - Test Cases/Positive Cases - Login SwagLabs: Test Cases/Positive Cases - Login SwagLabs

04-02-2025T20:22:16 - [TEST_STEP][PASSED] - openBrowser(""): Browser is opened with url: ''

04-02-2025T20:22:16 - [MESSAGE][INFO] - Starting 'Chrome' driver

04-02-2025T20:22:16 - [MESSAGE][INFO] - Action delay is set to 0 milliseconds

04-02-2025T20:22:17 - [MESSAGE][PASSED] - Browser is opened with url: ''

04-02-2025T20:22:17 - [TEST_STEP][PASSED] - navigateToUrl("https://www.saucedemo.com/"): Navigate to 'https://www.saucedemo.com/' successfully

04-02-2025T20:22:17 - [MESSAGE][PASSED] - Navigate to 'https://www.saucedemo.com/' successfully

04-02-2025T20:22:17 - [TEST_STEP][PASSED] - setText(findTestObject("Object Repository/Page_Swag Labs/input_Swag Labs_user-name"), "standard_user"): Text 'standard_user' is set on object 'Object Repository/Page_Swag Labs/input_Swag Labs_user-name'

04-02-2025T20:22:19 - [MESSAGE][PASSED] - Text 'standard_user' is set on object 'Object Repository/Page_Swag Labs/input_Swag Labs_user-name'

04-02-2025T20:22:19 - [TEST_STEP][PASSED] - setEncryptedText(findTestObject("Object Repository/Page_Swag Labs/input_Swag Labs_password"), "qcu24s4901FyWDTwXGr6XA=="): Text ****** has been set on object 'Object Repository/Page_Swag Labs/input_Swag Labs_password'

04-02-2025T20:22:20 - [MESSAGE][PASSED] - Text ****** has been set on object 'Object Repository/Page_Swag Labs/input_Swag Labs_password'

04-02-2025T20:22:20 - [TEST_STEP][PASSED] - click(findTestObject("Object Repository/Page_Swag Labs/input_Swag Labs_login-button")): Object: 'Object Repository/Page_Swag Labs/input_Swag Labs_login-button' is clicked on

04-02-2025T20:22:20 - [MESSAGE][PASSED] - Object: 'Object Repository/Page_Swag Labs/input_Swag Labs_login-button' is clicked on

04-02-2025T20:22:20 - [TEST_STEP][PASSED] - verifyTextPresent("Products", false): Text 'Products' is present on page 

04-02-2025T20:22:20 - [MESSAGE][PASSED] - Text 'Products' is present on page 

04-02-2025T20:22:20 - [TEST_STEP][PASSED] - closeBrowser(): Browser is closed

04-02-2025T20:22:21 - [MESSAGE][PASSED] - Browser is closed]]></system-out>
         <system-err><![CDATA[]]></system-err>
      </testcase>
      <system-out><![CDATA[04-02-2025T20:21:50 - [TEST_SUITE][PASSED] - Positive Cases: Test Cases/Positive Cases - Login SwagLabs]]></system-out>
      <system-err><![CDATA[]]></system-err>
   </testsuite>
</testsuites>
