<?xml version="1.0" encoding="UTF-8"?>
<testsuites name="Sorting" time="21.964" tests="4" failures="0" errors="0">
   <testsuite name="Sorting" tests="4" failures="0" errors="0" time="21.964" skipped="0" timestamp="04-02-2025T15:43:23" hostname="ACER - LAPTOP-5GQHVTHK" id="Test Suites/Sorting">
      <properties>
         <property name="deviceName" value=""/>
         <property name="devicePlatform"/>
         <property name="logFolder" value="C:\\Users\\ACER\\git\\KatalonGitSwagLabsNew\\Reports\\20250204_154315\\Sorting\\20250204_154315"/>
         <property name="logFiles" value="C:\\Users\\ACER\\git\\KatalonGitSwagLabsNew\\Reports\\20250204_154315\\Sorting\\20250204_154315\\execution0.log"/>
         <property name="attachments" value=""/>
         <property name="hostName" value="ACER - LAPTOP-5GQHVTHK"/>
         <property name="os" value="Windows 11 64bit"/>
         <property name="katalonVersion" value="9.7.4.223"/>
         <property name="browser" value="Chrome 132.0.0.0"/>
         <property name="hostAddress" value="192.168.0.101"/>
         <property name="sessionId" value="b489fa8eae52e63ce70d2dee228e4566"/>
         <property name="seleniumVersion" value="3.141.59"/>
         <property name="proxyInformation" value="ProxyInformation { proxyOption=NO_PROXY, proxyServerType=HTTP, username=, password=********, proxyServerAddress=, proxyServerPort=0, executionList=&quot;&quot;, isApplyToDesiredCapabilities=true }"/>
         <property name="platform" value="Windows 11"/>
      </properties>
      <testcase name="Test Cases/Positive Cases - Sorting - Name(A to Z)" time="7.943" classname="Test Cases/Positive Cases - Sorting - Name(A to Z)" status="PASSED">
         <system-out><![CDATA[04-02-2025T15:43:23 - [TEST_CASE][PASSED] - Test Cases/Positive Cases - Sorting - Name(A to Z): Test Cases/Positive Cases - Sorting - Name(A to Z)

04-02-2025T15:43:23 - [TEST_STEP][PASSED] - openBrowser(""): Browser is opened with url: ''

04-02-2025T15:43:24 - [MESSAGE][INFO] - Starting 'Chrome' driver

04-02-2025T15:43:24 - [MESSAGE][INFO] - Action delay is set to 0 milliseconds

04-02-2025T15:43:26 - [MESSAGE][PASSED] - Browser is opened with url: ''

04-02-2025T15:43:26 - [TEST_STEP][PASSED] - navigateToUrl("https://www.saucedemo.com/"): Navigate to 'https://www.saucedemo.com/' successfully

04-02-2025T15:43:26 - [MESSAGE][PASSED] - Navigate to 'https://www.saucedemo.com/' successfully

04-02-2025T15:43:26 - [TEST_STEP][PASSED] - setText(findTestObject("Object Repository/Page_Swag Labs/input_Swag Labs_user-name"), "standard_user"): Text 'standard_user' is set on object 'Object Repository/Page_Swag Labs/input_Swag Labs_user-name'

04-02-2025T15:43:29 - [MESSAGE][PASSED] - Text 'standard_user' is set on object 'Object Repository/Page_Swag Labs/input_Swag Labs_user-name'

04-02-2025T15:43:29 - [TEST_STEP][PASSED] - setEncryptedText(findTestObject("Object Repository/Page_Swag Labs/input_Swag Labs_password"), "qcu24s4901FyWDTwXGr6XA=="): Text ****** has been set on object 'Object Repository/Page_Swag Labs/input_Swag Labs_password'

04-02-2025T15:43:29 - [MESSAGE][PASSED] - Text ****** has been set on object 'Object Repository/Page_Swag Labs/input_Swag Labs_password'

04-02-2025T15:43:29 - [TEST_STEP][PASSED] - click(findTestObject("Object Repository/Page_Swag Labs/input_Swag Labs_login-button")): Object: 'Object Repository/Page_Swag Labs/input_Swag Labs_login-button' is clicked on

04-02-2025T15:43:30 - [MESSAGE][PASSED] - Object: 'Object Repository/Page_Swag Labs/input_Swag Labs_login-button' is clicked on

04-02-2025T15:43:30 - [TEST_STEP][NOT_RUN] - com.test.swaglabs.resetstate.ResetAppState.clickStateAtoZ(): NOT_RUN: com.test.swaglabs.resetstate.ResetAppState.clickStateAtoZ()

04-02-2025T15:43:30 - [MESSAGE][NOT_RUN] - NOT_RUN: com.test.swaglabs.resetstate.ResetAppState.clickStateAtoZ()

04-02-2025T15:43:30 - [TEST_STEP][PASSED] - verifyElementPresent(findTestObject("Page_Swag Labs/div_ProductsName (A to Z)Name (A to Z)Name (Z to A)Price (low to high)Price (high to low)"), 0): Object 'Object Repository/Page_Swag Labs/div_ProductsName (A to Z)Name (A to Z)Name (Z to A)Price (low to high)Price (high to low)' is present

04-02-2025T15:43:30 - [MESSAGE][WARNING] - Timeout '0' is invalid. Using default page load timeout: '30'

04-02-2025T15:43:30 - [MESSAGE][PASSED] - Object 'Object Repository/Page_Swag Labs/div_ProductsName (A to Z)Name (A to Z)Name (Z to A)Price (low to high)Price (high to low)' is present

04-02-2025T15:43:30 - [TEST_STEP][PASSED] - click(findTestObject("Page_Swag Labs/span_Name (A to Z)Name (A to Z)Name (Z to A)Price (low to high)Price (high to low)")): Object: 'Object Repository/Page_Swag Labs/span_Name (A to Z)Name (A to Z)Name (Z to A)Price (low to high)Price (high to low)' is clicked on

04-02-2025T15:43:31 - [MESSAGE][PASSED] - Object: 'Object Repository/Page_Swag Labs/span_Name (A to Z)Name (A to Z)Name (Z to A)Price (low to high)Price (high to low)' is clicked on

04-02-2025T15:43:31 - [TEST_STEP][PASSED] - closeBrowser(): Browser is closed

04-02-2025T15:43:31 - [MESSAGE][PASSED] - Browser is closed]]></system-out>
         <system-err><![CDATA[]]></system-err>
      </testcase>
      <testcase name="Test Cases/Positive Cases - Sorting - Name(Z to A)" time="5.445" classname="Test Cases/Positive Cases - Sorting - Name(Z to A)" status="PASSED">
         <system-out><![CDATA[04-02-2025T15:43:31 - [TEST_CASE][PASSED] - Test Cases/Positive Cases - Sorting - Name(Z to A): Test Cases/Positive Cases - Sorting - Name(Z to A)

04-02-2025T15:43:31 - [TEST_STEP][PASSED] - openBrowser(""): Browser is opened with url: ''

04-02-2025T15:43:31 - [MESSAGE][INFO] - Starting 'Chrome' driver

04-02-2025T15:43:31 - [MESSAGE][INFO] - Action delay is set to 0 milliseconds

04-02-2025T15:43:32 - [MESSAGE][PASSED] - Browser is opened with url: ''

04-02-2025T15:43:32 - [TEST_STEP][PASSED] - navigateToUrl("https://www.saucedemo.com/"): Navigate to 'https://www.saucedemo.com/' successfully

04-02-2025T15:43:33 - [MESSAGE][PASSED] - Navigate to 'https://www.saucedemo.com/' successfully

04-02-2025T15:43:33 - [TEST_STEP][PASSED] - setText(findTestObject("Object Repository/Page_Swag Labs/input_Swag Labs_user-name"), "standard_user"): Text 'standard_user' is set on object 'Object Repository/Page_Swag Labs/input_Swag Labs_user-name'

04-02-2025T15:43:35 - [MESSAGE][PASSED] - Text 'standard_user' is set on object 'Object Repository/Page_Swag Labs/input_Swag Labs_user-name'

04-02-2025T15:43:35 - [TEST_STEP][PASSED] - setEncryptedText(findTestObject("Object Repository/Page_Swag Labs/input_Swag Labs_password"), "qcu24s4901FyWDTwXGr6XA=="): Text ****** has been set on object 'Object Repository/Page_Swag Labs/input_Swag Labs_password'

04-02-2025T15:43:35 - [MESSAGE][PASSED] - Text ****** has been set on object 'Object Repository/Page_Swag Labs/input_Swag Labs_password'

04-02-2025T15:43:35 - [TEST_STEP][PASSED] - click(findTestObject("Object Repository/Page_Swag Labs/input_Swag Labs_login-button")): Object: 'Object Repository/Page_Swag Labs/input_Swag Labs_login-button' is clicked on

04-02-2025T15:43:36 - [MESSAGE][PASSED] - Object: 'Object Repository/Page_Swag Labs/input_Swag Labs_login-button' is clicked on

04-02-2025T15:43:36 - [TEST_STEP][NOT_RUN] - com.test.swaglabs.resetstate.ResetAppState.clickStateAtoZ(): NOT_RUN: com.test.swaglabs.resetstate.ResetAppState.clickStateAtoZ()

04-02-2025T15:43:36 - [MESSAGE][NOT_RUN] - NOT_RUN: com.test.swaglabs.resetstate.ResetAppState.clickStateAtoZ()

04-02-2025T15:43:36 - [TEST_STEP][NOT_RUN] - verifyElementPresent(findTestObject("Page_Swag Labs/div_ProductsName (A to Z)Name (A to Z)Name (Z to A)Price (low to high)Price (high to low)"), 0): NOT_RUN: verifyElementPresent(findTestObject("Page_Swag Labs/div_ProductsName (A to Z)Name (A to Z)Name (Z to A)Price (low to high)Price (high to low)"), 0)

04-02-2025T15:43:36 - [MESSAGE][NOT_RUN] - NOT_RUN: verifyElementPresent(findTestObject("Page_Swag Labs/div_ProductsName (A to Z)Name (A to Z)Name (Z to A)Price (low to high)Price (high to low)"), 0)

04-02-2025T15:43:36 - [TEST_STEP][PASSED] - click(findTestObject("Page_Swag Labs/span_Name (Z to A)Name (A to Z)Name (Z to A)Price (low to high)Price (high to low)")): Object: 'Object Repository/Page_Swag Labs/span_Name (Z to A)Name (A to Z)Name (Z to A)Price (low to high)Price (high to low)' is clicked on

04-02-2025T15:43:36 - [MESSAGE][PASSED] - Object: 'Object Repository/Page_Swag Labs/span_Name (Z to A)Name (A to Z)Name (Z to A)Price (low to high)Price (high to low)' is clicked on

04-02-2025T15:43:36 - [TEST_STEP][PASSED] - closeBrowser(): Browser is closed

04-02-2025T15:43:36 - [MESSAGE][PASSED] - Browser is closed]]></system-out>
         <system-err><![CDATA[]]></system-err>
      </testcase>
      <testcase name="Test Cases/Positive Cases - Sorting - Price(High to Low)" time="8.348" classname="Test Cases/Positive Cases - Sorting - Price(High to Low)" status="PASSED">
         <system-out><![CDATA[04-02-2025T15:43:36 - [TEST_CASE][PASSED] - Test Cases/Positive Cases - Sorting - Price(High to Low): Test Cases/Positive Cases - Sorting - Price(High to Low)

04-02-2025T15:43:36 - [TEST_STEP][PASSED] - openBrowser(""): Browser is opened with url: ''

04-02-2025T15:43:36 - [MESSAGE][INFO] - Starting 'Chrome' driver

04-02-2025T15:43:36 - [MESSAGE][INFO] - Action delay is set to 0 milliseconds

04-02-2025T15:43:38 - [MESSAGE][PASSED] - Browser is opened with url: ''

04-02-2025T15:43:38 - [TEST_STEP][PASSED] - navigateToUrl("https://www.saucedemo.com/"): Navigate to 'https://www.saucedemo.com/' successfully

04-02-2025T15:43:38 - [MESSAGE][PASSED] - Navigate to 'https://www.saucedemo.com/' successfully

04-02-2025T15:43:38 - [TEST_STEP][PASSED] - setText(findTestObject("Object Repository/Page_Swag Labs/input_Swag Labs_user-name"), "standard_user"): Text 'standard_user' is set on object 'Object Repository/Page_Swag Labs/input_Swag Labs_user-name'

04-02-2025T15:43:40 - [MESSAGE][PASSED] - Text 'standard_user' is set on object 'Object Repository/Page_Swag Labs/input_Swag Labs_user-name'

04-02-2025T15:43:40 - [TEST_STEP][PASSED] - setEncryptedText(findTestObject("Object Repository/Page_Swag Labs/input_Swag Labs_password"), "qcu24s4901FyWDTwXGr6XA=="): Text ****** has been set on object 'Object Repository/Page_Swag Labs/input_Swag Labs_password'

04-02-2025T15:43:41 - [MESSAGE][PASSED] - Text ****** has been set on object 'Object Repository/Page_Swag Labs/input_Swag Labs_password'

04-02-2025T15:43:41 - [TEST_STEP][PASSED] - click(findTestObject("Object Repository/Page_Swag Labs/input_Swag Labs_login-button")): Object: 'Object Repository/Page_Swag Labs/input_Swag Labs_login-button' is clicked on

04-02-2025T15:43:41 - [MESSAGE][PASSED] - Object: 'Object Repository/Page_Swag Labs/input_Swag Labs_login-button' is clicked on

04-02-2025T15:43:41 - [TEST_STEP][PASSED] - com.test.swaglabs.sorting.Sorting.clickPriceHighToLow(): com.test.swaglabs.sorting.Sorting.clickPriceHighToLow is PASSED

04-02-2025T15:43:41 - [MESSAGE][PASSED] - Object: 'Object Repository/Page_Swag Labs/select_Name (A to Z)Name (Z to A)Price (low to high)Price (high to low)' is clicked on

04-02-2025T15:43:41 - [MESSAGE][PASSED] - com.test.swaglabs.sorting.Sorting.clickPriceHighToLow is PASSED

04-02-2025T15:43:41 - [TEST_STEP][PASSED] - waitForAlert(3): No alert found after 3 second(s).

04-02-2025T15:43:45 - [MESSAGE][WARNING] - No alert found after 3 second(s).

04-02-2025T15:43:45 - [TEST_STEP][PASSED] - closeBrowser(): Browser is closed

04-02-2025T15:43:45 - [MESSAGE][PASSED] - Browser is closed]]></system-out>
         <system-err><![CDATA[]]></system-err>
      </testcase>
      <testcase name="Test Cases/Positive Cases - Sorting - Price(Low to High)" time="0.037" classname="Test Cases/Positive Cases - Sorting - Price(Low to High)" status="PASSED">
         <system-out><![CDATA[04-02-2025T15:43:45 - [TEST_CASE][PASSED] - Test Cases/Positive Cases - Sorting - Price(Low to High): Test Cases/Positive Cases - Sorting - Price(Low to High)

04-02-2025T15:43:45 - [TEST_STEP][PASSED] - return null: null]]></system-out>
         <system-err><![CDATA[]]></system-err>
      </testcase>
      <system-out><![CDATA[04-02-2025T15:43:23 - [TEST_SUITE][PASSED] - Sorting: Test Cases/Positive Cases - Sorting - Price(Low to High)]]></system-out>
      <system-err><![CDATA[]]></system-err>
   </testsuite>
</testsuites>
