<?xml version="1.0" encoding="UTF-8"?>
<testsuites name="Login to Swag Labs - Positive Cases" time="13.334" tests="2" failures="0" errors="0">
   <testsuite name="Login to Swag Labs - Positive Cases" tests="2" failures="0" errors="0" time="13.334" skipped="0" timestamp="03-02-2025T11:52:03" hostname="ACER - LAPTOP-5GQHVTHK" id="Test Suites/Login to Swag Labs - Positive Cases">
      <properties>
         <property name="deviceName" value=""/>
         <property name="devicePlatform"/>
         <property name="logFolder" value="C:\\Users\\ACER\\git\\KatalonGitSwagLabsNew\\Reports\\20250203_115112\\Login to Swag Labs - Positive Cases\\20250203_115115"/>
         <property name="logFiles" value="C:\\Users\\ACER\\git\\KatalonGitSwagLabsNew\\Reports\\20250203_115112\\Login to Swag Labs - Positive Cases\\20250203_115115\\execution0.log"/>
         <property name="attachments" value=""/>
         <property name="hostName" value="ACER - LAPTOP-5GQHVTHK"/>
         <property name="os" value="Windows 11 64bit"/>
         <property name="katalonVersion" value="9.7.4.223"/>
         <property name="browser" value="Chrome 132.0.0.0"/>
         <property name="hostAddress" value="192.168.0.101"/>
         <property name="sessionId" value="f6dfb6d2ec6bd3ee31db1efb72036bbd"/>
         <property name="seleniumVersion" value="3.141.59"/>
         <property name="proxyInformation" value="ProxyInformation { proxyOption=NO_PROXY, proxyServerType=HTTP, username=, password=********, proxyServerAddress=, proxyServerPort=0, executionList=&quot;&quot;, isApplyToDesiredCapabilities=true }"/>
         <property name="platform" value="Windows 11"/>
      </properties>
      <testcase name="Test Cases/Positive Cases - Login with first account - standard_user" time="7.369" classname="Test Cases/Positive Cases - Login with first account - standard_user" status="PASSED">
         <system-out><![CDATA[03-02-2025T11:52:04 - [TEST_CASE][PASSED] - Test Cases/Positive Cases - Login with first account - standard_user: Test Cases/Positive Cases - Login with first account - standard_user

03-02-2025T11:52:04 - [TEST_STEP][PASSED] - openBrowser(""): Browser is opened with url: ''

03-02-2025T11:52:05 - [MESSAGE][INFO] - Starting 'Chrome' driver

03-02-2025T11:52:05 - [MESSAGE][INFO] - Action delay is set to 0 milliseconds

03-02-2025T11:52:07 - [MESSAGE][PASSED] - Browser is opened with url: ''

03-02-2025T11:52:07 - [TEST_STEP][PASSED] - navigateToUrl("https://www.saucedemo.com/"): Navigate to 'https://www.saucedemo.com/' successfully

03-02-2025T11:52:07 - [MESSAGE][PASSED] - Navigate to 'https://www.saucedemo.com/' successfully

03-02-2025T11:52:07 - [TEST_STEP][PASSED] - com.test.swaglabs.CustomLogin.WebLoginFirstAccount(): com.test.swaglabs.CustomLogin.WebLoginFirstAccount is PASSED

03-02-2025T11:52:09 - [MESSAGE][PASSED] - Text 'standard_user' is set on object 'Object Repository/Page_Swag Labs/input_Swag Labs_user-name'

03-02-2025T11:52:10 - [MESSAGE][PASSED] - Text ****** has been set on object 'Object Repository/Page_Swag Labs/input_Swag Labs_password'

03-02-2025T11:52:10 - [MESSAGE][PASSED] - Object: 'Object Repository/Page_Swag Labs/input_Swag Labs_login-button' is clicked on

03-02-2025T11:52:10 - [MESSAGE][PASSED] - com.test.swaglabs.CustomLogin.WebLoginFirstAccount is PASSED

03-02-2025T11:52:10 - [TEST_STEP][NOT_RUN] - setText(findTestObject("Page_Swag Labs/input_Swag Labs_user-name"), "standard_user"): NOT_RUN: setText(findTestObject("Page_Swag Labs/input_Swag Labs_user-name"), "standard_user")

03-02-2025T11:52:10 - [MESSAGE][NOT_RUN] - NOT_RUN: setText(findTestObject("Page_Swag Labs/input_Swag Labs_user-name"), "standard_user")

03-02-2025T11:52:10 - [TEST_STEP][NOT_RUN] - setEncryptedText(findTestObject("Page_Swag Labs/input_Swag Labs_password"), "qcu24s4901FyWDTwXGr6XA=="): NOT_RUN: setEncryptedText(findTestObject("Page_Swag Labs/input_Swag Labs_password"), "qcu24s4901FyWDTwXGr6XA==")

03-02-2025T11:52:10 - [MESSAGE][NOT_RUN] - NOT_RUN: setEncryptedText(findTestObject("Page_Swag Labs/input_Swag Labs_password"), "qcu24s4901FyWDTwXGr6XA==")

03-02-2025T11:52:10 - [TEST_STEP][NOT_RUN] - click(findTestObject("Page_Swag Labs/input_Swag Labs_login-button")): NOT_RUN: click(findTestObject("Page_Swag Labs/input_Swag Labs_login-button"))

03-02-2025T11:52:10 - [MESSAGE][NOT_RUN] - NOT_RUN: click(findTestObject("Page_Swag Labs/input_Swag Labs_login-button"))

03-02-2025T11:52:10 - [TEST_STEP][PASSED] - verifyTextPresent("Products", false): Text 'Products' is present on page 

03-02-2025T11:52:11 - [MESSAGE][PASSED] - Text 'Products' is present on page 

03-02-2025T11:52:11 - [TEST_STEP][PASSED] - closeBrowser(): Browser is closed

03-02-2025T11:52:11 - [MESSAGE][PASSED] - Browser is closed]]></system-out>
         <system-err><![CDATA[]]></system-err>
      </testcase>
      <testcase name="Test Cases/Positive Cases - Login SwagLabs" time="5.726" classname="Test Cases/Positive Cases - Login SwagLabs" status="PASSED">
         <system-out><![CDATA[03-02-2025T11:52:11 - [TEST_CASE][PASSED] - Test Cases/Positive Cases - Login SwagLabs: Test Cases/Positive Cases - Login SwagLabs

03-02-2025T11:52:11 - [TEST_STEP][PASSED] - openBrowser(""): Browser is opened with url: ''

03-02-2025T11:52:11 - [MESSAGE][INFO] - Starting 'Chrome' driver

03-02-2025T11:52:11 - [MESSAGE][INFO] - Action delay is set to 0 milliseconds

03-02-2025T11:52:12 - [MESSAGE][PASSED] - Browser is opened with url: ''

03-02-2025T11:52:12 - [TEST_STEP][PASSED] - navigateToUrl("https://www.saucedemo.com/"): Navigate to 'https://www.saucedemo.com/' successfully

03-02-2025T11:52:13 - [MESSAGE][PASSED] - Navigate to 'https://www.saucedemo.com/' successfully

03-02-2025T11:52:13 - [TEST_STEP][PASSED] - setText(findTestObject("Object Repository/Page_Swag Labs/input_Swag Labs_user-name"), "standard_user"): Text 'standard_user' is set on object 'Object Repository/Page_Swag Labs/input_Swag Labs_user-name'

03-02-2025T11:52:15 - [MESSAGE][PASSED] - Text 'standard_user' is set on object 'Object Repository/Page_Swag Labs/input_Swag Labs_user-name'

03-02-2025T11:52:15 - [TEST_STEP][PASSED] - setEncryptedText(findTestObject("Object Repository/Page_Swag Labs/input_Swag Labs_password"), "qcu24s4901FyWDTwXGr6XA=="): Text ****** has been set on object 'Object Repository/Page_Swag Labs/input_Swag Labs_password'

03-02-2025T11:52:16 - [MESSAGE][PASSED] - Text ****** has been set on object 'Object Repository/Page_Swag Labs/input_Swag Labs_password'

03-02-2025T11:52:16 - [TEST_STEP][PASSED] - click(findTestObject("Object Repository/Page_Swag Labs/input_Swag Labs_login-button")): Object: 'Object Repository/Page_Swag Labs/input_Swag Labs_login-button' is clicked on

03-02-2025T11:52:16 - [MESSAGE][PASSED] - Object: 'Object Repository/Page_Swag Labs/input_Swag Labs_login-button' is clicked on

03-02-2025T11:52:16 - [TEST_STEP][PASSED] - verifyTextPresent("Products", false): Text 'Products' is present on page 

03-02-2025T11:52:17 - [MESSAGE][PASSED] - Text 'Products' is present on page 

03-02-2025T11:52:17 - [TEST_STEP][PASSED] - closeBrowser(): Browser is closed

03-02-2025T11:52:17 - [MESSAGE][PASSED] - Browser is closed]]></system-out>
         <system-err><![CDATA[]]></system-err>
      </testcase>
      <system-out><![CDATA[03-02-2025T11:52:03 - [TEST_SUITE][PASSED] - Login to Swag Labs - Positive Cases: Test Cases/Positive Cases - Login SwagLabs]]></system-out>
      <system-err><![CDATA[]]></system-err>
   </testsuite>
</testsuites>
