<?xml version="1.0" encoding="UTF-8"?>
<testsuites name="Login to Swag Labs - Negative Cases" time="13.706" tests="1" failures="0" errors="0">
   <testsuite name="Login to Swag Labs - Negative Cases" tests="1" failures="0" errors="0" time="13.706" skipped="0" timestamp="05-02-2025T14:07:55" hostname="ACER - LAPTOP-5GQHVTHK" id="Test Suites/Login to Swag Labs - Negative Cases">
      <properties>
         <property name="deviceName" value=""/>
         <property name="devicePlatform"/>
         <property name="logFolder" value="C:\\Users\\ACER\\git\\KatalonGitSwagLabsNew\\Reports\\20250205_140739\\Login to Swag Labs - Negative Cases\\20250205_140740"/>
         <property name="logFiles" value="C:\\Users\\ACER\\git\\KatalonGitSwagLabsNew\\Reports\\20250205_140739\\Login to Swag Labs - Negative Cases\\20250205_140740\\execution0.log"/>
         <property name="attachments" value=""/>
         <property name="hostName" value="ACER - LAPTOP-5GQHVTHK"/>
         <property name="os" value="Windows 11 64bit"/>
         <property name="katalonVersion" value="9.7.4.223"/>
         <property name="browser" value="Chrome 132.0.0.0"/>
         <property name="hostAddress" value="192.168.0.101"/>
         <property name="sessionId" value="6fc76fec7191d172280e0aba2a54b5e6"/>
         <property name="seleniumVersion" value="3.141.59"/>
         <property name="proxyInformation" value="ProxyInformation { proxyOption=NO_PROXY, proxyServerType=HTTP, username=, password=********, proxyServerAddress=, proxyServerPort=0, executionList=&quot;&quot;, isApplyToDesiredCapabilities=true }"/>
         <property name="platform" value="Windows 11"/>
      </properties>
      <testcase name="Test Cases/Negative Cases - Close the prompt message if user want to login - Password not filled" time="13.486" classname="Test Cases/Negative Cases - Close the prompt message if user want to login - Password not filled" status="PASSED">
         <system-out><![CDATA[05-02-2025T14:07:55 - [TEST_CASE][PASSED] - Test Cases/Negative Cases - Close the prompt message if user want to login - Password not filled: Test Cases/Negative Cases - Close the prompt message if user want to login - Password not filled

05-02-2025T14:07:55 - [TEST_STEP][PASSED] - openBrowser(""): Browser is opened with url: ''

05-02-2025T14:07:55 - [MESSAGE][INFO] - Starting 'Chrome' driver

05-02-2025T14:07:56 - [MESSAGE][INFO] - Action delay is set to 0 milliseconds

05-02-2025T14:08:01 - [MESSAGE][PASSED] - Browser is opened with url: ''

05-02-2025T14:08:01 - [TEST_STEP][PASSED] - navigateToUrl("https://www.saucedemo.com/"): Navigate to 'https://www.saucedemo.com/' successfully

05-02-2025T14:08:04 - [MESSAGE][PASSED] - Navigate to 'https://www.saucedemo.com/' successfully

05-02-2025T14:08:04 - [TEST_STEP][PASSED] - setText(findTestObject("Page_Swag Labs/input_Swag Labs_user-name"), "standard_user"): Text 'standard_user' is set on object 'Object Repository/Page_Swag Labs/input_Swag Labs_user-name'

05-02-2025T14:08:06 - [MESSAGE][PASSED] - Text 'standard_user' is set on object 'Object Repository/Page_Swag Labs/input_Swag Labs_user-name'

05-02-2025T14:08:06 - [TEST_STEP][PASSED] - click(findTestObject("Page_Swag Labs/input_Swag Labs_login-button")): Object: 'Object Repository/Page_Swag Labs/input_Swag Labs_login-button' is clicked on

05-02-2025T14:08:07 - [MESSAGE][PASSED] - Object: 'Object Repository/Page_Swag Labs/input_Swag Labs_login-button' is clicked on

05-02-2025T14:08:07 - [TEST_STEP][PASSED] - verifyTextPresent("Epic sadface: Password is required", false): Text 'Epic sadface: Password is required' is present on page 

05-02-2025T14:08:08 - [MESSAGE][PASSED] - Text 'Epic sadface: Password is required' is present on page 

05-02-2025T14:08:08 - [TEST_STEP][PASSED] - click(findTestObject("Page_Swag Labs/path")): Object: 'Object Repository/Page_Swag Labs/path' is clicked on

05-02-2025T14:08:08 - [MESSAGE][PASSED] - Object: 'Object Repository/Page_Swag Labs/path' is clicked on

05-02-2025T14:08:08 - [TEST_STEP][PASSED] - closeBrowser(): Browser is closed

05-02-2025T14:08:08 - [MESSAGE][PASSED] - Browser is closed]]></system-out>
         <system-err><![CDATA[]]></system-err>
      </testcase>
      <system-out><![CDATA[05-02-2025T14:07:55 - [TEST_SUITE][PASSED] - Login to Swag Labs - Negative Cases: Test Cases/Negative Cases - Close the prompt message if user want to login - Password not filled]]></system-out>
      <system-err><![CDATA[]]></system-err>
   </testsuite>
</testsuites>
