<?xml version="1.0" encoding="UTF-8"?>
<testsuites name="Login by Different Account" time="68.597" tests="5" failures="0" errors="0">
   <testsuite name="Login by Different Account" tests="5" failures="0" errors="0" time="68.597" skipped="0" timestamp="02-02-2025T18:14:32" hostname="ACER - LAPTOP-5GQHVTHK" id="Test Suites/Login by Different Account">
      <properties>
         <property name="deviceName" value=""/>
         <property name="devicePlatform"/>
         <property name="logFolder" value="C:\\Users\\ACER\\git\\KatalonGitSwagLabsNew\\Reports\\20250202_181423\\Login by Different Account\\20250202_181423"/>
         <property name="logFiles" value="C:\\Users\\ACER\\git\\KatalonGitSwagLabsNew\\Reports\\20250202_181423\\Login by Different Account\\20250202_181423\\execution0.log"/>
         <property name="attachments" value=""/>
         <property name="hostName" value="ACER - LAPTOP-5GQHVTHK"/>
         <property name="os" value="Windows 11 64bit"/>
         <property name="katalonVersion" value="9.7.4.223"/>
         <property name="browser" value="Chrome 132.0.0.0"/>
         <property name="hostAddress" value="192.168.0.101"/>
         <property name="sessionId" value="6411b0cc6bc38252d78cd74a22d8cdd1"/>
         <property name="seleniumVersion" value="3.141.59"/>
         <property name="proxyInformation" value="ProxyInformation { proxyOption=NO_PROXY, proxyServerType=HTTP, username=, password=********, proxyServerAddress=, proxyServerPort=0, executionList=&quot;&quot;, isApplyToDesiredCapabilities=true }"/>
         <property name="platform" value="Windows 11"/>
      </properties>
      <testcase name="Test Cases/Login by Fifth Account - error_user" time="8.972" classname="Test Cases/Login by Fifth Account - error_user" status="PASSED">
         <system-out><![CDATA[02-02-2025T18:14:32 - [TEST_CASE][PASSED] - Test Cases/Login by Fifth Account - error_user: Test Cases/Login by Fifth Account - error_user

02-02-2025T18:14:33 - [TEST_STEP][PASSED] - openBrowser(""): Browser is opened with url: ''

02-02-2025T18:14:33 - [MESSAGE][INFO] - Starting 'Chrome' driver

02-02-2025T18:14:33 - [MESSAGE][INFO] - Action delay is set to 0 milliseconds

02-02-2025T18:14:36 - [MESSAGE][PASSED] - Browser is opened with url: ''

02-02-2025T18:14:36 - [TEST_STEP][PASSED] - navigateToUrl("https://www.saucedemo.com/"): Navigate to 'https://www.saucedemo.com/' successfully

02-02-2025T18:14:37 - [MESSAGE][PASSED] - Navigate to 'https://www.saucedemo.com/' successfully

02-02-2025T18:14:37 - [TEST_STEP][PASSED] - com.test.swaglabs.CustomLogin.WebLoginFifthAccount(): com.test.swaglabs.CustomLogin.WebLoginFifthAccount is PASSED

02-02-2025T18:14:40 - [MESSAGE][PASSED] - Text 'error_user' is set on object 'Object Repository/Page_Swag Labs/input_Swag Labs_user-name'

02-02-2025T18:14:40 - [MESSAGE][PASSED] - Text ****** has been set on object 'Object Repository/Page_Swag Labs/input_Swag Labs_password'

02-02-2025T18:14:40 - [MESSAGE][PASSED] - Object: 'Object Repository/Page_Swag Labs/input_Swag Labs_login-button' is clicked on

02-02-2025T18:14:40 - [MESSAGE][PASSED] - com.test.swaglabs.CustomLogin.WebLoginFifthAccount is PASSED

02-02-2025T18:14:40 - [TEST_STEP][PASSED] - verifyTextPresent("Products", false): Text 'Products' is present on page 

02-02-2025T18:14:41 - [MESSAGE][PASSED] - Text 'Products' is present on page 

02-02-2025T18:14:41 - [TEST_STEP][PASSED] - closeBrowser(): Browser is closed

02-02-2025T18:14:41 - [MESSAGE][PASSED] - Browser is closed]]></system-out>
         <system-err><![CDATA[]]></system-err>
      </testcase>
      <testcase name="Test Cases/Login by Fourth Account - performance_glitch_user" time="12.367" classname="Test Cases/Login by Fourth Account - performance_glitch_user" status="PASSED">
         <system-out><![CDATA[02-02-2025T18:14:41 - [TEST_CASE][PASSED] - Test Cases/Login by Fourth Account - performance_glitch_user: Test Cases/Login by Fourth Account - performance_glitch_user

02-02-2025T18:14:42 - [TEST_STEP][PASSED] - openBrowser(""): Browser is opened with url: ''

02-02-2025T18:14:42 - [MESSAGE][INFO] - Starting 'Chrome' driver

02-02-2025T18:14:42 - [MESSAGE][INFO] - Action delay is set to 0 milliseconds

02-02-2025T18:14:43 - [MESSAGE][PASSED] - Browser is opened with url: ''

02-02-2025T18:14:43 - [TEST_STEP][PASSED] - navigateToUrl("https://www.saucedemo.com/"): Navigate to 'https://www.saucedemo.com/' successfully

02-02-2025T18:14:43 - [MESSAGE][PASSED] - Navigate to 'https://www.saucedemo.com/' successfully

02-02-2025T18:14:43 - [TEST_STEP][PASSED] - com.test.swaglabs.CustomLogin.WebLoginFourthAccount(): com.test.swaglabs.CustomLogin.WebLoginFourthAccount is PASSED

02-02-2025T18:14:46 - [MESSAGE][PASSED] - Text 'performance_glitch_user' is set on object 'Object Repository/Page_Swag Labs/input_Swag Labs_user-name'

02-02-2025T18:14:46 - [MESSAGE][PASSED] - Text 'secret_sauce' is set on object 'Object Repository/Page_Swag Labs/input_Swag Labs_password'

02-02-2025T18:14:52 - [MESSAGE][PASSED] - Object: 'Object Repository/Page_Swag Labs/input_Swag Labs_login-button' is clicked on

02-02-2025T18:14:52 - [MESSAGE][PASSED] - com.test.swaglabs.CustomLogin.WebLoginFourthAccount is PASSED

02-02-2025T18:14:52 - [TEST_STEP][PASSED] - verifyTextPresent("Add to cart", false): Text 'Add to cart' is present on page 

02-02-2025T18:14:52 - [MESSAGE][PASSED] - Text 'Add to cart' is present on page 

02-02-2025T18:14:52 - [TEST_STEP][PASSED] - closeBrowser(): Browser is closed

02-02-2025T18:14:54 - [MESSAGE][PASSED] - Browser is closed]]></system-out>
         <system-err><![CDATA[]]></system-err>
      </testcase>
      <testcase name="Test Cases/Login by Second Account - locked_out_user" time="35.605" classname="Test Cases/Login by Second Account - locked_out_user" status="PASSED">
         <system-out><![CDATA[02-02-2025T18:14:54 - [TEST_CASE][PASSED] - Test Cases/Login by Second Account - locked_out_user: Test Cases/Login by Second Account - locked_out_user

02-02-2025T18:14:54 - [TEST_STEP][PASSED] - openBrowser(""): Browser is opened with url: ''

02-02-2025T18:14:54 - [MESSAGE][INFO] - Starting 'Chrome' driver

02-02-2025T18:14:54 - [MESSAGE][INFO] - Action delay is set to 0 milliseconds

02-02-2025T18:14:55 - [MESSAGE][PASSED] - Browser is opened with url: ''

02-02-2025T18:14:55 - [TEST_STEP][PASSED] - navigateToUrl("https://www.saucedemo.com/"): Navigate to 'https://www.saucedemo.com/' successfully

02-02-2025T18:14:55 - [MESSAGE][PASSED] - Navigate to 'https://www.saucedemo.com/' successfully

02-02-2025T18:14:55 - [TEST_STEP][PASSED] - com.test.swaglabs.CustomLogin.WebLoginSecondAccount(): com.test.swaglabs.CustomLogin.WebLoginSecondAccount is PASSED

02-02-2025T18:14:58 - [MESSAGE][PASSED] - Text 'locked_out_user' is set on object 'Object Repository/Page_Swag Labs/input_Swag Labs_user-name'

02-02-2025T18:14:58 - [MESSAGE][PASSED] - Text 'secret_sauce' is set on object 'Object Repository/Page_Swag Labs/input_Swag Labs_password'

02-02-2025T18:14:59 - [MESSAGE][PASSED] - Object: 'Object Repository/Page_Swag Labs/input_Swag Labs_login-button' is clicked on

02-02-2025T18:14:59 - [MESSAGE][PASSED] - com.test.swaglabs.CustomLogin.WebLoginSecondAccount is PASSED

02-02-2025T18:14:59 - [TEST_STEP][PASSED] - verifyTextPresent("Epic sadface: Sorry, this user has been locked out.", false): Text 'Epic sadface: Sorry, this user has been locked out.' is present on page 

02-02-2025T18:15:29 - [MESSAGE][PASSED] - Text 'Epic sadface: Sorry, this user has been locked out.' is present on page 

02-02-2025T18:15:29 - [TEST_STEP][PASSED] - closeBrowser(): Browser is closed

02-02-2025T18:15:29 - [MESSAGE][PASSED] - Browser is closed]]></system-out>
         <system-err><![CDATA[]]></system-err>
      </testcase>
      <testcase name="Test Cases/Login by Sixth Account - visual_user" time="5.917" classname="Test Cases/Login by Sixth Account - visual_user" status="PASSED">
         <system-out><![CDATA[02-02-2025T18:15:29 - [TEST_CASE][PASSED] - Test Cases/Login by Sixth Account - visual_user: Test Cases/Login by Sixth Account - visual_user

02-02-2025T18:15:29 - [TEST_STEP][PASSED] - openBrowser(""): Browser is opened with url: ''

02-02-2025T18:15:29 - [MESSAGE][INFO] - Starting 'Chrome' driver

02-02-2025T18:15:29 - [MESSAGE][INFO] - Action delay is set to 0 milliseconds

02-02-2025T18:15:31 - [MESSAGE][PASSED] - Browser is opened with url: ''

02-02-2025T18:15:31 - [TEST_STEP][PASSED] - navigateToUrl("https://www.saucedemo.com/"): Navigate to 'https://www.saucedemo.com/' successfully

02-02-2025T18:15:31 - [MESSAGE][PASSED] - Navigate to 'https://www.saucedemo.com/' successfully

02-02-2025T18:15:31 - [TEST_STEP][PASSED] - com.test.swaglabs.CustomLogin.WebLoginSixthAccount(): com.test.swaglabs.CustomLogin.WebLoginSixthAccount is PASSED

02-02-2025T18:15:33 - [MESSAGE][PASSED] - Text 'visual_user' is set on object 'Object Repository/Page_Swag Labs/input_Swag Labs_user-name'

02-02-2025T18:15:34 - [MESSAGE][PASSED] - Text 'secret_sauce' is set on object 'Object Repository/Page_Swag Labs/input_Swag Labs_password'

02-02-2025T18:15:34 - [MESSAGE][PASSED] - Object: 'Object Repository/Page_Swag Labs/input_Swag Labs_login-button' is clicked on

02-02-2025T18:15:34 - [MESSAGE][PASSED] - com.test.swaglabs.CustomLogin.WebLoginSixthAccount is PASSED

02-02-2025T18:15:34 - [TEST_STEP][PASSED] - verifyElementPresent(findTestObject("Page_Swag Labs/span_Name (A to Z)Name (A to Z)Name (Z to A)Price (low to high)Price (high to low)"), 10): Object 'Object Repository/Page_Swag Labs/span_Name (A to Z)Name (A to Z)Name (Z to A)Price (low to high)Price (high to low)' is present

02-02-2025T18:15:35 - [MESSAGE][PASSED] - Object 'Object Repository/Page_Swag Labs/span_Name (A to Z)Name (A to Z)Name (Z to A)Price (low to high)Price (high to low)' is present

02-02-2025T18:15:35 - [TEST_STEP][PASSED] - closeBrowser(): Browser is closed

02-02-2025T18:15:35 - [MESSAGE][PASSED] - Browser is closed]]></system-out>
         <system-err><![CDATA[]]></system-err>
      </testcase>
      <testcase name="Test Cases/Login by Third Account - problem_user" time="5.513" classname="Test Cases/Login by Third Account - problem_user" status="PASSED">
         <system-out><![CDATA[02-02-2025T18:15:35 - [TEST_CASE][PASSED] - Test Cases/Login by Third Account - problem_user: Test Cases/Login by Third Account - problem_user

02-02-2025T18:15:35 - [TEST_STEP][PASSED] - openBrowser(""): Browser is opened with url: ''

02-02-2025T18:15:35 - [MESSAGE][INFO] - Starting 'Chrome' driver

02-02-2025T18:15:35 - [MESSAGE][INFO] - Action delay is set to 0 milliseconds

02-02-2025T18:15:36 - [MESSAGE][PASSED] - Browser is opened with url: ''

02-02-2025T18:15:36 - [TEST_STEP][PASSED] - navigateToUrl("https://www.saucedemo.com/"): Navigate to 'https://www.saucedemo.com/' successfully

02-02-2025T18:15:37 - [MESSAGE][PASSED] - Navigate to 'https://www.saucedemo.com/' successfully

02-02-2025T18:15:37 - [TEST_STEP][PASSED] - com.test.swaglabs.CustomLogin.WebLoginThirdAccount(): com.test.swaglabs.CustomLogin.WebLoginThirdAccount is PASSED

02-02-2025T18:15:39 - [MESSAGE][PASSED] - Text 'problem_user' is set on object 'Object Repository/Page_Swag Labs/input_Swag Labs_user-name'

02-02-2025T18:15:40 - [MESSAGE][PASSED] - Text ****** has been set on object 'Object Repository/Page_Swag Labs/input_Swag Labs_password'

02-02-2025T18:15:40 - [MESSAGE][PASSED] - Object: 'Object Repository/Page_Swag Labs/input_Swag Labs_login-button' is clicked on

02-02-2025T18:15:40 - [MESSAGE][PASSED] - com.test.swaglabs.CustomLogin.WebLoginThirdAccount is PASSED

02-02-2025T18:15:40 - [TEST_STEP][PASSED] - verifyTextPresent("Add to cart", false): Text 'Add to cart' is present on page 

02-02-2025T18:15:40 - [MESSAGE][PASSED] - Text 'Add to cart' is present on page 

02-02-2025T18:15:40 - [TEST_STEP][PASSED] - closeBrowser(): Browser is closed

02-02-2025T18:15:41 - [MESSAGE][PASSED] - Browser is closed]]></system-out>
         <system-err><![CDATA[]]></system-err>
      </testcase>
      <system-out><![CDATA[02-02-2025T18:14:32 - [TEST_SUITE][PASSED] - Login by Different Account: Test Cases/Login by Third Account - problem_user]]></system-out>
      <system-err><![CDATA[]]></system-err>
   </testsuite>
</testsuites>
