<?xml version="1.0" encoding="UTF-8"?>
<testsuites name="Login to Swag Labs - Negative Cases" time="11.297" tests="1" failures="0" errors="0">
   <testsuite name="Login to Swag Labs - Negative Cases" tests="1" failures="0" errors="0" time="11.297" skipped="0" timestamp="02-02-2025T18:19:25" hostname="ACER - LAPTOP-5GQHVTHK" id="Test Suites/Login to Swag Labs - Negative Cases">
      <properties>
         <property name="deviceName" value=""/>
         <property name="devicePlatform"/>
         <property name="logFolder" value="C:\\Users\\ACER\\git\\KatalonGitSwagLabsNew\\Reports\\20250202_181915\\Login to Swag Labs - Negative Cases\\20250202_181915"/>
         <property name="logFiles" value="C:\\Users\\ACER\\git\\KatalonGitSwagLabsNew\\Reports\\20250202_181915\\Login to Swag Labs - Negative Cases\\20250202_181915\\execution0.log"/>
         <property name="attachments" value=""/>
         <property name="hostName" value="ACER - LAPTOP-5GQHVTHK"/>
         <property name="os" value="Windows 11 64bit"/>
         <property name="katalonVersion" value="9.7.4.223"/>
         <property name="browser" value="Chrome 132.0.0.0"/>
         <property name="hostAddress" value="192.168.0.101"/>
         <property name="sessionId" value="8bc8e4503385ca62b0120709d4324ee4"/>
         <property name="seleniumVersion" value="3.141.59"/>
         <property name="proxyInformation" value="ProxyInformation { proxyOption=NO_PROXY, proxyServerType=HTTP, username=, password=********, proxyServerAddress=, proxyServerPort=0, executionList=&quot;&quot;, isApplyToDesiredCapabilities=true }"/>
         <property name="platform" value="Windows 11"/>
      </properties>
      <testcase name="Test Cases/Negative Cases - Close the prompt message if user want to login - Password not filled" time="11.128" classname="Test Cases/Negative Cases - Close the prompt message if user want to login - Password not filled" status="PASSED">
         <system-out><![CDATA[02-02-2025T18:19:25 - [TEST_CASE][PASSED] - Test Cases/Negative Cases - Close the prompt message if user want to login - Password not filled: Test Cases/Negative Cases - Close the prompt message if user want to login - Password not filled

02-02-2025T18:19:25 - [TEST_STEP][PASSED] - openBrowser(""): Browser is opened with url: ''

02-02-2025T18:19:25 - [MESSAGE][INFO] - Starting 'Chrome' driver

02-02-2025T18:19:25 - [MESSAGE][INFO] - Action delay is set to 0 milliseconds

02-02-2025T18:19:28 - [MESSAGE][PASSED] - Browser is opened with url: ''

02-02-2025T18:19:28 - [TEST_STEP][PASSED] - navigateToUrl("https://www.saucedemo.com/"): Navigate to 'https://www.saucedemo.com/' successfully

02-02-2025T18:19:32 - [MESSAGE][PASSED] - Navigate to 'https://www.saucedemo.com/' successfully

02-02-2025T18:19:32 - [TEST_STEP][PASSED] - setText(findTestObject("Page_Swag Labs/input_Swag Labs_user-name"), "standard_user"): Text 'standard_user' is set on object 'Object Repository/Page_Swag Labs/input_Swag Labs_user-name'

02-02-2025T18:19:34 - [MESSAGE][PASSED] - Text 'standard_user' is set on object 'Object Repository/Page_Swag Labs/input_Swag Labs_user-name'

02-02-2025T18:19:34 - [TEST_STEP][PASSED] - click(findTestObject("Page_Swag Labs/input_Swag Labs_login-button")): Object: 'Object Repository/Page_Swag Labs/input_Swag Labs_login-button' is clicked on

02-02-2025T18:19:35 - [MESSAGE][PASSED] - Object: 'Object Repository/Page_Swag Labs/input_Swag Labs_login-button' is clicked on

02-02-2025T18:19:35 - [TEST_STEP][PASSED] - verifyTextPresent("Epic sadface: Password is required", false): Text 'Epic sadface: Password is required' is present on page 

02-02-2025T18:19:35 - [MESSAGE][PASSED] - Text 'Epic sadface: Password is required' is present on page 

02-02-2025T18:19:35 - [TEST_STEP][PASSED] - click(findTestObject("Page_Swag Labs/path")): Object: 'Object Repository/Page_Swag Labs/path' is clicked on

02-02-2025T18:19:36 - [MESSAGE][PASSED] - Object: 'Object Repository/Page_Swag Labs/path' is clicked on

02-02-2025T18:19:36 - [TEST_STEP][PASSED] - closeBrowser(): Browser is closed

02-02-2025T18:19:36 - [MESSAGE][PASSED] - Browser is closed]]></system-out>
         <system-err><![CDATA[]]></system-err>
      </testcase>
      <system-out><![CDATA[02-02-2025T18:19:25 - [TEST_SUITE][PASSED] - Login to Swag Labs - Negative Cases: Test Cases/Negative Cases - Close the prompt message if user want to login - Password not filled]]></system-out>
      <system-err><![CDATA[]]></system-err>
   </testsuite>
</testsuites>
