<?xml version="1.0" encoding="UTF-8"?>
<testsuites name="Login to Swag Labs - Negative Cases" time="114.693" tests="3" failures="0" errors="0">
   <testsuite name="Login to Swag Labs - Negative Cases" tests="3" failures="0" errors="0" time="114.693" skipped="0" timestamp="28-01-2025T15:31:43" hostname="ACER - LAPTOP-5GQHVTHK" id="Test Suites/Login to Swag Labs - Negative Cases">
      <properties>
         <property name="deviceName" value=""/>
         <property name="devicePlatform"/>
         <property name="logFolder" value="C:\\Users\\ACER\\git\\KatalonGitSwagLabsNew\\Reports\\20250128_153136\\Login to Swag Labs - Negative Cases\\20250128_153137"/>
         <property name="logFiles" value="C:\\Users\\ACER\\git\\KatalonGitSwagLabsNew\\Reports\\20250128_153136\\Login to Swag Labs - Negative Cases\\20250128_153137\\execution0.log"/>
         <property name="attachments" value=""/>
         <property name="hostName" value="ACER - LAPTOP-5GQHVTHK"/>
         <property name="os" value="Windows 11 64bit"/>
         <property name="katalonVersion" value="9.7.4.223"/>
         <property name="browser" value="Chrome 131.0.0.0"/>
         <property name="hostAddress" value="172.20.10.9"/>
         <property name="sessionId" value="9f24c2faf66fbb60b5d8903e139acb46"/>
         <property name="seleniumVersion" value="3.141.59"/>
         <property name="proxyInformation" value="ProxyInformation { proxyOption=NO_PROXY, proxyServerType=HTTP, username=, password=********, proxyServerAddress=, proxyServerPort=0, executionList=&quot;&quot;, isApplyToDesiredCapabilities=true }"/>
         <property name="platform" value="Windows 11"/>
      </properties>
      <testcase name="Test Cases/Negativce Cases - Failed Credential to Login SwagLabs" time="36.521" classname="Test Cases/Negativce Cases - Failed Credential to Login SwagLabs" status="PASSED">
         <system-out><![CDATA[28-01-2025T15:31:44 - [TEST_CASE][PASSED] - Test Cases/Negativce Cases - Failed Credential to Login SwagLabs: Test Cases/Negativce Cases - Failed Credential to Login SwagLabs

28-01-2025T15:31:44 - [TEST_STEP][PASSED] - openBrowser(""): Browser is opened with url: ''

28-01-2025T15:31:44 - [MESSAGE][INFO] - Starting 'Chrome' driver

28-01-2025T15:31:44 - [MESSAGE][INFO] - Action delay is set to 0 milliseconds

28-01-2025T15:31:46 - [MESSAGE][PASSED] - Browser is opened with url: ''

28-01-2025T15:31:46 - [TEST_STEP][PASSED] - navigateToUrl("https://www.saucedemo.com/"): Navigate to 'https://www.saucedemo.com/' successfully

28-01-2025T15:31:47 - [MESSAGE][PASSED] - Navigate to 'https://www.saucedemo.com/' successfully

28-01-2025T15:31:47 - [TEST_STEP][PASSED] - setText(findTestObject("Object Repository/Page_Swag Labs/input_Swag Labs_user-name"), "nitsha"): Text 'nitsha' is set on object 'Object Repository/Page_Swag Labs/input_Swag Labs_user-name'

28-01-2025T15:31:49 - [MESSAGE][PASSED] - Text 'nitsha' is set on object 'Object Repository/Page_Swag Labs/input_Swag Labs_user-name'

28-01-2025T15:31:49 - [TEST_STEP][PASSED] - setEncryptedText(findTestObject("Object Repository/Page_Swag Labs/input_Swag Labs_password"), "qcu24s4901FyWDTwXGr6XA=="): Text ****** has been set on object 'Object Repository/Page_Swag Labs/input_Swag Labs_password'

28-01-2025T15:31:49 - [MESSAGE][PASSED] - Text ****** has been set on object 'Object Repository/Page_Swag Labs/input_Swag Labs_password'

28-01-2025T15:31:49 - [TEST_STEP][PASSED] - click(findTestObject("Object Repository/Page_Swag Labs/input_Swag Labs_login-button")): Object: 'Object Repository/Page_Swag Labs/input_Swag Labs_login-button' is clicked on

28-01-2025T15:31:50 - [MESSAGE][PASSED] - Object: 'Object Repository/Page_Swag Labs/input_Swag Labs_login-button' is clicked on

28-01-2025T15:31:50 - [TEST_STEP][PASSED] - verifyTextPresent("Epic sadface: Username and password do not match any user in this service", false): Text 'Epic sadface: Username and password do not match any user in this service' is present on page 

28-01-2025T15:32:20 - [MESSAGE][PASSED] - Text 'Epic sadface: Username and password do not match any user in this service' is present on page 

28-01-2025T15:32:20 - [TEST_STEP][PASSED] - closeBrowser(): Browser is closed

28-01-2025T15:32:20 - [MESSAGE][PASSED] - Browser is closed]]></system-out>
         <system-err><![CDATA[]]></system-err>
      </testcase>
      <testcase name="Test Cases/Negative Cases - Close the prompt message if user want to login - Password not filled" time="39.538" classname="Test Cases/Negative Cases - Close the prompt message if user want to login - Password not filled" status="PASSED">
         <system-out><![CDATA[28-01-2025T15:32:20 - [TEST_CASE][PASSED] - Test Cases/Negative Cases - Close the prompt message if user want to login - Password not filled: Test Cases/Negative Cases - Close the prompt message if user want to login - Password not filled

28-01-2025T15:32:20 - [TEST_STEP][PASSED] - openBrowser(""): Browser is opened with url: ''

28-01-2025T15:32:20 - [MESSAGE][INFO] - Starting 'Chrome' driver

28-01-2025T15:32:20 - [MESSAGE][INFO] - Action delay is set to 0 milliseconds

28-01-2025T15:32:21 - [MESSAGE][PASSED] - Browser is opened with url: ''

28-01-2025T15:32:21 - [TEST_STEP][PASSED] - navigateToUrl("https://www.saucedemo.com/"): Navigate to 'https://www.saucedemo.com/' successfully

28-01-2025T15:32:22 - [MESSAGE][PASSED] - Navigate to 'https://www.saucedemo.com/' successfully

28-01-2025T15:32:22 - [TEST_STEP][PASSED] - setText(findTestObject("Page_Swag Labs/input_Swag Labs_user-name"), "standard_user"): Text 'standard_user' is set on object 'Object Repository/Page_Swag Labs/input_Swag Labs_user-name'

28-01-2025T15:32:24 - [MESSAGE][PASSED] - Text 'standard_user' is set on object 'Object Repository/Page_Swag Labs/input_Swag Labs_user-name'

28-01-2025T15:32:24 - [TEST_STEP][PASSED] - click(findTestObject("Page_Swag Labs/input_Swag Labs_login-button")): Object: 'Object Repository/Page_Swag Labs/input_Swag Labs_login-button' is clicked on

28-01-2025T15:32:25 - [MESSAGE][PASSED] - Object: 'Object Repository/Page_Swag Labs/input_Swag Labs_login-button' is clicked on

28-01-2025T15:32:25 - [TEST_STEP][PASSED] - verifyTextPresent("Epic sadface: Password is required", false): Text 'Epic sadface: Password is required' is present on page 

28-01-2025T15:32:25 - [MESSAGE][PASSED] - Text 'Epic sadface: Password is required' is present on page 

28-01-2025T15:32:25 - [TEST_STEP][PASSED] - click(findTestObject("Page_Swag Labs/path")): Object: 'Object Repository/Page_Swag Labs/path' is clicked on

28-01-2025T15:32:57 - [MESSAGE][INFO] - Unable to find the element located by 'By.xpath: '. Please recheck the objects properties to make sure the desired element is located. 

28-01-2025T15:32:57 - [MESSAGE][WARNING] - [SELF-HEALING] Failed to find element with id 'Object Repository/Page_Swag Labs/path'. Try using Self-healing.

28-01-2025T15:32:59 - [MESSAGE][INFO] - [SELF-HEALING] No working XPath is found.

28-01-2025T15:32:59 - [MESSAGE][INFO] - [SELF-HEALING] Screenshot: C:/Users/ACER/git/KatalonGitSwagLabsNew/Reports/Self-healing/Object Repository/Page_Swag Labs/path_SMART_LOCATOR.png

28-01-2025T15:32:59 - [MESSAGE][WARNING] - [SELF-HEALING] The current locator of test object 'Object Repository/Page_Swag Labs/path' was broken. Propose an alternative one: '[data-test="error-button"]'.

28-01-2025T15:32:59 - [MESSAGE][PASSED] - Object: 'Object Repository/Page_Swag Labs/path' is clicked on

28-01-2025T15:32:59 - [TEST_STEP][PASSED] - closeBrowser(): Browser is closed

28-01-2025T15:33:00 - [MESSAGE][PASSED] - Browser is closed]]></system-out>
         <system-err><![CDATA[]]></system-err>
      </testcase>
      <testcase name="Test Cases/Negative Cases - Failed Credential to Login and Close the prompt message - Username is not filled" time="38.465" classname="Test Cases/Negative Cases - Failed Credential to Login and Close the prompt message - Username is not filled" status="PASSED">
         <system-out><![CDATA[28-01-2025T15:33:00 - [TEST_CASE][PASSED] - Test Cases/Negative Cases - Failed Credential to Login and Close the prompt message - Username is not filled: Test Cases/Negative Cases - Failed Credential to Login and Close the prompt message - Username is not filled

28-01-2025T15:33:00 - [TEST_STEP][PASSED] - openBrowser(""): Browser is opened with url: ''

28-01-2025T15:33:00 - [MESSAGE][INFO] - Starting 'Chrome' driver

28-01-2025T15:33:00 - [MESSAGE][INFO] - Action delay is set to 0 milliseconds

28-01-2025T15:33:01 - [MESSAGE][PASSED] - Browser is opened with url: ''

28-01-2025T15:33:01 - [TEST_STEP][PASSED] - navigateToUrl("https://www.saucedemo.com/"): Navigate to 'https://www.saucedemo.com/' successfully

28-01-2025T15:33:01 - [MESSAGE][PASSED] - Navigate to 'https://www.saucedemo.com/' successfully

28-01-2025T15:33:01 - [TEST_STEP][PASSED] - setText(findTestObject("Object Repository/Page_Swag Labs/input_Swag Labs_password"), "secret_sauce"): Text 'secret_sauce' is set on object 'Object Repository/Page_Swag Labs/input_Swag Labs_password'

28-01-2025T15:33:03 - [MESSAGE][PASSED] - Text 'secret_sauce' is set on object 'Object Repository/Page_Swag Labs/input_Swag Labs_password'

28-01-2025T15:33:03 - [TEST_STEP][PASSED] - click(findTestObject("Page_Swag Labs/input_Swag Labs_login-button")): Object: 'Object Repository/Page_Swag Labs/input_Swag Labs_login-button' is clicked on

28-01-2025T15:33:04 - [MESSAGE][PASSED] - Object: 'Object Repository/Page_Swag Labs/input_Swag Labs_login-button' is clicked on

28-01-2025T15:33:04 - [TEST_STEP][PASSED] - verifyTextPresent("Epic sadface: Username is required", false): Text 'Epic sadface: Username is required' is present on page 

28-01-2025T15:33:04 - [MESSAGE][PASSED] - Text 'Epic sadface: Username is required' is present on page 

28-01-2025T15:33:04 - [TEST_STEP][PASSED] - click(findTestObject("Page_Swag Labs/path")): Object: 'Object Repository/Page_Swag Labs/path' is clicked on

28-01-2025T15:33:36 - [MESSAGE][INFO] - Unable to find the element located by 'By.xpath: '. Please recheck the objects properties to make sure the desired element is located. 

28-01-2025T15:33:36 - [MESSAGE][WARNING] - [SELF-HEALING] Failed to find element with id 'Object Repository/Page_Swag Labs/path'. Try using Self-healing.

28-01-2025T15:33:38 - [MESSAGE][INFO] - [SELF-HEALING] No working XPath is found.

28-01-2025T15:33:38 - [MESSAGE][INFO] - [SELF-HEALING] Screenshot: C:/Users/ACER/git/KatalonGitSwagLabsNew/Reports/Self-healing/Object Repository/Page_Swag Labs/path_SMART_LOCATOR.png

28-01-2025T15:33:38 - [MESSAGE][WARNING] - [SELF-HEALING] The current locator of test object 'Object Repository/Page_Swag Labs/path' was broken. Propose an alternative one: '[data-test="error-button"]'.

28-01-2025T15:33:38 - [MESSAGE][PASSED] - Object: 'Object Repository/Page_Swag Labs/path' is clicked on

28-01-2025T15:33:38 - [TEST_STEP][PASSED] - closeBrowser(): Browser is closed

28-01-2025T15:33:38 - [MESSAGE][PASSED] - Browser is closed]]></system-out>
         <system-err><![CDATA[]]></system-err>
      </testcase>
      <system-out><![CDATA[28-01-2025T15:31:43 - [TEST_SUITE][PASSED] - Login to Swag Labs - Negative Cases: Test Cases/Negative Cases - Failed Credential to Login and Close the prompt message - Username is not filled]]></system-out>
      <system-err><![CDATA[]]></system-err>
   </testsuite>
</testsuites>
