<?xml version="1.0" encoding="UTF-8"?>
<testsuites name="Login to Swag Labs - Positive Cases" time="21.104" tests="2" failures="0" errors="0">
   <testsuite name="Login to Swag Labs - Positive Cases" tests="2" failures="0" errors="0" time="21.104" skipped="0" timestamp="30-01-2025T20:26:30" hostname="ACER - LAPTOP-5GQHVTHK" id="Test Suites/Login to Swag Labs - Positive Cases">
      <properties>
         <property name="deviceName" value=""/>
         <property name="devicePlatform"/>
         <property name="logFolder" value="C:\\Users\\ACER\\git\\KatalonGitSwagLabsNew\\Reports\\20250130_202506\\Login to Swag Labs - Positive Cases\\20250130_202512"/>
         <property name="logFiles" value="C:\\Users\\ACER\\git\\KatalonGitSwagLabsNew\\Reports\\20250130_202506\\Login to Swag Labs - Positive Cases\\20250130_202512\\execution0.log"/>
         <property name="attachments" value=""/>
         <property name="hostName" value="ACER - LAPTOP-5GQHVTHK"/>
         <property name="os" value="Windows 11 64bit"/>
         <property name="katalonVersion" value="10.0.1.223"/>
         <property name="browser" value="Chrome 132.0.0.0"/>
         <property name="hostAddress" value="192.168.0.101"/>
         <property name="sessionId" value="713daf7831373b8a07a2bc017a840be3"/>
         <property name="seleniumVersion" value="4.22.0"/>
         <property name="proxyInformation" value="ProxyInformation { proxyOption=NO_PROXY, proxyServerType=HTTP, username=, password=********, proxyServerAddress=, proxyServerPort=0, executionList=&quot;&quot;, isApplyToDesiredCapabilities=true }"/>
         <property name="platform" value="Windows 11"/>
      </properties>
      <testcase name="Test Cases/Positive Cases - Login with first account - standard_user" time="10.37" classname="Test Cases/Positive Cases - Login with first account - standard_user" status="PASSED">
         <system-out><![CDATA[30-01-2025T20:26:30 - [TEST_CASE][PASSED] - Test Cases/Positive Cases - Login with first account - standard_user: Test Cases/Positive Cases - Login with first account - standard_user

30-01-2025T20:26:30 - [TEST_STEP][PASSED] - openBrowser(""): Browser is opened with url: ''

30-01-2025T20:26:30 - [MESSAGE][INFO] - Starting 'Chrome' driver

30-01-2025T20:26:31 - [MESSAGE][INFO] - Action delay is set to 0 milliseconds

30-01-2025T20:26:33 - [MESSAGE][PASSED] - Browser is opened with url: ''

30-01-2025T20:26:33 - [TEST_STEP][PASSED] - navigateToUrl("https://www.saucedemo.com/"): Navigate to 'https://www.saucedemo.com/' successfully

30-01-2025T20:26:38 - [MESSAGE][PASSED] - Navigate to 'https://www.saucedemo.com/' successfully

30-01-2025T20:26:38 - [TEST_STEP][PASSED] - com.test.swaglabs.CustomLogin.WebLoginFirstAccount(): com.test.swaglabs.CustomLogin.WebLoginFirstAccount is PASSED

30-01-2025T20:26:39 - [MESSAGE][PASSED] - Text 'standard_user' is set on object 'Object Repository/Page_Swag Labs/input_Swag Labs_user-name'

30-01-2025T20:26:39 - [MESSAGE][PASSED] - Text ****** has been set on object 'Object Repository/Page_Swag Labs/input_Swag Labs_password'

30-01-2025T20:26:40 - [MESSAGE][PASSED] - Object: 'Object Repository/Page_Swag Labs/input_Swag Labs_login-button' is clicked on

30-01-2025T20:26:40 - [MESSAGE][PASSED] - com.test.swaglabs.CustomLogin.WebLoginFirstAccount is PASSED

30-01-2025T20:26:40 - [TEST_STEP][NOT_RUN] - setText(findTestObject("Page_Swag Labs/input_Swag Labs_user-name"), "standard_user"): NOT_RUN: setText(findTestObject("Page_Swag Labs/input_Swag Labs_user-name"), "standard_user")

30-01-2025T20:26:40 - [MESSAGE][NOT_RUN] - NOT_RUN: setText(findTestObject("Page_Swag Labs/input_Swag Labs_user-name"), "standard_user")

30-01-2025T20:26:40 - [TEST_STEP][NOT_RUN] - setEncryptedText(findTestObject("Page_Swag Labs/input_Swag Labs_password"), "qcu24s4901FyWDTwXGr6XA=="): NOT_RUN: setEncryptedText(findTestObject("Page_Swag Labs/input_Swag Labs_password"), "qcu24s4901FyWDTwXGr6XA==")

30-01-2025T20:26:40 - [MESSAGE][NOT_RUN] - NOT_RUN: setEncryptedText(findTestObject("Page_Swag Labs/input_Swag Labs_password"), "qcu24s4901FyWDTwXGr6XA==")

30-01-2025T20:26:40 - [TEST_STEP][NOT_RUN] - click(findTestObject("Page_Swag Labs/input_Swag Labs_login-button")): NOT_RUN: click(findTestObject("Page_Swag Labs/input_Swag Labs_login-button"))

30-01-2025T20:26:40 - [MESSAGE][NOT_RUN] - NOT_RUN: click(findTestObject("Page_Swag Labs/input_Swag Labs_login-button"))

30-01-2025T20:26:40 - [TEST_STEP][PASSED] - verifyTextPresent("Products", false): Text 'Products' is present on page 

30-01-2025T20:26:40 - [MESSAGE][PASSED] - Text 'Products' is present on page 

30-01-2025T20:26:40 - [TEST_STEP][PASSED] - closeBrowser(): Browser is closed

30-01-2025T20:26:40 - [MESSAGE][PASSED] - Browser is closed]]></system-out>
         <system-err><![CDATA[]]></system-err>
      </testcase>
      <testcase name="Test Cases/Positive Cases - Login SwagLabs" time="10.549" classname="Test Cases/Positive Cases - Login SwagLabs" status="PASSED">
         <system-out><![CDATA[30-01-2025T20:26:40 - [TEST_CASE][PASSED] - Test Cases/Positive Cases - Login SwagLabs: Test Cases/Positive Cases - Login SwagLabs

30-01-2025T20:26:40 - [TEST_STEP][PASSED] - openBrowser(""): Browser is opened with url: ''

30-01-2025T20:26:40 - [MESSAGE][INFO] - Starting 'Chrome' driver

30-01-2025T20:26:40 - [MESSAGE][INFO] - Action delay is set to 0 milliseconds

30-01-2025T20:26:42 - [MESSAGE][PASSED] - Browser is opened with url: ''

30-01-2025T20:26:42 - [TEST_STEP][PASSED] - navigateToUrl("https://www.saucedemo.com/"): Navigate to 'https://www.saucedemo.com/' successfully

30-01-2025T20:26:47 - [MESSAGE][PASSED] - Navigate to 'https://www.saucedemo.com/' successfully

30-01-2025T20:26:47 - [TEST_STEP][PASSED] - setText(findTestObject("Object Repository/Page_Swag Labs/input_Swag Labs_user-name"), "standard_user"): Text 'standard_user' is set on object 'Object Repository/Page_Swag Labs/input_Swag Labs_user-name'

30-01-2025T20:26:49 - [MESSAGE][PASSED] - Text 'standard_user' is set on object 'Object Repository/Page_Swag Labs/input_Swag Labs_user-name'

30-01-2025T20:26:49 - [TEST_STEP][PASSED] - setEncryptedText(findTestObject("Object Repository/Page_Swag Labs/input_Swag Labs_password"), "qcu24s4901FyWDTwXGr6XA=="): Text ****** has been set on object 'Object Repository/Page_Swag Labs/input_Swag Labs_password'

30-01-2025T20:26:50 - [MESSAGE][PASSED] - Text ****** has been set on object 'Object Repository/Page_Swag Labs/input_Swag Labs_password'

30-01-2025T20:26:50 - [TEST_STEP][PASSED] - click(findTestObject("Object Repository/Page_Swag Labs/input_Swag Labs_login-button")): Object: 'Object Repository/Page_Swag Labs/input_Swag Labs_login-button' is clicked on

30-01-2025T20:26:50 - [MESSAGE][PASSED] - Object: 'Object Repository/Page_Swag Labs/input_Swag Labs_login-button' is clicked on

30-01-2025T20:26:50 - [TEST_STEP][PASSED] - verifyTextPresent("Products", false): Text 'Products' is present on page 

30-01-2025T20:26:51 - [MESSAGE][PASSED] - Text 'Products' is present on page 

30-01-2025T20:26:51 - [TEST_STEP][PASSED] - closeBrowser(): Browser is closed

30-01-2025T20:26:51 - [MESSAGE][PASSED] - Browser is closed]]></system-out>
         <system-err><![CDATA[]]></system-err>
      </testcase>
      <system-out><![CDATA[30-01-2025T20:26:30 - [TEST_SUITE][PASSED] - Login to Swag Labs - Positive Cases: Test Cases/Positive Cases - Login SwagLabs]]></system-out>
      <system-err><![CDATA[]]></system-err>
   </testsuite>
</testsuites>
