<?xml version="1.0" encoding="UTF-8"?>
<testsuites name="Login to Swag Labs - Negative Cases" time="194.41" tests="3" failures="0" errors="0">
   <testsuite name="Login to Swag Labs - Negative Cases" tests="3" failures="0" errors="0" time="194.41" skipped="0" timestamp="01-02-2025T12:50:48" hostname="ACER - LAPTOP-5GQHVTHK" id="Test Suites/Login to Swag Labs - Negative Cases">
      <properties>
[...]
</properties>
      <testcase name="Test Cases/Negative Cases - Failed Credential to Login SwagLabs" time="62.17" classname="Test Cases/Negative Cases - Failed Credential to Login SwagLabs" status="PASSED">
         <system-out><![CDATA[01-02-2025T12:50:48 - [TEST_CASE][PASSED] - Test Cases/Negative Cases - Failed Credential to Login SwagLabs: Test Cases/Negative Cases - Failed Credential to Login SwagLabs

01-02-2025T12:50:49 - [TEST_STEP][PASSED] - openBrowser(""): Browser is opened with url: ''

01-02-2025T12:50:49 - [MESSAGE][INFO] - User set preference: ['os', 'windows']

01-02-2025T12:50:49 - [MESSAGE][INFO] - User set preference: ['browserVersion', '132']

01-02-2025T12:50:49 - [MESSAGE][INFO] - User set preference: ['browserName', 'chrome']

01-02-2025T12:50:49 - [MESSAGE][INFO] - User set preference: ['katalon:option', '{organizationId=1906073, usingTunnel=false}']

01-02-2025T12:50:49 - [MESSAGE][INFO] - Connecting to remote web server 'testcloud.katalon.com/hub' with type 'Selenium'

01-02-2025T12:50:49 - [MESSAGE][INFO] - Action delay is set to 0 milliseconds

01-02-2025T12:51:11 - [MESSAGE][PASSED] - Browser is opened with url: ''

01-02-2025T12:51:11 - [TEST_STEP][PASSED] - navigateToUrl("https://www.saucedemo.com/"): Navigate to 'https://www.saucedemo.com/' successfully

01-02-2025T12:51:12 - [MESSAGE][PASSED] - Navigate to 'https://www.saucedemo.com/' successfully

01-02-2025T12:51:12 - [TEST_STEP][PASSED] - setText(findTestObject("Object Repository/Page_Swag Labs/input_Swag Labs_user-name"), "nitsha"): Text 'nitsha' is set on object 'Object Repository/Page_Swag Labs/input_Swag Labs_user-name'

01-02-2025T12:51:15 - [MESSAGE][PASSED] - Text 'nitsha' is set on object 'Object Repository/Page_Swag Labs/input_Swag Labs_user-name'

01-02-2025T12:51:15 - [TEST_STEP][PASSED] - setEncryptedText(findTestObject("Object Repository/Page_Swag Labs/input_Swag Labs_password"), "qcu24s4901FyWDTwXGr6XA=="): Text ****** has been set on object 'Object Repository/Page_Swag Labs/input_Swag Labs_password'

01-02-2025T12:51:17 - [MESSAGE][PASSED] - Text ****** has been set on object 'Object Repository/Page_Swag Labs/input_Swag Labs_password'

01-02-2025T12:51:17 - [TEST_STEP][PASSED] - click(findTestObject("Object Repository/Page_Swag Labs/input_Swag Labs_login-button")): Object: 'Object Repository/Page_Swag Labs/input_Swag Labs_login-button' is clicked on

01-02-2025T12:51:19 - [MESSAGE][PASSED] - Object: 'Object Repository/Page_Swag Labs/input_Swag Labs_login-button' is clicked on

01-02-2025T12:51:19 - [TEST_STEP][PASSED] - verifyTextPresent("Epic sadface: Username and password do not match any user in this service", false): Text 'Epic sadface: Username and password do not match any user in this service' is present on page 

01-02-2025T12:51:50 - [MESSAGE][PASSED] - Text 'Epic sadface: Username and password do not match any user in this service' is present on page 

01-02-2025T12:51:50 - [TEST_STEP][PASSED] - closeBrowser(): Browser is closed

01-02-2025T12:51:51 - [MESSAGE][PASSED] - Browser is closed]]></system-out>
         <system-err><![CDATA[]]></system-err>
      </testcase>
      <testcase name="Test Cases/Negative Cases - Close the prompt message if user want to login - Password not filled" time="66.931" classname="Test Cases/Negative Cases - Close the prompt message if user want to login - Password not filled" status="PASSED">
         <system-out><![CDATA[01-02-2025T12:51:51 - [TEST_CASE][PASSED] - Test Cases/Negative Cases - Close the prompt message if user want to login - Password not filled: Test Cases/Negative Cases - Close the prompt message if user want to login - Password not filled

01-02-2025T12:51:51 - [TEST_STEP][PASSED] - openBrowser(""): Browser is opened with url: ''

01-02-2025T12:51:51 - [MESSAGE][INFO] - User set preference: ['os', 'windows']

01-02-2025T12:51:51 - [MESSAGE][INFO] - User set preference: ['browserVersion', '132']

01-02-2025T12:51:51 - [MESSAGE][INFO] - User set preference: ['browserName', 'chrome']

01-02-2025T12:51:51 - [MESSAGE][INFO] - User set preference: ['katalon:option', '{organizationId=1906073, usingTunnel=false}']

01-02-2025T12:51:51 - [MESSAGE][INFO] - Connecting to remote web server 'testcloud.katalon.com/hub' with type 'Selenium'

01-02-2025T12:51:51 - [MESSAGE][INFO] - Action delay is set to 0 milliseconds

01-02-2025T12:52:12 - [MESSAGE][PASSED] - Browser is opened with url: ''

01-02-2025T12:52:12 - [TEST_STEP][PASSED] - navigateToUrl("https://www.saucedemo.com/"): Navigate to 'https://www.saucedemo.com/' successfully

01-02-2025T12:52:13 - [MESSAGE][PASSED] - Navigate to 'https://www.saucedemo.com/' successfully

01-02-2025T12:52:13 - [TEST_STEP][PASSED] - setText(findTestObject("Page_Swag Labs/input_Swag Labs_user-name"), "standard_user"): Text 'standard_user' is set on object 'Object Repository/Page_Swag Labs/input_Swag Labs_user-name'

01-02-2025T12:52:16 - [MESSAGE][PASSED] - Text 'standard_user' is set on object 'Object Repository/Page_Swag Labs/input_Swag Labs_user-name'

01-02-2025T12:52:16 - [TEST_STEP][PASSED] - click(findTestObject("Page_Swag Labs/input_Swag Labs_login-button")): Object: 'Object Repository/Page_Swag Labs/input_Swag Labs_login-button' is clicked on

01-02-2025T12:52:18 - [MESSAGE][PASSED] - Object: 'Object Repository/Page_Swag Labs/input_Swag Labs_login-button' is clicked on

01-02-2025T12:52:18 - [TEST_STEP][PASSED] - verifyTextPresent("Epic sadface: Password is required", false): Text 'Epic sadface: Password is required' is present on page 

01-02-2025T12:52:19 - [MESSAGE][PASSED] - Text 'Epic sadface: Password is required' is present on page 

01-02-2025T12:52:19 - [TEST_STEP][PASSED] - click(findTestObject("Page_Swag Labs/path")): Object: 'Object Repository/Page_Swag Labs/path' is clicked on

01-02-2025T12:52:50 - [MESSAGE][WARNING] - [SELF-HEALING] Failed to find element with id 'Object Repository/Page_Swag Labs/path'. Try using Self-healing.

01-02-2025T12:52:52 - [MESSAGE][INFO] - Unable to find the element located by 'By.xpath: '. Please recheck the objects properties to make sure the desired element is located. 

01-02-2025T12:52:53 - [MESSAGE][INFO] - [SELF-HEALING] No working XPath is found.

01-02-2025T12:52:54 - [MESSAGE][INFO] - Unable to find the element located by 'By.xpath: id("login_button_container")/div[@class="login-box"]/form[1]/div[@class="error-message-container error"]/h3[1]/button[@class="error-button"]/svg[@class="svg-inline--fa fa-times fa-w-11"]/path[1]'. Please recheck the objects properties to make sure the desired element is located. 

01-02-2025T12:52:56 - [MESSAGE][INFO] - [SELF-HEALING] Screenshot: C:/Users/ACER/git/KatalonGitSwagLabsNew/Reports/Self-healing/Object Repository/Page_Swag Labs/path_CSS.png

01-02-2025T12:52:56 - [MESSAGE][WARNING] - [SELF-HEALING] The current locator of test object 'Object Repository/Page_Swag Labs/path' was broken. Propose an alternative one: 'svg.svg-inline--fa.fa-times.fa-w-11 > path'.

01-02-2025T12:52:56 - [MESSAGE][PASSED] - Object: 'Object Repository/Page_Swag Labs/path' is clicked on

01-02-2025T12:52:56 - [TEST_STEP][PASSED] - closeBrowser(): Browser is closed

01-02-2025T12:52:57 - [MESSAGE][PASSED] - Browser is closed]]></system-out>
         <system-err><![CDATA[]]></system-err>
      </testcase>
      <testcase name="Test Cases/Negative Cases - Failed Credential to Login and Close the prompt message - Username is not filled" time="65.137" classname="Test Cases/Negative Cases - Failed Credential to Login and Close the prompt message - Username is not filled" status="PASSED">
         <system-out><![CDATA[01-02-2025T12:52:58 - [TEST_CASE][PASSED] - Test Cases/Negative Cases - Failed Credential to Login and Close the prompt message - Username is not filled: Test Cases/Negative Cases - Failed Credential to Login and Close the prompt message - Username is not filled

01-02-2025T12:52:58 - [TEST_STEP][PASSED] - openBrowser(""): Browser is opened with url: ''

01-02-2025T12:52:58 - [MESSAGE][INFO] - User set preference: ['os', 'windows']

01-02-2025T12:52:58 - [MESSAGE][INFO] - User set preference: ['browserVersion', '132']

01-02-2025T12:52:58 - [MESSAGE][INFO] - User set preference: ['browserName', 'chrome']

01-02-2025T12:52:58 - [MESSAGE][INFO] - User set preference: ['katalon:option', '{organizationId=1906073, usingTunnel=false}']

01-02-2025T12:52:58 - [MESSAGE][INFO] - Connecting to remote web server 'testcloud.katalon.com/hub' with type 'Selenium'

01-02-2025T12:52:58 - [MESSAGE][INFO] - Action delay is set to 0 milliseconds

01-02-2025T12:53:19 - [MESSAGE][PASSED] - Browser is opened with url: ''

01-02-2025T12:53:19 - [TEST_STEP][PASSED] - navigateToUrl("https://www.saucedemo.com/"): Navigate to 'https://www.saucedemo.com/' successfully

01-02-2025T12:53:20 - [MESSAGE][PASSED] - Navigate to 'https://www.saucedemo.com/' successfully

01-02-2025T12:53:20 - [TEST_STEP][PASSED] - setText(findTestObject("Object Repository/Page_Swag Labs/input_Swag Labs_password"), "secret_sauce"): Text 'secret_sauce' is set on object 'Object Repository/Page_Swag Labs/input_Swag Labs_password'

01-02-2025T12:53:23 - [MESSAGE][PASSED] - Text 'secret_sauce' is set on object 'Object Repository/Page_Swag Labs/input_Swag Labs_password'

01-02-2025T12:53:23 - [TEST_STEP][PASSED] - click(findTestObject("Page_Swag Labs/input_Swag Labs_login-button")): Object: 'Object Repository/Page_Swag Labs/input_Swag Labs_login-button' is clicked on

01-02-2025T12:53:25 - [MESSAGE][PASSED] - Object: 'Object Repository/Page_Swag Labs/input_Swag Labs_login-button' is clicked on

01-02-2025T12:53:25 - [TEST_STEP][PASSED] - verifyTextPresent("Epic sadface: Username is required", false): Text 'Epic sadface: Username is required' is present on page 

01-02-2025T12:53:29 - [MESSAGE][PASSED] - Text 'Epic sadface: Username is required' is present on page 

01-02-2025T12:53:29 - [TEST_STEP][PASSED] - click(findTestObject("Page_Swag Labs/path")): Object: 'Object Repository/Page_Swag Labs/path' is clicked on

01-02-2025T12:54:00 - [MESSAGE][WARNING] - [SELF-HEALING] Failed to find element with id 'Object Repository/Page_Swag Labs/path'. Try using Self-healing.

01-02-2025T12:54:01 - [MESSAGE][WARNING] - [SELF-HEALING] The current locator of test object 'Object Repository/Page_Swag Labs/path' was broken. Propose an alternative one: 'svg.svg-inline--fa.fa-times.fa-w-11 > path'.

01-02-2025T12:54:02 - [MESSAGE][PASSED] - Object: 'Object Repository/Page_Swag Labs/path' is clicked on

01-02-2025T12:54:02 - [TEST_STEP][PASSED] - closeBrowser(): Browser is closed

01-02-2025T12:54:03 - [MESSAGE][PASSED] - Browser is closed]]></system-out>
         <system-err><![CDATA[]]></system-err>
      </testcase>
      <system-out><![CDATA[01-02-2025T12:50:48 - [TEST_SUITE][PASSED] - Login to Swag Labs - Negative Cases: Test Cases/Negative Cases - Failed Credential to Login and Close the prompt message - Username is not filled]]></system-out>
      <system-err><![CDATA[]]></system-err>
   </testsuite>
</testsuites>
