<?xml version="1.0" encoding="UTF-8"?>
<testsuites name="Sorting" time="35.911" tests="4" failures="0" errors="0">
   <testsuite name="Sorting" tests="4" failures="0" errors="0" time="35.911" skipped="0" timestamp="06-02-2025T14:31:08" hostname="ACER - LAPTOP-5GQHVTHK" id="Test Suites/Sorting">
      <properties>
         <property name="deviceName" value=""/>
         <property name="devicePlatform"/>
         <property name="logFolder" value="C:\\Users\\ACER\\git\\KatalonGitSwagLabsNew\\Reports\\20250206_143055\\Sorting\\20250206_143056"/>
         <property name="logFiles" value="C:\\Users\\ACER\\git\\KatalonGitSwagLabsNew\\Reports\\20250206_143055\\Sorting\\20250206_143056\\execution0.log"/>
         <property name="attachments" value=""/>
         <property name="hostName" value="ACER - LAPTOP-5GQHVTHK"/>
         <property name="os" value="Windows 11 64bit"/>
         <property name="katalonVersion" value="9.7.4.223"/>
         <property name="browser" value="Chrome 132.0.0.0"/>
         <property name="hostAddress" value="192.168.0.101"/>
         <property name="sessionId" value="ec9c6b612c83244d79d028c90f88df6b"/>
         <property name="seleniumVersion" value="3.141.59"/>
         <property name="proxyInformation" value="ProxyInformation { proxyOption=NO_PROXY, proxyServerType=HTTP, username=, password=********, proxyServerAddress=, proxyServerPort=0, executionList=&quot;&quot;, isApplyToDesiredCapabilities=true }"/>
         <property name="platform" value="Windows 11"/>
      </properties>
      <testcase name="Test Cases/Positive Cases - Sorting - Name(A to Z)" time="14.168" classname="Test Cases/Positive Cases - Sorting - Name(A to Z)" status="PASSED">
         <system-out><![CDATA[06-02-2025T14:31:08 - [TEST_CASE][PASSED] - Test Cases/Positive Cases - Sorting - Name(A to Z): Test Cases/Positive Cases - Sorting - Name(A to Z)

06-02-2025T14:31:09 - [TEST_STEP][PASSED] - openBrowser(""): Browser is opened with url: ''

06-02-2025T14:31:10 - [MESSAGE][INFO] - Starting 'Chrome' driver

06-02-2025T14:31:10 - [MESSAGE][INFO] - Action delay is set to 0 milliseconds

06-02-2025T14:31:16 - [MESSAGE][PASSED] - Browser is opened with url: ''

06-02-2025T14:31:16 - [TEST_STEP][PASSED] - navigateToUrl("https://www.saucedemo.com/"): Navigate to 'https://www.saucedemo.com/' successfully

06-02-2025T14:31:18 - [MESSAGE][PASSED] - Navigate to 'https://www.saucedemo.com/' successfully

06-02-2025T14:31:18 - [TEST_STEP][PASSED] - setText(findTestObject("Object Repository/Page_Swag Labs/input_Swag Labs_user-name"), "standard_user"): Text 'standard_user' is set on object 'Object Repository/Page_Swag Labs/input_Swag Labs_user-name'

06-02-2025T14:31:20 - [MESSAGE][PASSED] - Text 'standard_user' is set on object 'Object Repository/Page_Swag Labs/input_Swag Labs_user-name'

06-02-2025T14:31:20 - [TEST_STEP][PASSED] - setEncryptedText(findTestObject("Object Repository/Page_Swag Labs/input_Swag Labs_password"), "qcu24s4901FyWDTwXGr6XA=="): Text ****** has been set on object 'Object Repository/Page_Swag Labs/input_Swag Labs_password'

06-02-2025T14:31:21 - [MESSAGE][PASSED] - Text ****** has been set on object 'Object Repository/Page_Swag Labs/input_Swag Labs_password'

06-02-2025T14:31:21 - [TEST_STEP][PASSED] - click(findTestObject("Object Repository/Page_Swag Labs/input_Swag Labs_login-button")): Object: 'Object Repository/Page_Swag Labs/input_Swag Labs_login-button' is clicked on

06-02-2025T14:31:21 - [MESSAGE][PASSED] - Object: 'Object Repository/Page_Swag Labs/input_Swag Labs_login-button' is clicked on

06-02-2025T14:31:21 - [TEST_STEP][NOT_RUN] - com.test.swaglabs.resetstate.ResetAppState.clickStateAtoZ(): NOT_RUN: com.test.swaglabs.resetstate.ResetAppState.clickStateAtoZ()

06-02-2025T14:31:21 - [MESSAGE][NOT_RUN] - NOT_RUN: com.test.swaglabs.resetstate.ResetAppState.clickStateAtoZ()

06-02-2025T14:31:21 - [TEST_STEP][PASSED] - verifyElementPresent(findTestObject("Page_Swag Labs/div_ProductsName (A to Z)Name (A to Z)Name (Z to A)Price (low to high)Price (high to low)"), 0): Object 'Object Repository/Page_Swag Labs/div_ProductsName (A to Z)Name (A to Z)Name (Z to A)Price (low to high)Price (high to low)' is present

06-02-2025T14:31:21 - [MESSAGE][WARNING] - Timeout '0' is invalid. Using default page load timeout: '30'

06-02-2025T14:31:22 - [MESSAGE][PASSED] - Object 'Object Repository/Page_Swag Labs/div_ProductsName (A to Z)Name (A to Z)Name (Z to A)Price (low to high)Price (high to low)' is present

06-02-2025T14:31:22 - [TEST_STEP][PASSED] - click(findTestObject("Page_Swag Labs/span_Name (A to Z)Name (A to Z)Name (Z to A)Price (low to high)Price (high to low)")): Object: 'Object Repository/Page_Swag Labs/span_Name (A to Z)Name (A to Z)Name (Z to A)Price (low to high)Price (high to low)' is clicked on

06-02-2025T14:31:22 - [MESSAGE][PASSED] - Object: 'Object Repository/Page_Swag Labs/span_Name (A to Z)Name (A to Z)Name (Z to A)Price (low to high)Price (high to low)' is clicked on

06-02-2025T14:31:22 - [TEST_STEP][PASSED] - closeBrowser(): Browser is closed

06-02-2025T14:31:22 - [MESSAGE][PASSED] - Browser is closed]]></system-out>
         <system-err><![CDATA[]]></system-err>
      </testcase>
      <testcase name="Test Cases/Positive Cases - Sorting - Name(Z to A)" time="8.014" classname="Test Cases/Positive Cases - Sorting - Name(Z to A)" status="PASSED">
         <system-out><![CDATA[06-02-2025T14:31:22 - [TEST_CASE][PASSED] - Test Cases/Positive Cases - Sorting - Name(Z to A): Test Cases/Positive Cases - Sorting - Name(Z to A)

06-02-2025T14:31:23 - [TEST_STEP][PASSED] - openBrowser(""): Browser is opened with url: ''

06-02-2025T14:31:23 - [MESSAGE][INFO] - Starting 'Chrome' driver

06-02-2025T14:31:23 - [MESSAGE][INFO] - Action delay is set to 0 milliseconds

06-02-2025T14:31:25 - [MESSAGE][PASSED] - Browser is opened with url: ''

06-02-2025T14:31:25 - [TEST_STEP][PASSED] - navigateToUrl("https://www.saucedemo.com/"): Navigate to 'https://www.saucedemo.com/' successfully

06-02-2025T14:31:27 - [MESSAGE][PASSED] - Navigate to 'https://www.saucedemo.com/' successfully

06-02-2025T14:31:27 - [TEST_STEP][PASSED] - setText(findTestObject("Object Repository/Page_Swag Labs/input_Swag Labs_user-name"), "standard_user"): Text 'standard_user' is set on object 'Object Repository/Page_Swag Labs/input_Swag Labs_user-name'

06-02-2025T14:31:28 - [MESSAGE][PASSED] - Text 'standard_user' is set on object 'Object Repository/Page_Swag Labs/input_Swag Labs_user-name'

06-02-2025T14:31:28 - [TEST_STEP][PASSED] - setEncryptedText(findTestObject("Object Repository/Page_Swag Labs/input_Swag Labs_password"), "qcu24s4901FyWDTwXGr6XA=="): Text ****** has been set on object 'Object Repository/Page_Swag Labs/input_Swag Labs_password'

06-02-2025T14:31:29 - [MESSAGE][PASSED] - Text ****** has been set on object 'Object Repository/Page_Swag Labs/input_Swag Labs_password'

06-02-2025T14:31:29 - [TEST_STEP][PASSED] - click(findTestObject("Object Repository/Page_Swag Labs/input_Swag Labs_login-button")): Object: 'Object Repository/Page_Swag Labs/input_Swag Labs_login-button' is clicked on

06-02-2025T14:31:29 - [MESSAGE][PASSED] - Object: 'Object Repository/Page_Swag Labs/input_Swag Labs_login-button' is clicked on

06-02-2025T14:31:29 - [TEST_STEP][NOT_RUN] - com.test.swaglabs.resetstate.ResetAppState.clickStateAtoZ(): NOT_RUN: com.test.swaglabs.resetstate.ResetAppState.clickStateAtoZ()

06-02-2025T14:31:29 - [MESSAGE][NOT_RUN] - NOT_RUN: com.test.swaglabs.resetstate.ResetAppState.clickStateAtoZ()

06-02-2025T14:31:29 - [TEST_STEP][NOT_RUN] - verifyElementPresent(findTestObject("Page_Swag Labs/div_ProductsName (A to Z)Name (A to Z)Name (Z to A)Price (low to high)Price (high to low)"), 0): NOT_RUN: verifyElementPresent(findTestObject("Page_Swag Labs/div_ProductsName (A to Z)Name (A to Z)Name (Z to A)Price (low to high)Price (high to low)"), 0)

06-02-2025T14:31:29 - [MESSAGE][NOT_RUN] - NOT_RUN: verifyElementPresent(findTestObject("Page_Swag Labs/div_ProductsName (A to Z)Name (A to Z)Name (Z to A)Price (low to high)Price (high to low)"), 0)

06-02-2025T14:31:29 - [TEST_STEP][PASSED] - click(findTestObject("Page_Swag Labs/span_Name (Z to A)Name (A to Z)Name (Z to A)Price (low to high)Price (high to low)")): Object: 'Object Repository/Page_Swag Labs/span_Name (Z to A)Name (A to Z)Name (Z to A)Price (low to high)Price (high to low)' is clicked on

06-02-2025T14:31:30 - [MESSAGE][PASSED] - Object: 'Object Repository/Page_Swag Labs/span_Name (Z to A)Name (A to Z)Name (Z to A)Price (low to high)Price (high to low)' is clicked on

06-02-2025T14:31:30 - [TEST_STEP][PASSED] - closeBrowser(): Browser is closed

06-02-2025T14:31:30 - [MESSAGE][PASSED] - Browser is closed]]></system-out>
         <system-err><![CDATA[]]></system-err>
      </testcase>
      <testcase name="Test Cases/Positive Cases - Sorting - Price(High to Low)" time="13.171" classname="Test Cases/Positive Cases - Sorting - Price(High to Low)" status="PASSED">
         <system-out><![CDATA[06-02-2025T14:31:30 - [TEST_CASE][PASSED] - Test Cases/Positive Cases - Sorting - Price(High to Low): Test Cases/Positive Cases - Sorting - Price(High to Low)

06-02-2025T14:31:31 - [TEST_STEP][PASSED] - openBrowser(""): Browser is opened with url: ''

06-02-2025T14:31:31 - [MESSAGE][INFO] - Starting 'Chrome' driver

06-02-2025T14:31:31 - [MESSAGE][INFO] - Action delay is set to 0 milliseconds

06-02-2025T14:31:32 - [MESSAGE][PASSED] - Browser is opened with url: ''

06-02-2025T14:31:32 - [TEST_STEP][PASSED] - navigateToUrl("https://www.saucedemo.com/"): Navigate to 'https://www.saucedemo.com/' successfully

06-02-2025T14:31:38 - [MESSAGE][PASSED] - Navigate to 'https://www.saucedemo.com/' successfully

06-02-2025T14:31:38 - [TEST_STEP][PASSED] - setText(findTestObject("Object Repository/Page_Swag Labs/input_Swag Labs_user-name"), "standard_user"): Text 'standard_user' is set on object 'Object Repository/Page_Swag Labs/input_Swag Labs_user-name'

06-02-2025T14:31:39 - [MESSAGE][PASSED] - Text 'standard_user' is set on object 'Object Repository/Page_Swag Labs/input_Swag Labs_user-name'

06-02-2025T14:31:39 - [TEST_STEP][PASSED] - setEncryptedText(findTestObject("Object Repository/Page_Swag Labs/input_Swag Labs_password"), "qcu24s4901FyWDTwXGr6XA=="): Text ****** has been set on object 'Object Repository/Page_Swag Labs/input_Swag Labs_password'

06-02-2025T14:31:39 - [MESSAGE][PASSED] - Text ****** has been set on object 'Object Repository/Page_Swag Labs/input_Swag Labs_password'

06-02-2025T14:31:39 - [TEST_STEP][PASSED] - click(findTestObject("Object Repository/Page_Swag Labs/input_Swag Labs_login-button")): Object: 'Object Repository/Page_Swag Labs/input_Swag Labs_login-button' is clicked on

06-02-2025T14:31:40 - [MESSAGE][PASSED] - Object: 'Object Repository/Page_Swag Labs/input_Swag Labs_login-button' is clicked on

06-02-2025T14:31:40 - [TEST_STEP][PASSED] - com.test.swaglabs.sorting.Sorting.clickPriceHighToLow(): com.test.swaglabs.sorting.Sorting.clickPriceHighToLow is PASSED

06-02-2025T14:31:40 - [MESSAGE][PASSED] - Object: 'Object Repository/Page_Swag Labs/select_Name (A to Z)Name (Z to A)Price (low to high)Price (high to low)' is clicked on

06-02-2025T14:31:40 - [MESSAGE][PASSED] - com.test.swaglabs.sorting.Sorting.clickPriceHighToLow is PASSED

06-02-2025T14:31:40 - [TEST_STEP][PASSED] - waitForAlert(3): No alert found after 3 second(s).

06-02-2025T14:31:43 - [MESSAGE][WARNING] - No alert found after 3 second(s).

06-02-2025T14:31:43 - [TEST_STEP][PASSED] - closeBrowser(): Browser is closed

06-02-2025T14:31:44 - [MESSAGE][PASSED] - Browser is closed]]></system-out>
         <system-err><![CDATA[]]></system-err>
      </testcase>
      <testcase name="Test Cases/Positive Cases - Sorting - Price(Low to High)" time="0.055" classname="Test Cases/Positive Cases - Sorting - Price(Low to High)" status="PASSED">
         <system-out><![CDATA[06-02-2025T14:31:44 - [TEST_CASE][PASSED] - Test Cases/Positive Cases - Sorting - Price(Low to High): Test Cases/Positive Cases - Sorting - Price(Low to High)

06-02-2025T14:31:44 - [TEST_STEP][PASSED] - return null: null]]></system-out>
         <system-err><![CDATA[]]></system-err>
      </testcase>
      <system-out><![CDATA[06-02-2025T14:31:08 - [TEST_SUITE][PASSED] - Sorting: Test Cases/Positive Cases - Sorting - Price(Low to High)]]></system-out>
      <system-err><![CDATA[]]></system-err>
   </testsuite>
</testsuites>
