<?xml version="1.0" encoding="UTF-8"?>
<testsuites name="Case Login to Swag Labs" time="143.502" tests="8" failures="0" errors="0">
   <testsuite name="Login to Swag Labs - Negative Cases" tests="1" failures="0" errors="0" time="10.045" skipped="0" timestamp="03-02-2025T11:51:30" hostname="ACER - LAPTOP-5GQHVTHK" id="Test Suites/Login to Swag Labs - Negative Cases">
      <properties>
         <property name="deviceName" value=""/>
         <property name="devicePlatform"/>
         <property name="logFolder" value="C:\\Users\\ACER\\git\\KatalonGitSwagLabsNew\\Reports\\20250203_115112\\Login to Swag Labs - Negative Cases\\20250203_115113"/>
         <property name="logFiles" value="C:\\Users\\ACER\\git\\KatalonGitSwagLabsNew\\Reports\\20250203_115112\\Login to Swag Labs - Negative Cases\\20250203_115113\\execution0.log"/>
         <property name="attachments" value=""/>
         <property name="hostName" value="ACER - LAPTOP-5GQHVTHK"/>
         <property name="os" value="Windows 11 64bit"/>
         <property name="katalonVersion" value="9.7.4.223"/>
         <property name="browser" value="Chrome 132.0.0.0"/>
         <property name="hostAddress" value="192.168.0.101"/>
         <property name="sessionId" value="05d6977f398a9785299f0ec561a29c1d"/>
         <property name="seleniumVersion" value="3.141.59"/>
         <property name="proxyInformation" value="ProxyInformation { proxyOption=NO_PROXY, proxyServerType=HTTP, username=, password=********, proxyServerAddress=, proxyServerPort=0, executionList=&quot;&quot;, isApplyToDesiredCapabilities=true }"/>
         <property name="platform" value="Windows 11"/>
      </properties>
      <testcase name="Test Cases/Negative Cases - Close the prompt message if user want to login - Password not filled" time="9.716" classname="Test Cases/Negative Cases - Close the prompt message if user want to login - Password not filled" status="PASSED">
         <system-out><![CDATA[03-02-2025T11:51:30 - [TEST_CASE][PASSED] - Test Cases/Negative Cases - Close the prompt message if user want to login - Password not filled: Test Cases/Negative Cases - Close the prompt message if user want to login - Password not filled

03-02-2025T11:51:31 - [TEST_STEP][PASSED] - openBrowser(""): Browser is opened with url: ''

03-02-2025T11:51:31 - [MESSAGE][INFO] - Starting 'Chrome' driver

03-02-2025T11:51:31 - [MESSAGE][INFO] - Action delay is set to 0 milliseconds

03-02-2025T11:51:35 - [MESSAGE][PASSED] - Browser is opened with url: ''

03-02-2025T11:51:35 - [TEST_STEP][PASSED] - navigateToUrl("https://www.saucedemo.com/"): Navigate to 'https://www.saucedemo.com/' successfully

03-02-2025T11:51:36 - [MESSAGE][PASSED] - Navigate to 'https://www.saucedemo.com/' successfully

03-02-2025T11:51:36 - [TEST_STEP][PASSED] - setText(findTestObject("Page_Swag Labs/input_Swag Labs_user-name"), "standard_user"): Text 'standard_user' is set on object 'Object Repository/Page_Swag Labs/input_Swag Labs_user-name'

03-02-2025T11:51:38 - [MESSAGE][PASSED] - Text 'standard_user' is set on object 'Object Repository/Page_Swag Labs/input_Swag Labs_user-name'

03-02-2025T11:51:38 - [TEST_STEP][PASSED] - click(findTestObject("Page_Swag Labs/input_Swag Labs_login-button")): Object: 'Object Repository/Page_Swag Labs/input_Swag Labs_login-button' is clicked on

03-02-2025T11:51:39 - [MESSAGE][PASSED] - Object: 'Object Repository/Page_Swag Labs/input_Swag Labs_login-button' is clicked on

03-02-2025T11:51:39 - [TEST_STEP][PASSED] - verifyTextPresent("Epic sadface: Password is required", false): Text 'Epic sadface: Password is required' is present on page 

03-02-2025T11:51:39 - [MESSAGE][PASSED] - Text 'Epic sadface: Password is required' is present on page 

03-02-2025T11:51:39 - [TEST_STEP][PASSED] - click(findTestObject("Page_Swag Labs/path")): Object: 'Object Repository/Page_Swag Labs/path' is clicked on

03-02-2025T11:51:39 - [MESSAGE][PASSED] - Object: 'Object Repository/Page_Swag Labs/path' is clicked on

03-02-2025T11:51:39 - [TEST_STEP][PASSED] - closeBrowser(): Browser is closed

03-02-2025T11:51:40 - [MESSAGE][PASSED] - Browser is closed]]></system-out>
         <system-err><![CDATA[]]></system-err>
      </testcase>
      <system-out><![CDATA[03-02-2025T11:51:30 - [TEST_SUITE][PASSED] - Login to Swag Labs - Negative Cases: Test Cases/Negative Cases - Close the prompt message if user want to login - Password not filled]]></system-out>
      <system-err><![CDATA[]]></system-err>
   </testsuite>
   <testsuite name="Login to Swag Labs - Positive Cases" tests="2" failures="0" errors="0" time="13.334" skipped="0" timestamp="03-02-2025T11:52:03" hostname="ACER - LAPTOP-5GQHVTHK" id="Test Suites/Login to Swag Labs - Positive Cases">
      <properties>
         <property name="deviceName" value=""/>
         <property name="devicePlatform"/>
         <property name="logFolder" value="C:\\Users\\ACER\\git\\KatalonGitSwagLabsNew\\Reports\\20250203_115112\\Login to Swag Labs - Positive Cases\\20250203_115115"/>
         <property name="logFiles" value="C:\\Users\\ACER\\git\\KatalonGitSwagLabsNew\\Reports\\20250203_115112\\Login to Swag Labs - Positive Cases\\20250203_115115\\execution0.log"/>
         <property name="attachments" value=""/>
         <property name="hostName" value="ACER - LAPTOP-5GQHVTHK"/>
         <property name="os" value="Windows 11 64bit"/>
         <property name="katalonVersion" value="9.7.4.223"/>
         <property name="browser" value="Chrome 132.0.0.0"/>
         <property name="hostAddress" value="192.168.0.101"/>
         <property name="sessionId" value="f6dfb6d2ec6bd3ee31db1efb72036bbd"/>
         <property name="seleniumVersion" value="3.141.59"/>
         <property name="proxyInformation" value="ProxyInformation { proxyOption=NO_PROXY, proxyServerType=HTTP, username=, password=********, proxyServerAddress=, proxyServerPort=0, executionList=&quot;&quot;, isApplyToDesiredCapabilities=true }"/>
         <property name="platform" value="Windows 11"/>
      </properties>
      <testcase name="Test Cases/Positive Cases - Login with first account - standard_user" time="7.369" classname="Test Cases/Positive Cases - Login with first account - standard_user" status="PASSED">
         <system-out><![CDATA[03-02-2025T11:52:04 - [TEST_CASE][PASSED] - Test Cases/Positive Cases - Login with first account - standard_user: Test Cases/Positive Cases - Login with first account - standard_user

03-02-2025T11:52:04 - [TEST_STEP][PASSED] - openBrowser(""): Browser is opened with url: ''

03-02-2025T11:52:05 - [MESSAGE][INFO] - Starting 'Chrome' driver

03-02-2025T11:52:05 - [MESSAGE][INFO] - Action delay is set to 0 milliseconds

03-02-2025T11:52:07 - [MESSAGE][PASSED] - Browser is opened with url: ''

03-02-2025T11:52:07 - [TEST_STEP][PASSED] - navigateToUrl("https://www.saucedemo.com/"): Navigate to 'https://www.saucedemo.com/' successfully

03-02-2025T11:52:07 - [MESSAGE][PASSED] - Navigate to 'https://www.saucedemo.com/' successfully

03-02-2025T11:52:07 - [TEST_STEP][PASSED] - com.test.swaglabs.CustomLogin.WebLoginFirstAccount(): com.test.swaglabs.CustomLogin.WebLoginFirstAccount is PASSED

03-02-2025T11:52:09 - [MESSAGE][PASSED] - Text 'standard_user' is set on object 'Object Repository/Page_Swag Labs/input_Swag Labs_user-name'

03-02-2025T11:52:10 - [MESSAGE][PASSED] - Text ****** has been set on object 'Object Repository/Page_Swag Labs/input_Swag Labs_password'

03-02-2025T11:52:10 - [MESSAGE][PASSED] - Object: 'Object Repository/Page_Swag Labs/input_Swag Labs_login-button' is clicked on

03-02-2025T11:52:10 - [MESSAGE][PASSED] - com.test.swaglabs.CustomLogin.WebLoginFirstAccount is PASSED

03-02-2025T11:52:10 - [TEST_STEP][NOT_RUN] - setText(findTestObject("Page_Swag Labs/input_Swag Labs_user-name"), "standard_user"): NOT_RUN: setText(findTestObject("Page_Swag Labs/input_Swag Labs_user-name"), "standard_user")

03-02-2025T11:52:10 - [MESSAGE][NOT_RUN] - NOT_RUN: setText(findTestObject("Page_Swag Labs/input_Swag Labs_user-name"), "standard_user")

03-02-2025T11:52:10 - [TEST_STEP][NOT_RUN] - setEncryptedText(findTestObject("Page_Swag Labs/input_Swag Labs_password"), "qcu24s4901FyWDTwXGr6XA=="): NOT_RUN: setEncryptedText(findTestObject("Page_Swag Labs/input_Swag Labs_password"), "qcu24s4901FyWDTwXGr6XA==")

03-02-2025T11:52:10 - [MESSAGE][NOT_RUN] - NOT_RUN: setEncryptedText(findTestObject("Page_Swag Labs/input_Swag Labs_password"), "qcu24s4901FyWDTwXGr6XA==")

03-02-2025T11:52:10 - [TEST_STEP][NOT_RUN] - click(findTestObject("Page_Swag Labs/input_Swag Labs_login-button")): NOT_RUN: click(findTestObject("Page_Swag Labs/input_Swag Labs_login-button"))

03-02-2025T11:52:10 - [MESSAGE][NOT_RUN] - NOT_RUN: click(findTestObject("Page_Swag Labs/input_Swag Labs_login-button"))

03-02-2025T11:52:10 - [TEST_STEP][PASSED] - verifyTextPresent("Products", false): Text 'Products' is present on page 

03-02-2025T11:52:11 - [MESSAGE][PASSED] - Text 'Products' is present on page 

03-02-2025T11:52:11 - [TEST_STEP][PASSED] - closeBrowser(): Browser is closed

03-02-2025T11:52:11 - [MESSAGE][PASSED] - Browser is closed]]></system-out>
         <system-err><![CDATA[]]></system-err>
      </testcase>
      <testcase name="Test Cases/Positive Cases - Login SwagLabs" time="5.726" classname="Test Cases/Positive Cases - Login SwagLabs" status="PASSED">
         <system-out><![CDATA[03-02-2025T11:52:11 - [TEST_CASE][PASSED] - Test Cases/Positive Cases - Login SwagLabs: Test Cases/Positive Cases - Login SwagLabs

03-02-2025T11:52:11 - [TEST_STEP][PASSED] - openBrowser(""): Browser is opened with url: ''

03-02-2025T11:52:11 - [MESSAGE][INFO] - Starting 'Chrome' driver

03-02-2025T11:52:11 - [MESSAGE][INFO] - Action delay is set to 0 milliseconds

03-02-2025T11:52:12 - [MESSAGE][PASSED] - Browser is opened with url: ''

03-02-2025T11:52:12 - [TEST_STEP][PASSED] - navigateToUrl("https://www.saucedemo.com/"): Navigate to 'https://www.saucedemo.com/' successfully

03-02-2025T11:52:13 - [MESSAGE][PASSED] - Navigate to 'https://www.saucedemo.com/' successfully

03-02-2025T11:52:13 - [TEST_STEP][PASSED] - setText(findTestObject("Object Repository/Page_Swag Labs/input_Swag Labs_user-name"), "standard_user"): Text 'standard_user' is set on object 'Object Repository/Page_Swag Labs/input_Swag Labs_user-name'

03-02-2025T11:52:15 - [MESSAGE][PASSED] - Text 'standard_user' is set on object 'Object Repository/Page_Swag Labs/input_Swag Labs_user-name'

03-02-2025T11:52:15 - [TEST_STEP][PASSED] - setEncryptedText(findTestObject("Object Repository/Page_Swag Labs/input_Swag Labs_password"), "qcu24s4901FyWDTwXGr6XA=="): Text ****** has been set on object 'Object Repository/Page_Swag Labs/input_Swag Labs_password'

03-02-2025T11:52:16 - [MESSAGE][PASSED] - Text ****** has been set on object 'Object Repository/Page_Swag Labs/input_Swag Labs_password'

03-02-2025T11:52:16 - [TEST_STEP][PASSED] - click(findTestObject("Object Repository/Page_Swag Labs/input_Swag Labs_login-button")): Object: 'Object Repository/Page_Swag Labs/input_Swag Labs_login-button' is clicked on

03-02-2025T11:52:16 - [MESSAGE][PASSED] - Object: 'Object Repository/Page_Swag Labs/input_Swag Labs_login-button' is clicked on

03-02-2025T11:52:16 - [TEST_STEP][PASSED] - verifyTextPresent("Products", false): Text 'Products' is present on page 

03-02-2025T11:52:17 - [MESSAGE][PASSED] - Text 'Products' is present on page 

03-02-2025T11:52:17 - [TEST_STEP][PASSED] - closeBrowser(): Browser is closed

03-02-2025T11:52:17 - [MESSAGE][PASSED] - Browser is closed]]></system-out>
         <system-err><![CDATA[]]></system-err>
      </testcase>
      <system-out><![CDATA[03-02-2025T11:52:03 - [TEST_SUITE][PASSED] - Login to Swag Labs - Positive Cases: Test Cases/Positive Cases - Login SwagLabs]]></system-out>
      <system-err><![CDATA[]]></system-err>
   </testsuite>
   <testsuite name="Login by Different Account" tests="5" failures="0" errors="0" time="65.453" skipped="0" timestamp="03-02-2025T11:52:34" hostname="ACER - LAPTOP-5GQHVTHK" id="Test Suites/Login by Different Account">
      <properties>
         <property name="deviceName" value=""/>
         <property name="devicePlatform"/>
         <property name="logFolder" value="C:\\Users\\ACER\\git\\KatalonGitSwagLabsNew\\Reports\\20250203_115112\\Login by Different Account\\20250203_115118"/>
         <property name="logFiles" value="C:\\Users\\ACER\\git\\KatalonGitSwagLabsNew\\Reports\\20250203_115112\\Login by Different Account\\20250203_115118\\execution0.log"/>
         <property name="attachments" value=""/>
         <property name="hostName" value="ACER - LAPTOP-5GQHVTHK"/>
         <property name="os" value="Windows 11 64bit"/>
         <property name="katalonVersion" value="9.7.4.223"/>
         <property name="browser" value="Chrome 132.0.0.0"/>
         <property name="hostAddress" value="192.168.0.101"/>
         <property name="sessionId" value="1c0ca62059afb4956c9138029025ae82"/>
         <property name="seleniumVersion" value="3.141.59"/>
         <property name="proxyInformation" value="ProxyInformation { proxyOption=NO_PROXY, proxyServerType=HTTP, username=, password=********, proxyServerAddress=, proxyServerPort=0, executionList=&quot;&quot;, isApplyToDesiredCapabilities=true }"/>
         <property name="platform" value="Windows 11"/>
      </properties>
      <testcase name="Test Cases/Login by Fifth Account - error_user" time="7.411" classname="Test Cases/Login by Fifth Account - error_user" status="PASSED">
         <system-out><![CDATA[03-02-2025T11:52:34 - [TEST_CASE][PASSED] - Test Cases/Login by Fifth Account - error_user: Test Cases/Login by Fifth Account - error_user

03-02-2025T11:52:35 - [TEST_STEP][PASSED] - openBrowser(""): Browser is opened with url: ''

03-02-2025T11:52:35 - [MESSAGE][INFO] - Starting 'Chrome' driver

03-02-2025T11:52:35 - [MESSAGE][INFO] - Action delay is set to 0 milliseconds

03-02-2025T11:52:37 - [MESSAGE][PASSED] - Browser is opened with url: ''

03-02-2025T11:52:37 - [TEST_STEP][PASSED] - navigateToUrl("https://www.saucedemo.com/"): Navigate to 'https://www.saucedemo.com/' successfully

03-02-2025T11:52:38 - [MESSAGE][PASSED] - Navigate to 'https://www.saucedemo.com/' successfully

03-02-2025T11:52:38 - [TEST_STEP][PASSED] - com.test.swaglabs.CustomLogin.WebLoginFifthAccount(): com.test.swaglabs.CustomLogin.WebLoginFifthAccount is PASSED

03-02-2025T11:52:40 - [MESSAGE][PASSED] - Text 'error_user' is set on object 'Object Repository/Page_Swag Labs/input_Swag Labs_user-name'

03-02-2025T11:52:41 - [MESSAGE][PASSED] - Text ****** has been set on object 'Object Repository/Page_Swag Labs/input_Swag Labs_password'

03-02-2025T11:52:41 - [MESSAGE][PASSED] - Object: 'Object Repository/Page_Swag Labs/input_Swag Labs_login-button' is clicked on

03-02-2025T11:52:41 - [MESSAGE][PASSED] - com.test.swaglabs.CustomLogin.WebLoginFifthAccount is PASSED

03-02-2025T11:52:41 - [TEST_STEP][PASSED] - verifyTextPresent("Products", false): Text 'Products' is present on page 

03-02-2025T11:52:41 - [MESSAGE][PASSED] - Text 'Products' is present on page 

03-02-2025T11:52:41 - [TEST_STEP][PASSED] - closeBrowser(): Browser is closed

03-02-2025T11:52:42 - [MESSAGE][PASSED] - Browser is closed]]></system-out>
         <system-err><![CDATA[]]></system-err>
      </testcase>
      <testcase name="Test Cases/Login by Fourth Account - performance_glitch_user" time="10.831" classname="Test Cases/Login by Fourth Account - performance_glitch_user" status="PASSED">
         <system-out><![CDATA[03-02-2025T11:52:42 - [TEST_CASE][PASSED] - Test Cases/Login by Fourth Account - performance_glitch_user: Test Cases/Login by Fourth Account - performance_glitch_user

03-02-2025T11:52:42 - [TEST_STEP][PASSED] - openBrowser(""): Browser is opened with url: ''

03-02-2025T11:52:42 - [MESSAGE][INFO] - Starting 'Chrome' driver

03-02-2025T11:52:42 - [MESSAGE][INFO] - Action delay is set to 0 milliseconds

03-02-2025T11:52:43 - [MESSAGE][PASSED] - Browser is opened with url: ''

03-02-2025T11:52:43 - [TEST_STEP][PASSED] - navigateToUrl("https://www.saucedemo.com/"): Navigate to 'https://www.saucedemo.com/' successfully

03-02-2025T11:52:43 - [MESSAGE][PASSED] - Navigate to 'https://www.saucedemo.com/' successfully

03-02-2025T11:52:43 - [TEST_STEP][PASSED] - com.test.swaglabs.CustomLogin.WebLoginFourthAccount(): com.test.swaglabs.CustomLogin.WebLoginFourthAccount is PASSED

03-02-2025T11:52:46 - [MESSAGE][PASSED] - Text 'performance_glitch_user' is set on object 'Object Repository/Page_Swag Labs/input_Swag Labs_user-name'

03-02-2025T11:52:46 - [MESSAGE][PASSED] - Text 'secret_sauce' is set on object 'Object Repository/Page_Swag Labs/input_Swag Labs_password'

03-02-2025T11:52:52 - [MESSAGE][PASSED] - Object: 'Object Repository/Page_Swag Labs/input_Swag Labs_login-button' is clicked on

03-02-2025T11:52:52 - [MESSAGE][PASSED] - com.test.swaglabs.CustomLogin.WebLoginFourthAccount is PASSED

03-02-2025T11:52:52 - [TEST_STEP][PASSED] - verifyTextPresent("Add to cart", false): Text 'Add to cart' is present on page 

03-02-2025T11:52:52 - [MESSAGE][PASSED] - Text 'Add to cart' is present on page 

03-02-2025T11:52:52 - [TEST_STEP][PASSED] - closeBrowser(): Browser is closed

03-02-2025T11:52:53 - [MESSAGE][PASSED] - Browser is closed]]></system-out>
         <system-err><![CDATA[]]></system-err>
      </testcase>
      <testcase name="Test Cases/Login by Second Account - locked_out_user" time="35.124" classname="Test Cases/Login by Second Account - locked_out_user" status="PASSED">
         <system-out><![CDATA[03-02-2025T11:52:53 - [TEST_CASE][PASSED] - Test Cases/Login by Second Account - locked_out_user: Test Cases/Login by Second Account - locked_out_user

03-02-2025T11:52:53 - [TEST_STEP][PASSED] - openBrowser(""): Browser is opened with url: ''

03-02-2025T11:52:53 - [MESSAGE][INFO] - Starting 'Chrome' driver

03-02-2025T11:52:53 - [MESSAGE][INFO] - Action delay is set to 0 milliseconds

03-02-2025T11:52:54 - [MESSAGE][PASSED] - Browser is opened with url: ''

03-02-2025T11:52:54 - [TEST_STEP][PASSED] - navigateToUrl("https://www.saucedemo.com/"): Navigate to 'https://www.saucedemo.com/' successfully

03-02-2025T11:52:54 - [MESSAGE][PASSED] - Navigate to 'https://www.saucedemo.com/' successfully

03-02-2025T11:52:54 - [TEST_STEP][PASSED] - com.test.swaglabs.CustomLogin.WebLoginSecondAccount(): com.test.swaglabs.CustomLogin.WebLoginSecondAccount is PASSED

03-02-2025T11:52:56 - [MESSAGE][PASSED] - Text 'locked_out_user' is set on object 'Object Repository/Page_Swag Labs/input_Swag Labs_user-name'

03-02-2025T11:52:57 - [MESSAGE][PASSED] - Text 'secret_sauce' is set on object 'Object Repository/Page_Swag Labs/input_Swag Labs_password'

03-02-2025T11:52:57 - [MESSAGE][PASSED] - Object: 'Object Repository/Page_Swag Labs/input_Swag Labs_login-button' is clicked on

03-02-2025T11:52:57 - [MESSAGE][PASSED] - com.test.swaglabs.CustomLogin.WebLoginSecondAccount is PASSED

03-02-2025T11:52:57 - [TEST_STEP][PASSED] - verifyTextPresent("Epic sadface: Sorry, this user has been locked out.", false): Text 'Epic sadface: Sorry, this user has been locked out.' is present on page 

03-02-2025T11:53:27 - [MESSAGE][PASSED] - Text 'Epic sadface: Sorry, this user has been locked out.' is present on page 

03-02-2025T11:53:27 - [TEST_STEP][PASSED] - closeBrowser(): Browser is closed

03-02-2025T11:53:28 - [MESSAGE][PASSED] - Browser is closed]]></system-out>
         <system-err><![CDATA[]]></system-err>
      </testcase>
      <testcase name="Test Cases/Login by Sixth Account - visual_user" time="6.057" classname="Test Cases/Login by Sixth Account - visual_user" status="PASSED">
         <system-out><![CDATA[03-02-2025T11:53:28 - [TEST_CASE][PASSED] - Test Cases/Login by Sixth Account - visual_user: Test Cases/Login by Sixth Account - visual_user

03-02-2025T11:53:28 - [TEST_STEP][PASSED] - openBrowser(""): Browser is opened with url: ''

03-02-2025T11:53:28 - [MESSAGE][INFO] - Starting 'Chrome' driver

03-02-2025T11:53:28 - [MESSAGE][INFO] - Action delay is set to 0 milliseconds

03-02-2025T11:53:29 - [MESSAGE][PASSED] - Browser is opened with url: ''

03-02-2025T11:53:29 - [TEST_STEP][PASSED] - navigateToUrl("https://www.saucedemo.com/"): Navigate to 'https://www.saucedemo.com/' successfully

03-02-2025T11:53:29 - [MESSAGE][PASSED] - Navigate to 'https://www.saucedemo.com/' successfully

03-02-2025T11:53:29 - [TEST_STEP][PASSED] - com.test.swaglabs.CustomLogin.WebLoginSixthAccount(): com.test.swaglabs.CustomLogin.WebLoginSixthAccount is PASSED

03-02-2025T11:53:32 - [MESSAGE][PASSED] - Text 'visual_user' is set on object 'Object Repository/Page_Swag Labs/input_Swag Labs_user-name'

03-02-2025T11:53:33 - [MESSAGE][PASSED] - Text 'secret_sauce' is set on object 'Object Repository/Page_Swag Labs/input_Swag Labs_password'

03-02-2025T11:53:33 - [MESSAGE][PASSED] - Object: 'Object Repository/Page_Swag Labs/input_Swag Labs_login-button' is clicked on

03-02-2025T11:53:33 - [MESSAGE][PASSED] - com.test.swaglabs.CustomLogin.WebLoginSixthAccount is PASSED

03-02-2025T11:53:33 - [TEST_STEP][PASSED] - verifyElementPresent(findTestObject("Page_Swag Labs/span_Name (A to Z)Name (A to Z)Name (Z to A)Price (low to high)Price (high to low)"), 10): Object 'Object Repository/Page_Swag Labs/span_Name (A to Z)Name (A to Z)Name (Z to A)Price (low to high)Price (high to low)' is present

03-02-2025T11:53:33 - [MESSAGE][PASSED] - Object 'Object Repository/Page_Swag Labs/span_Name (A to Z)Name (A to Z)Name (Z to A)Price (low to high)Price (high to low)' is present

03-02-2025T11:53:33 - [TEST_STEP][PASSED] - closeBrowser(): Browser is closed

03-02-2025T11:53:34 - [MESSAGE][PASSED] - Browser is closed]]></system-out>
         <system-err><![CDATA[]]></system-err>
      </testcase>
      <testcase name="Test Cases/Login by Third Account - problem_user" time="5.767" classname="Test Cases/Login by Third Account - problem_user" status="PASSED">
         <system-out><![CDATA[03-02-2025T11:53:34 - [TEST_CASE][PASSED] - Test Cases/Login by Third Account - problem_user: Test Cases/Login by Third Account - problem_user

03-02-2025T11:53:34 - [TEST_STEP][PASSED] - openBrowser(""): Browser is opened with url: ''

03-02-2025T11:53:34 - [MESSAGE][INFO] - Starting 'Chrome' driver

03-02-2025T11:53:34 - [MESSAGE][INFO] - Action delay is set to 0 milliseconds

03-02-2025T11:53:35 - [MESSAGE][PASSED] - Browser is opened with url: ''

03-02-2025T11:53:35 - [TEST_STEP][PASSED] - navigateToUrl("https://www.saucedemo.com/"): Navigate to 'https://www.saucedemo.com/' successfully

03-02-2025T11:53:36 - [MESSAGE][PASSED] - Navigate to 'https://www.saucedemo.com/' successfully

03-02-2025T11:53:36 - [TEST_STEP][PASSED] - com.test.swaglabs.CustomLogin.WebLoginThirdAccount(): com.test.swaglabs.CustomLogin.WebLoginThirdAccount is PASSED

03-02-2025T11:53:38 - [MESSAGE][PASSED] - Text 'problem_user' is set on object 'Object Repository/Page_Swag Labs/input_Swag Labs_user-name'

03-02-2025T11:53:38 - [MESSAGE][PASSED] - Text ****** has been set on object 'Object Repository/Page_Swag Labs/input_Swag Labs_password'

03-02-2025T11:53:39 - [MESSAGE][PASSED] - Object: 'Object Repository/Page_Swag Labs/input_Swag Labs_login-button' is clicked on

03-02-2025T11:53:39 - [MESSAGE][PASSED] - com.test.swaglabs.CustomLogin.WebLoginThirdAccount is PASSED

03-02-2025T11:53:39 - [TEST_STEP][PASSED] - verifyTextPresent("Add to cart", false): Text 'Add to cart' is present on page 

03-02-2025T11:53:39 - [MESSAGE][PASSED] - Text 'Add to cart' is present on page 

03-02-2025T11:53:39 - [TEST_STEP][PASSED] - closeBrowser(): Browser is closed

03-02-2025T11:53:39 - [MESSAGE][PASSED] - Browser is closed]]></system-out>
         <system-err><![CDATA[]]></system-err>
      </testcase>
      <system-out><![CDATA[03-02-2025T11:52:34 - [TEST_SUITE][PASSED] - Login by Different Account: Test Cases/Login by Third Account - problem_user]]></system-out>
      <system-err><![CDATA[]]></system-err>
   </testsuite>
</testsuites>
