<?xml version="1.0" encoding="UTF-8"?>
<testsuites name="Positive Cases" time="46.292" tests="3" failures="0" errors="0">
   <testsuite name="Positive Cases" tests="3" failures="0" errors="0" time="46.292" skipped="0" timestamp="26-01-2025T21:01:35" hostname="ACER - LAPTOP-5GQHVTHK" id="Test Suites/Positive Cases">
      <properties>
         <property name="deviceName" value=""/>
         <property name="devicePlatform"/>
         <property name="logFolder" value="C:\\Users\\ACER\\git\\KatalonGitSwagLabsNew\\Reports\\20250126_210130\\Positive Cases\\20250126_210130"/>
         <property name="logFiles" value="C:\\Users\\ACER\\git\\KatalonGitSwagLabsNew\\Reports\\20250126_210130\\Positive Cases\\20250126_210130\\execution0.log"/>
         <property name="attachments" value=""/>
         <property name="hostName" value="ACER - LAPTOP-5GQHVTHK"/>
         <property name="os" value="Windows 11 64bit"/>
         <property name="katalonVersion" value="9.7.4.223"/>
         <property name="browser" value="Chrome 131.0.0.0"/>
         <property name="hostAddress" value="192.168.1.104"/>
         <property name="sessionId" value="30bf4ffd25e94e12cb11aa09d31e3122"/>
         <property name="seleniumVersion" value="3.141.59"/>
         <property name="proxyInformation" value="ProxyInformation { proxyOption=NO_PROXY, proxyServerType=HTTP, username=, password=********, proxyServerAddress=, proxyServerPort=0, executionList=&quot;&quot;, isApplyToDesiredCapabilities=true }"/>
         <property name="platform" value="Windows 11"/>
      </properties>
      <testcase name="Test Cases/Positive Cases - Add to Cart - Is Equal to 3 Items" time="24.285" classname="Test Cases/Positive Cases - Add to Cart - Is Equal to 3 Items" status="PASSED">
         <system-out><![CDATA[26-01-2025T21:01:36 - [TEST_CASE][PASSED] - Test Cases/Positive Cases - Add to Cart - Is Equal to 3 Items: Test Cases/Positive Cases - Add to Cart - Is Equal to 3 Items

26-01-2025T21:01:36 - [TEST_STEP][PASSED] - openBrowser(""): Browser is opened with url: ''

26-01-2025T21:01:36 - [MESSAGE][INFO] - Starting 'Chrome' driver

26-01-2025T21:01:36 - [MESSAGE][INFO] - Action delay is set to 0 milliseconds

26-01-2025T21:01:40 - [MESSAGE][PASSED] - Browser is opened with url: ''

26-01-2025T21:01:40 - [TEST_STEP][PASSED] - navigateToUrl("https://www.saucedemo.com/"): Navigate to 'https://www.saucedemo.com/' successfully

26-01-2025T21:01:43 - [MESSAGE][PASSED] - Navigate to 'https://www.saucedemo.com/' successfully

26-01-2025T21:01:43 - [TEST_STEP][PASSED] - setText(findTestObject("Page_Swag Labs/input_Swag Labs_user-name"), Username1): Text 'standard_user' is set on object 'Object Repository/Page_Swag Labs/input_Swag Labs_user-name'

26-01-2025T21:01:46 - [MESSAGE][PASSED] - Text 'standard_user' is set on object 'Object Repository/Page_Swag Labs/input_Swag Labs_user-name'

26-01-2025T21:01:46 - [TEST_STEP][PASSED] - setEncryptedText(findTestObject("Page_Swag Labs/input_Swag Labs_password"), Password): Text ****** has been set on object 'Object Repository/Page_Swag Labs/input_Swag Labs_password'

26-01-2025T21:01:46 - [MESSAGE][PASSED] - Text ****** has been set on object 'Object Repository/Page_Swag Labs/input_Swag Labs_password'

26-01-2025T21:01:46 - [TEST_STEP][PASSED] - click(findTestObject("Page_Swag Labs/input_Swag Labs_login-button")): Object: 'Object Repository/Page_Swag Labs/input_Swag Labs_login-button' is clicked on

26-01-2025T21:01:47 - [MESSAGE][PASSED] - Object: 'Object Repository/Page_Swag Labs/input_Swag Labs_login-button' is clicked on

26-01-2025T21:01:47 - [TEST_STEP][PASSED] - click(findTestObject("Page_Swag Labs/input_Swag Labs_add_to_cart_backpack-button")): Object: 'Object Repository/Page_Swag Labs/input_Swag Labs_add_to_cart_backpack-button' is clicked on

26-01-2025T21:01:47 - [MESSAGE][PASSED] - Object: 'Object Repository/Page_Swag Labs/input_Swag Labs_add_to_cart_backpack-button' is clicked on

26-01-2025T21:01:47 - [TEST_STEP][PASSED] - delay(2): Delayed 2 second(s)

26-01-2025T21:01:49 - [MESSAGE][PASSED] - Delayed 2 second(s)

26-01-2025T21:01:49 - [TEST_STEP][PASSED] - click(findTestObject("Page_Swag Labs/input_Swag Labs_add_to_cart_boltshirt-button")): Object: 'Object Repository/Page_Swag Labs/input_Swag Labs_add_to_cart_boltshirt-button' is clicked on

26-01-2025T21:01:50 - [MESSAGE][PASSED] - Object: 'Object Repository/Page_Swag Labs/input_Swag Labs_add_to_cart_boltshirt-button' is clicked on

26-01-2025T21:01:50 - [TEST_STEP][PASSED] - delay(2): Delayed 2 second(s)

26-01-2025T21:01:52 - [MESSAGE][PASSED] - Delayed 2 second(s)

26-01-2025T21:01:52 - [TEST_STEP][PASSED] - click(findTestObject("Page_Swag Labs/input_Swag Labs_add_to_cart_bikelight-button")): Object: 'Object Repository/Page_Swag Labs/input_Swag Labs_add_to_cart_bikelight-button' is clicked on

26-01-2025T21:01:52 - [MESSAGE][PASSED] - Object: 'Object Repository/Page_Swag Labs/input_Swag Labs_add_to_cart_bikelight-button' is clicked on

26-01-2025T21:01:52 - [TEST_STEP][PASSED] - delay(2): Delayed 2 second(s)

26-01-2025T21:01:54 - [MESSAGE][PASSED] - Delayed 2 second(s)

26-01-2025T21:01:54 - [TEST_STEP][PASSED] - scrollToElement(findTestObject("Page_Swag Labs/input_Swag Labs_mainhome_header"), 2): Scroll to object 'Object Repository/Page_Swag Labs/input_Swag Labs_mainhome_header' successfully

26-01-2025T21:01:54 - [MESSAGE][PASSED] - Scroll to object 'Object Repository/Page_Swag Labs/input_Swag Labs_mainhome_header' successfully

26-01-2025T21:01:54 - [TEST_STEP][PASSED] - verifyElementVisible(findTestObject("Page_Swag Labs/input_Swag Labs_shopping_cart_badge")): Object 'Object Repository/Page_Swag Labs/input_Swag Labs_shopping_cart_badge' is visible

26-01-2025T21:01:57 - [MESSAGE][PASSED] - Object 'Object Repository/Page_Swag Labs/input_Swag Labs_shopping_cart_badge' is visible

26-01-2025T21:01:57 - [TEST_STEP][PASSED] - delay(3): Delayed 3 second(s)

26-01-2025T21:02:00 - [MESSAGE][PASSED] - Delayed 3 second(s)

26-01-2025T21:02:00 - [TEST_STEP][PASSED] - closeBrowser(): Browser is closed

26-01-2025T21:02:00 - [MESSAGE][PASSED] - Browser is closed]]></system-out>
         <system-err><![CDATA[]]></system-err>
      </testcase>
      <testcase name="Test Cases/Positive Cases - Add to Cart" time="12.528" classname="Test Cases/Positive Cases - Add to Cart" status="PASSED">
         <system-out><![CDATA[26-01-2025T21:02:00 - [TEST_CASE][PASSED] - Test Cases/Positive Cases - Add to Cart: Test Cases/Positive Cases - Add to Cart

26-01-2025T21:02:00 - [TEST_STEP][PASSED] - openBrowser(""): Browser is opened with url: ''

26-01-2025T21:02:00 - [MESSAGE][INFO] - Starting 'Chrome' driver

26-01-2025T21:02:00 - [MESSAGE][INFO] - Action delay is set to 0 milliseconds

26-01-2025T21:02:02 - [MESSAGE][PASSED] - Browser is opened with url: ''

26-01-2025T21:02:02 - [TEST_STEP][PASSED] - navigateToUrl("https://www.saucedemo.com/"): Navigate to 'https://www.saucedemo.com/' successfully

26-01-2025T21:02:06 - [MESSAGE][PASSED] - Navigate to 'https://www.saucedemo.com/' successfully

26-01-2025T21:02:06 - [TEST_STEP][PASSED] - setText(findTestObject("Page_Swag Labs/input_Swag Labs_user-name"), Username1): Text 'standard_user' is set on object 'Object Repository/Page_Swag Labs/input_Swag Labs_user-name'

26-01-2025T21:02:08 - [MESSAGE][PASSED] - Text 'standard_user' is set on object 'Object Repository/Page_Swag Labs/input_Swag Labs_user-name'

26-01-2025T21:02:08 - [TEST_STEP][PASSED] - setEncryptedText(findTestObject("Page_Swag Labs/input_Swag Labs_password"), Password): Text ****** has been set on object 'Object Repository/Page_Swag Labs/input_Swag Labs_password'

26-01-2025T21:02:08 - [MESSAGE][PASSED] - Text ****** has been set on object 'Object Repository/Page_Swag Labs/input_Swag Labs_password'

26-01-2025T21:02:08 - [TEST_STEP][PASSED] - click(findTestObject("Page_Swag Labs/input_Swag Labs_login-button")): Object: 'Object Repository/Page_Swag Labs/input_Swag Labs_login-button' is clicked on

26-01-2025T21:02:09 - [MESSAGE][PASSED] - Object: 'Object Repository/Page_Swag Labs/input_Swag Labs_login-button' is clicked on

26-01-2025T21:02:09 - [TEST_STEP][PASSED] - click(findTestObject("Page_Swag Labs/input_Swag Labs_add_to_cart_backpack-button")): Object: 'Object Repository/Page_Swag Labs/input_Swag Labs_add_to_cart_backpack-button' is clicked on

26-01-2025T21:02:09 - [MESSAGE][PASSED] - Object: 'Object Repository/Page_Swag Labs/input_Swag Labs_add_to_cart_backpack-button' is clicked on

26-01-2025T21:02:09 - [TEST_STEP][PASSED] - verifyElementVisible(findTestObject("Page_Swag Labs/input_Swag Labs_shopping_cart_badge")): Object 'Object Repository/Page_Swag Labs/input_Swag Labs_shopping_cart_badge' is visible

26-01-2025T21:02:10 - [MESSAGE][PASSED] - Object 'Object Repository/Page_Swag Labs/input_Swag Labs_shopping_cart_badge' is visible

26-01-2025T21:02:10 - [TEST_STEP][PASSED] - delay(2): Delayed 2 second(s)

26-01-2025T21:02:12 - [MESSAGE][PASSED] - Delayed 2 second(s)

26-01-2025T21:02:12 - [TEST_STEP][PASSED] - closeBrowser(): Browser is closed

26-01-2025T21:02:12 - [MESSAGE][PASSED] - Browser is closed]]></system-out>
         <system-err><![CDATA[]]></system-err>
      </testcase>
      <testcase name="Test Cases/Positive Cases - Login SwagLabs" time="9.282" classname="Test Cases/Positive Cases - Login SwagLabs" status="PASSED">
         <system-out><![CDATA[26-01-2025T21:02:12 - [TEST_CASE][PASSED] - Test Cases/Positive Cases - Login SwagLabs: Test Cases/Positive Cases - Login SwagLabs

26-01-2025T21:02:13 - [TEST_STEP][PASSED] - openBrowser(""): Browser is opened with url: ''

26-01-2025T21:02:13 - [MESSAGE][INFO] - Starting 'Chrome' driver

26-01-2025T21:02:13 - [MESSAGE][INFO] - Action delay is set to 0 milliseconds

26-01-2025T21:02:14 - [MESSAGE][PASSED] - Browser is opened with url: ''

26-01-2025T21:02:14 - [TEST_STEP][PASSED] - navigateToUrl("https://www.saucedemo.com/"): Navigate to 'https://www.saucedemo.com/' successfully

26-01-2025T21:02:18 - [MESSAGE][PASSED] - Navigate to 'https://www.saucedemo.com/' successfully

26-01-2025T21:02:18 - [TEST_STEP][PASSED] - setText(findTestObject("Object Repository/Page_Swag Labs/input_Swag Labs_user-name"), "standard_user"): Text 'standard_user' is set on object 'Object Repository/Page_Swag Labs/input_Swag Labs_user-name'

26-01-2025T21:02:20 - [MESSAGE][PASSED] - Text 'standard_user' is set on object 'Object Repository/Page_Swag Labs/input_Swag Labs_user-name'

26-01-2025T21:02:20 - [TEST_STEP][PASSED] - setEncryptedText(findTestObject("Object Repository/Page_Swag Labs/input_Swag Labs_password"), "qcu24s4901FyWDTwXGr6XA=="): Text ****** has been set on object 'Object Repository/Page_Swag Labs/input_Swag Labs_password'

26-01-2025T21:02:20 - [MESSAGE][PASSED] - Text ****** has been set on object 'Object Repository/Page_Swag Labs/input_Swag Labs_password'

26-01-2025T21:02:20 - [TEST_STEP][PASSED] - click(findTestObject("Object Repository/Page_Swag Labs/input_Swag Labs_login-button")): Object: 'Object Repository/Page_Swag Labs/input_Swag Labs_login-button' is clicked on

26-01-2025T21:02:21 - [MESSAGE][PASSED] - Object: 'Object Repository/Page_Swag Labs/input_Swag Labs_login-button' is clicked on

26-01-2025T21:02:21 - [TEST_STEP][PASSED] - verifyTextPresent("Products", false): Text 'Products' is present on page 

26-01-2025T21:02:21 - [MESSAGE][PASSED] - Text 'Products' is present on page 

26-01-2025T21:02:21 - [TEST_STEP][PASSED] - closeBrowser(): Browser is closed

26-01-2025T21:02:22 - [MESSAGE][PASSED] - Browser is closed]]></system-out>
         <system-err><![CDATA[]]></system-err>
      </testcase>
      <system-out><![CDATA[26-01-2025T21:01:35 - [TEST_SUITE][PASSED] - Positive Cases: Test Cases/Positive Cases - Login SwagLabs]]></system-out>
      <system-err><![CDATA[]]></system-err>
   </testsuite>
</testsuites>
