<?xml version="1.0" encoding="UTF-8"?>
<testsuites name="Login to Swag Labs - Positive Cases" time="62.066" tests="2" failures="0" errors="0">
   <testsuite name="Login to Swag Labs - Positive Cases" tests="2" failures="0" errors="0" time="62.066" skipped="0" timestamp="01-02-2025T15:44:06" hostname="ACER - LAPTOP-5GQHVTHK" id="Test Suites/Login to Swag Labs - Positive Cases">
      <properties>
[...]
</properties>
      <testcase name="Test Cases/Positive Cases - Login with first account - standard_user" time="31.558" classname="Test Cases/Positive Cases - Login with first account - standard_user" status="PASSED">
         <system-out><![CDATA[01-02-2025T15:44:06 - [TEST_CASE][PASSED] - Test Cases/Positive Cases - Login with first account - standard_user: Test Cases/Positive Cases - Login with first account - standard_user

01-02-2025T15:44:06 - [TEST_STEP][PASSED] - openBrowser(""): Browser is opened with url: ''

01-02-2025T15:44:07 - [MESSAGE][INFO] - User set preference: ['os', 'windows']

01-02-2025T15:44:07 - [MESSAGE][INFO] - User set preference: ['browserVersion', '132']

01-02-2025T15:44:07 - [MESSAGE][INFO] - User set preference: ['browserName', 'chrome']

01-02-2025T15:44:07 - [MESSAGE][INFO] - User set preference: ['katalon:option', '{organizationId=1906073, usingTunnel=false}']

01-02-2025T15:44:07 - [MESSAGE][INFO] - Connecting to remote web server 'testcloud.katalon.com/hub' with type 'Selenium'

01-02-2025T15:44:07 - [MESSAGE][INFO] - Action delay is set to 0 milliseconds

01-02-2025T15:44:28 - [MESSAGE][PASSED] - Browser is opened with url: ''

01-02-2025T15:44:28 - [TEST_STEP][PASSED] - navigateToUrl("https://www.saucedemo.com/"): Navigate to 'https://www.saucedemo.com/' successfully

01-02-2025T15:44:28 - [MESSAGE][PASSED] - Navigate to 'https://www.saucedemo.com/' successfully

01-02-2025T15:44:28 - [TEST_STEP][PASSED] - com.test.swaglabs.CustomLogin.WebLoginFirstAccount(): com.test.swaglabs.CustomLogin.WebLoginFirstAccount is PASSED

01-02-2025T15:44:32 - [MESSAGE][PASSED] - Text 'standard_user' is set on object 'Object Repository/Page_Swag Labs/input_Swag Labs_user-name'

01-02-2025T15:44:34 - [MESSAGE][PASSED] - Text ****** has been set on object 'Object Repository/Page_Swag Labs/input_Swag Labs_password'

01-02-2025T15:44:35 - [MESSAGE][PASSED] - Object: 'Object Repository/Page_Swag Labs/input_Swag Labs_login-button' is clicked on

01-02-2025T15:44:35 - [MESSAGE][PASSED] - com.test.swaglabs.CustomLogin.WebLoginFirstAccount is PASSED

01-02-2025T15:44:35 - [TEST_STEP][NOT_RUN] - setText(findTestObject("Page_Swag Labs/input_Swag Labs_user-name"), "standard_user"): NOT_RUN: setText(findTestObject("Page_Swag Labs/input_Swag Labs_user-name"), "standard_user")

01-02-2025T15:44:35 - [MESSAGE][NOT_RUN] - NOT_RUN: setText(findTestObject("Page_Swag Labs/input_Swag Labs_user-name"), "standard_user")

01-02-2025T15:44:35 - [TEST_STEP][NOT_RUN] - setEncryptedText(findTestObject("Page_Swag Labs/input_Swag Labs_password"), "qcu24s4901FyWDTwXGr6XA=="): NOT_RUN: setEncryptedText(findTestObject("Page_Swag Labs/input_Swag Labs_password"), "qcu24s4901FyWDTwXGr6XA==")

01-02-2025T15:44:35 - [MESSAGE][NOT_RUN] - NOT_RUN: setEncryptedText(findTestObject("Page_Swag Labs/input_Swag Labs_password"), "qcu24s4901FyWDTwXGr6XA==")

01-02-2025T15:44:35 - [TEST_STEP][NOT_RUN] - click(findTestObject("Page_Swag Labs/input_Swag Labs_login-button")): NOT_RUN: click(findTestObject("Page_Swag Labs/input_Swag Labs_login-button"))

01-02-2025T15:44:35 - [MESSAGE][NOT_RUN] - NOT_RUN: click(findTestObject("Page_Swag Labs/input_Swag Labs_login-button"))

01-02-2025T15:44:35 - [TEST_STEP][PASSED] - verifyTextPresent("Products", false): Text 'Products' is present on page 

01-02-2025T15:44:37 - [MESSAGE][PASSED] - Text 'Products' is present on page 

01-02-2025T15:44:37 - [TEST_STEP][PASSED] - closeBrowser(): Browser is closed

01-02-2025T15:44:38 - [MESSAGE][PASSED] - Browser is closed]]></system-out>
         <system-err><![CDATA[]]></system-err>
      </testcase>
      <testcase name="Test Cases/Positive Cases - Login SwagLabs" time="30.294" classname="Test Cases/Positive Cases - Login SwagLabs" status="PASSED">
         <system-out><![CDATA[01-02-2025T15:44:38 - [TEST_CASE][PASSED] - Test Cases/Positive Cases - Login SwagLabs: Test Cases/Positive Cases - Login SwagLabs

01-02-2025T15:44:38 - [TEST_STEP][PASSED] - openBrowser(""): Browser is opened with url: ''

01-02-2025T15:44:38 - [MESSAGE][INFO] - User set preference: ['os', 'windows']

01-02-2025T15:44:38 - [MESSAGE][INFO] - User set preference: ['browserVersion', '132']

01-02-2025T15:44:38 - [MESSAGE][INFO] - User set preference: ['browserName', 'chrome']

01-02-2025T15:44:38 - [MESSAGE][INFO] - User set preference: ['katalon:option', '{organizationId=1906073, usingTunnel=false}']

01-02-2025T15:44:38 - [MESSAGE][INFO] - Connecting to remote web server 'testcloud.katalon.com/hub' with type 'Selenium'

01-02-2025T15:44:38 - [MESSAGE][INFO] - Action delay is set to 0 milliseconds

01-02-2025T15:44:58 - [MESSAGE][PASSED] - Browser is opened with url: ''

01-02-2025T15:44:58 - [TEST_STEP][PASSED] - navigateToUrl("https://www.saucedemo.com/"): Navigate to 'https://www.saucedemo.com/' successfully

01-02-2025T15:44:59 - [MESSAGE][PASSED] - Navigate to 'https://www.saucedemo.com/' successfully

01-02-2025T15:44:59 - [TEST_STEP][PASSED] - setText(findTestObject("Object Repository/Page_Swag Labs/input_Swag Labs_user-name"), "standard_user"): Text 'standard_user' is set on object 'Object Repository/Page_Swag Labs/input_Swag Labs_user-name'

01-02-2025T15:45:02 - [MESSAGE][PASSED] - Text 'standard_user' is set on object 'Object Repository/Page_Swag Labs/input_Swag Labs_user-name'

01-02-2025T15:45:02 - [TEST_STEP][PASSED] - setEncryptedText(findTestObject("Object Repository/Page_Swag Labs/input_Swag Labs_password"), "qcu24s4901FyWDTwXGr6XA=="): Text ****** has been set on object 'Object Repository/Page_Swag Labs/input_Swag Labs_password'

01-02-2025T15:45:04 - [MESSAGE][PASSED] - Text ****** has been set on object 'Object Repository/Page_Swag Labs/input_Swag Labs_password'

01-02-2025T15:45:04 - [TEST_STEP][PASSED] - click(findTestObject("Object Repository/Page_Swag Labs/input_Swag Labs_login-button")): Object: 'Object Repository/Page_Swag Labs/input_Swag Labs_login-button' is clicked on

01-02-2025T15:45:06 - [MESSAGE][PASSED] - Object: 'Object Repository/Page_Swag Labs/input_Swag Labs_login-button' is clicked on

01-02-2025T15:45:06 - [TEST_STEP][PASSED] - verifyTextPresent("Products", false): Text 'Products' is present on page 

01-02-2025T15:45:07 - [MESSAGE][PASSED] - Text 'Products' is present on page 

01-02-2025T15:45:07 - [TEST_STEP][PASSED] - closeBrowser(): Browser is closed

01-02-2025T15:45:08 - [MESSAGE][PASSED] - Browser is closed]]></system-out>
         <system-err><![CDATA[]]></system-err>
      </testcase>
      <system-out><![CDATA[01-02-2025T15:44:06 - [TEST_SUITE][PASSED] - Login to Swag Labs - Positive Cases: Test Cases/Positive Cases - Login SwagLabs]]></system-out>
      <system-err><![CDATA[]]></system-err>
   </testsuite>
</testsuites>
