<?xml version="1.0" encoding="UTF-8"?>
<testsuites name="Negative Cases - Add to Cart" time="27.375" tests="4" failures="0" errors="0">
   <testsuite name="Negative Cases - Add to Cart" tests="4" failures="0" errors="0" time="27.375" skipped="0" timestamp="05-02-2025T20:54:33" hostname="ACER - LAPTOP-5GQHVTHK" id="Test Suites/Negative Cases - Add to Cart">
      <properties>
         <property name="deviceName" value=""/>
         <property name="devicePlatform"/>
         <property name="logFolder" value="C:\\Users\\ACER\\git\\KatalonGitSwagLabsNew\\Reports\\20250205_205426\\Negative Cases - Add to Cart\\20250205_205426"/>
         <property name="logFiles" value="C:\\Users\\ACER\\git\\KatalonGitSwagLabsNew\\Reports\\20250205_205426\\Negative Cases - Add to Cart\\20250205_205426\\execution0.log"/>
         <property name="attachments" value=""/>
         <property name="hostName" value="ACER - LAPTOP-5GQHVTHK"/>
         <property name="os" value="Windows 11 64bit"/>
         <property name="katalonVersion" value="9.7.4.223"/>
         <property name="browser" value="Chrome 132.0.0.0"/>
         <property name="hostAddress" value="192.168.0.101"/>
         <property name="sessionId" value="bfd188bf63423085121d5fe7525bda3b"/>
         <property name="seleniumVersion" value="3.141.59"/>
         <property name="proxyInformation" value="ProxyInformation { proxyOption=NO_PROXY, proxyServerType=HTTP, username=, password=********, proxyServerAddress=, proxyServerPort=0, executionList=&quot;&quot;, isApplyToDesiredCapabilities=true }"/>
         <property name="platform" value="Windows 11"/>
      </properties>
      <testcase name="Test Cases/Negative Cases - Remove All Item from Cart" time="0.25" classname="Test Cases/Negative Cases - Remove All Item from Cart" status="PASSED">
         <system-out><![CDATA[05-02-2025T20:54:33 - [TEST_CASE][PASSED] - Test Cases/Negative Cases - Remove All Item from Cart: Test Cases/Negative Cases - Remove All Item from Cart

05-02-2025T20:54:34 - [TEST_STEP][PASSED] - return null: null]]></system-out>
         <system-err><![CDATA[]]></system-err>
      </testcase>
      <testcase name="Test Cases/Negative Cases - Remove Item from Cart" time="0.03" classname="Test Cases/Negative Cases - Remove Item from Cart" status="PASSED">
         <system-out><![CDATA[05-02-2025T20:54:34 - [TEST_CASE][PASSED] - Test Cases/Negative Cases - Remove Item from Cart: Test Cases/Negative Cases - Remove Item from Cart

05-02-2025T20:54:34 - [TEST_STEP][PASSED] - return null: null]]></system-out>
         <system-err><![CDATA[]]></system-err>
      </testcase>
      <testcase name="Test Cases/Negative Cases - Cancel the checkout - Cart is null" time="12.011" classname="Test Cases/Negative Cases - Cancel the checkout - Cart is null" status="PASSED">
         <system-out><![CDATA[05-02-2025T20:54:34 - [TEST_CASE][PASSED] - Test Cases/Negative Cases - Cancel the checkout - Cart is null: Test Cases/Negative Cases - Cancel the checkout - Cart is null

05-02-2025T20:54:34 - [TEST_STEP][PASSED] - openBrowser(""): Browser is opened with url: ''

05-02-2025T20:54:34 - [MESSAGE][INFO] - Starting 'Chrome' driver

05-02-2025T20:54:34 - [MESSAGE][INFO] - Action delay is set to 0 milliseconds

05-02-2025T20:54:36 - [MESSAGE][PASSED] - Browser is opened with url: ''

05-02-2025T20:54:36 - [TEST_STEP][PASSED] - navigateToUrl("https://www.saucedemo.com/"): Navigate to 'https://www.saucedemo.com/' successfully

05-02-2025T20:54:37 - [MESSAGE][PASSED] - Navigate to 'https://www.saucedemo.com/' successfully

05-02-2025T20:54:37 - [TEST_STEP][PASSED] - setText(findTestObject("Page_Swag Labs/input_Swag Labs_user-name"), Username1): Text 'standard_user' is set on object 'Object Repository/Page_Swag Labs/input_Swag Labs_user-name'

05-02-2025T20:54:39 - [MESSAGE][PASSED] - Text 'standard_user' is set on object 'Object Repository/Page_Swag Labs/input_Swag Labs_user-name'

05-02-2025T20:54:39 - [TEST_STEP][PASSED] - setText(findTestObject("Page_Swag Labs/input_Swag Labs_password"), Password2): Text 'secret_sauce' is set on object 'Object Repository/Page_Swag Labs/input_Swag Labs_password'

05-02-2025T20:54:40 - [MESSAGE][PASSED] - Text 'secret_sauce' is set on object 'Object Repository/Page_Swag Labs/input_Swag Labs_password'

05-02-2025T20:54:40 - [TEST_STEP][PASSED] - click(findTestObject("Page_Swag Labs/input_Swag Labs_login-button")): Object: 'Object Repository/Page_Swag Labs/input_Swag Labs_login-button' is clicked on

05-02-2025T20:54:40 - [MESSAGE][PASSED] - Object: 'Object Repository/Page_Swag Labs/input_Swag Labs_login-button' is clicked on

05-02-2025T20:54:40 - [TEST_STEP][PASSED] - click(findTestObject("Page_Swag Labs/a_Swag Labs_shopping_cart_link")): Object: 'Object Repository/Page_Swag Labs/a_Swag Labs_shopping_cart_link' is clicked on

05-02-2025T20:54:41 - [MESSAGE][PASSED] - Object: 'Object Repository/Page_Swag Labs/a_Swag Labs_shopping_cart_link' is clicked on

05-02-2025T20:54:41 - [TEST_STEP][PASSED] - click(findTestObject("Object Repository/katalon_asisst_ai_swagLabs/Page_Swag Labs/button_Checkout")): Object: 'Object Repository/katalon_asisst_ai_swagLabs/Page_Swag Labs/button_Checkout' is clicked on

05-02-2025T20:54:41 - [MESSAGE][PASSED] - Object: 'Object Repository/katalon_asisst_ai_swagLabs/Page_Swag Labs/button_Checkout' is clicked on

05-02-2025T20:54:41 - [TEST_STEP][PASSED] - setText(findTestObject("Object Repository/katalon_asisst_ai_swagLabs/Page_Swag Labs/input_Checkout Your Information_firstName"), "testing"): Text 'testing' is set on object 'Object Repository/katalon_asisst_ai_swagLabs/Page_Swag Labs/input_Checkout Your Information_firstName'

05-02-2025T20:54:42 - [MESSAGE][PASSED] - Text 'testing' is set on object 'Object Repository/katalon_asisst_ai_swagLabs/Page_Swag Labs/input_Checkout Your Information_firstName'

05-02-2025T20:54:42 - [TEST_STEP][PASSED] - setText(findTestObject("Object Repository/katalon_asisst_ai_swagLabs/Page_Swag Labs/input_Checkout Your Information_lastName"), "sha"): Text 'sha' is set on object 'Object Repository/katalon_asisst_ai_swagLabs/Page_Swag Labs/input_Checkout Your Information_lastName'

05-02-2025T20:54:43 - [MESSAGE][PASSED] - Text 'sha' is set on object 'Object Repository/katalon_asisst_ai_swagLabs/Page_Swag Labs/input_Checkout Your Information_lastName'

05-02-2025T20:54:43 - [TEST_STEP][PASSED] - setText(findTestObject("Object Repository/katalon_asisst_ai_swagLabs/Page_Swag Labs/input_Checkout Your Information_postalCode"), "KT21219A"): Text 'KT21219A' is set on object 'Object Repository/katalon_asisst_ai_swagLabs/Page_Swag Labs/input_Checkout Your Information_postalCode'

05-02-2025T20:54:44 - [MESSAGE][PASSED] - Text 'KT21219A' is set on object 'Object Repository/katalon_asisst_ai_swagLabs/Page_Swag Labs/input_Checkout Your Information_postalCode'

05-02-2025T20:54:44 - [TEST_STEP][PASSED] - click(findTestObject("Object Repository/katalon_asisst_ai_swagLabs/Page_Swag Labs/input_Cancel_continue")): Object: 'Object Repository/katalon_asisst_ai_swagLabs/Page_Swag Labs/input_Cancel_continue' is clicked on

05-02-2025T20:54:45 - [MESSAGE][PASSED] - Object: 'Object Repository/katalon_asisst_ai_swagLabs/Page_Swag Labs/input_Cancel_continue' is clicked on

05-02-2025T20:54:45 - [TEST_STEP][PASSED] - click(findTestObject("Object Repository/katalon_asisst_ai_swagLabs/Page_Swag Labs/button_Cancel"), STOP_ON_FAILURE): Object: 'Object Repository/katalon_asisst_ai_swagLabs/Page_Swag Labs/button_Cancel' is clicked on

05-02-2025T20:54:45 - [MESSAGE][PASSED] - Object: 'Object Repository/katalon_asisst_ai_swagLabs/Page_Swag Labs/button_Cancel' is clicked on

05-02-2025T20:54:45 - [TEST_STEP][PASSED] - closeBrowser(): Browser is closed

05-02-2025T20:54:46 - [MESSAGE][PASSED] - Browser is closed]]></system-out>
         <system-err><![CDATA[]]></system-err>
      </testcase>
      <testcase name="Test Cases/Negative Cases - Checkout from Cart - Cart is null" time="14.855" classname="Test Cases/Negative Cases - Checkout from Cart - Cart is null" status="PASSED">
         <system-out><![CDATA[05-02-2025T20:54:46 - [TEST_CASE][PASSED] - Test Cases/Negative Cases - Checkout from Cart - Cart is null: Test Cases/Negative Cases - Checkout from Cart - Cart is null

05-02-2025T20:54:46 - [TEST_STEP][PASSED] - openBrowser(""): Browser is opened with url: ''

05-02-2025T20:54:46 - [MESSAGE][INFO] - Starting 'Chrome' driver

05-02-2025T20:54:46 - [MESSAGE][INFO] - Action delay is set to 0 milliseconds

05-02-2025T20:54:47 - [MESSAGE][PASSED] - Browser is opened with url: ''

05-02-2025T20:54:47 - [TEST_STEP][PASSED] - navigateToUrl("https://www.saucedemo.com/"): Navigate to 'https://www.saucedemo.com/' successfully

05-02-2025T20:54:51 - [MESSAGE][PASSED] - Navigate to 'https://www.saucedemo.com/' successfully

05-02-2025T20:54:51 - [TEST_STEP][PASSED] - setText(findTestObject("Object Repository/Page_Swag Labs/input_Swag Labs_user-name"), Username1): Text 'standard_user' is set on object 'Object Repository/Page_Swag Labs/input_Swag Labs_user-name'

05-02-2025T20:54:53 - [MESSAGE][PASSED] - Text 'standard_user' is set on object 'Object Repository/Page_Swag Labs/input_Swag Labs_user-name'

05-02-2025T20:54:53 - [TEST_STEP][PASSED] - setText(findTestObject("Object Repository/Page_Swag Labs/input_Swag Labs_password"), Password2): Text 'secret_sauce' is set on object 'Object Repository/Page_Swag Labs/input_Swag Labs_password'

05-02-2025T20:54:54 - [MESSAGE][PASSED] - Text 'secret_sauce' is set on object 'Object Repository/Page_Swag Labs/input_Swag Labs_password'

05-02-2025T20:54:54 - [TEST_STEP][PASSED] - click(findTestObject("Object Repository/Page_Swag Labs/input_Swag Labs_login-button")): Object: 'Object Repository/Page_Swag Labs/input_Swag Labs_login-button' is clicked on

05-02-2025T20:54:55 - [MESSAGE][PASSED] - Object: 'Object Repository/Page_Swag Labs/input_Swag Labs_login-button' is clicked on

05-02-2025T20:54:55 - [TEST_STEP][PASSED] - click(findTestObject("Object Repository/Page_Swag Labs/a_Swag Labs_shopping_cart_link")): Object: 'Object Repository/Page_Swag Labs/a_Swag Labs_shopping_cart_link' is clicked on

05-02-2025T20:54:55 - [MESSAGE][PASSED] - Object: 'Object Repository/Page_Swag Labs/a_Swag Labs_shopping_cart_link' is clicked on

05-02-2025T20:54:55 - [TEST_STEP][PASSED] - click(findTestObject("Object Repository/katalon_asisst_ai_swagLabs/Page_Swag Labs/button_Checkout")): Object: 'Object Repository/katalon_asisst_ai_swagLabs/Page_Swag Labs/button_Checkout' is clicked on

05-02-2025T20:54:56 - [MESSAGE][PASSED] - Object: 'Object Repository/katalon_asisst_ai_swagLabs/Page_Swag Labs/button_Checkout' is clicked on

05-02-2025T20:54:56 - [TEST_STEP][PASSED] - setText(findTestObject("Object Repository/katalon_asisst_ai_swagLabs/Page_Swag Labs/input_Checkout Your Information_firstName"), "testing"): Text 'testing' is set on object 'Object Repository/katalon_asisst_ai_swagLabs/Page_Swag Labs/input_Checkout Your Information_firstName'

05-02-2025T20:54:57 - [MESSAGE][PASSED] - Text 'testing' is set on object 'Object Repository/katalon_asisst_ai_swagLabs/Page_Swag Labs/input_Checkout Your Information_firstName'

05-02-2025T20:54:57 - [TEST_STEP][PASSED] - setText(findTestObject("Object Repository/katalon_asisst_ai_swagLabs/Page_Swag Labs/input_Checkout Your Information_lastName"), "sha"): Text 'sha' is set on object 'Object Repository/katalon_asisst_ai_swagLabs/Page_Swag Labs/input_Checkout Your Information_lastName'

05-02-2025T20:54:58 - [MESSAGE][PASSED] - Text 'sha' is set on object 'Object Repository/katalon_asisst_ai_swagLabs/Page_Swag Labs/input_Checkout Your Information_lastName'

05-02-2025T20:54:58 - [TEST_STEP][PASSED] - setText(findTestObject("Object Repository/katalon_asisst_ai_swagLabs/Page_Swag Labs/input_Checkout Your Information_postalCode"), "KT21219A"): Text 'KT21219A' is set on object 'Object Repository/katalon_asisst_ai_swagLabs/Page_Swag Labs/input_Checkout Your Information_postalCode'

05-02-2025T20:54:59 - [MESSAGE][PASSED] - Text 'KT21219A' is set on object 'Object Repository/katalon_asisst_ai_swagLabs/Page_Swag Labs/input_Checkout Your Information_postalCode'

05-02-2025T20:54:59 - [TEST_STEP][PASSED] - click(findTestObject("Object Repository/Page_Swag Labs/Page_Swag Labs/input_Cancel_continue")): Object: 'Object Repository/Page_Swag Labs/Page_Swag Labs/input_Cancel_continue' is clicked on

05-02-2025T20:54:59 - [MESSAGE][PASSED] - Object: 'Object Repository/Page_Swag Labs/Page_Swag Labs/input_Cancel_continue' is clicked on

05-02-2025T20:54:59 - [TEST_STEP][PASSED] - click(findTestObject("Object Repository/katalon_asisst_ai_swagLabs/Page_Swag Labs/button_Finish")): Object: 'Object Repository/katalon_asisst_ai_swagLabs/Page_Swag Labs/button_Finish' is clicked on

05-02-2025T20:55:00 - [MESSAGE][PASSED] - Object: 'Object Repository/katalon_asisst_ai_swagLabs/Page_Swag Labs/button_Finish' is clicked on

05-02-2025T20:55:00 - [TEST_STEP][PASSED] - verifyElementPresent(findTestObject("Object Repository/katalon_asisst_ai_swagLabs/Page_Swag Labs/div_Checkout Complete"), 30): Object 'Object Repository/katalon_asisst_ai_swagLabs/Page_Swag Labs/div_Checkout Complete' is present

05-02-2025T20:55:00 - [MESSAGE][PASSED] - Object 'Object Repository/katalon_asisst_ai_swagLabs/Page_Swag Labs/div_Checkout Complete' is present

05-02-2025T20:55:00 - [TEST_STEP][PASSED] - closeBrowser(): Browser is closed

05-02-2025T20:55:01 - [MESSAGE][PASSED] - Browser is closed]]></system-out>
         <system-err><![CDATA[]]></system-err>
      </testcase>
      <system-out><![CDATA[05-02-2025T20:54:33 - [TEST_SUITE][PASSED] - Negative Cases - Add to Cart: Test Cases/Negative Cases - Checkout from Cart - Cart is null]]></system-out>
      <system-err><![CDATA[]]></system-err>
   </testsuite>
</testsuites>
