<?xml version="1.0" encoding="UTF-8"?>
<testsuites name="Login to Swag Labs - Positive Cases" time="67.211" tests="2" failures="0" errors="0">
   <testsuite name="Login to Swag Labs - Positive Cases" tests="2" failures="0" errors="0" time="67.211" skipped="0" timestamp="31-01-2025T21:56:32" hostname="ACER - LAPTOP-5GQHVTHK" id="Test Suites/Login to Swag Labs - Positive Cases">
      <properties>
[...]
</properties>
      <testcase name="Test Cases/Positive Cases - Login with first account - standard_user" time="34.803" classname="Test Cases/Positive Cases - Login with first account - standard_user" status="PASSED">
         <system-out><![CDATA[31-01-2025T21:56:32 - [TEST_CASE][PASSED] - Test Cases/Positive Cases - Login with first account - standard_user: Test Cases/Positive Cases - Login with first account - standard_user

31-01-2025T21:56:32 - [TEST_STEP][PASSED] - openBrowser(""): Browser is opened with url: ''

31-01-2025T21:56:33 - [MESSAGE][INFO] - User set preference: ['os', 'linux']

31-01-2025T21:56:33 - [MESSAGE][INFO] - User set preference: ['browserVersion', '130']

31-01-2025T21:56:33 - [MESSAGE][INFO] - User set preference: ['browserName', 'chrome']

31-01-2025T21:56:33 - [MESSAGE][INFO] - User set preference: ['katalon:option', '{organizationId=1906073, usingTunnel=true}']

31-01-2025T21:56:33 - [MESSAGE][INFO] - Connecting to remote web server 'testcloud.katalon.com/hub' with type 'Selenium'

31-01-2025T21:56:33 - [MESSAGE][INFO] - Action delay is set to 0 milliseconds

31-01-2025T21:56:52 - [MESSAGE][PASSED] - Browser is opened with url: ''

31-01-2025T21:56:52 - [TEST_STEP][PASSED] - navigateToUrl("https://www.saucedemo.com/"): Navigate to 'https://www.saucedemo.com/' successfully

31-01-2025T21:56:55 - [MESSAGE][PASSED] - Navigate to 'https://www.saucedemo.com/' successfully

31-01-2025T21:56:55 - [TEST_STEP][PASSED] - com.test.swaglabs.CustomLogin.WebLoginFirstAccount(): com.test.swaglabs.CustomLogin.WebLoginFirstAccount is PASSED

31-01-2025T21:57:01 - [MESSAGE][PASSED] - Text 'standard_user' is set on object 'Object Repository/Page_Swag Labs/input_Swag Labs_user-name'

31-01-2025T21:57:03 - [MESSAGE][PASSED] - Text ****** has been set on object 'Object Repository/Page_Swag Labs/input_Swag Labs_password'

31-01-2025T21:57:04 - [MESSAGE][PASSED] - Object: 'Object Repository/Page_Swag Labs/input_Swag Labs_login-button' is clicked on

31-01-2025T21:57:04 - [MESSAGE][PASSED] - com.test.swaglabs.CustomLogin.WebLoginFirstAccount is PASSED

31-01-2025T21:57:04 - [TEST_STEP][NOT_RUN] - setText(findTestObject("Page_Swag Labs/input_Swag Labs_user-name"), "standard_user"): NOT_RUN: setText(findTestObject("Page_Swag Labs/input_Swag Labs_user-name"), "standard_user")

31-01-2025T21:57:04 - [MESSAGE][NOT_RUN] - NOT_RUN: setText(findTestObject("Page_Swag Labs/input_Swag Labs_user-name"), "standard_user")

31-01-2025T21:57:04 - [TEST_STEP][NOT_RUN] - setEncryptedText(findTestObject("Page_Swag Labs/input_Swag Labs_password"), "qcu24s4901FyWDTwXGr6XA=="): NOT_RUN: setEncryptedText(findTestObject("Page_Swag Labs/input_Swag Labs_password"), "qcu24s4901FyWDTwXGr6XA==")

31-01-2025T21:57:04 - [MESSAGE][NOT_RUN] - NOT_RUN: setEncryptedText(findTestObject("Page_Swag Labs/input_Swag Labs_password"), "qcu24s4901FyWDTwXGr6XA==")

31-01-2025T21:57:04 - [TEST_STEP][NOT_RUN] - click(findTestObject("Page_Swag Labs/input_Swag Labs_login-button")): NOT_RUN: click(findTestObject("Page_Swag Labs/input_Swag Labs_login-button"))

31-01-2025T21:57:04 - [MESSAGE][NOT_RUN] - NOT_RUN: click(findTestObject("Page_Swag Labs/input_Swag Labs_login-button"))

31-01-2025T21:57:04 - [TEST_STEP][PASSED] - verifyTextPresent("Products", false): Text 'Products' is present on page 

31-01-2025T21:57:06 - [MESSAGE][PASSED] - Text 'Products' is present on page 

31-01-2025T21:57:06 - [TEST_STEP][PASSED] - closeBrowser(): Browser is closed

31-01-2025T21:57:07 - [MESSAGE][PASSED] - Browser is closed]]></system-out>
         <system-err><![CDATA[]]></system-err>
      </testcase>
      <testcase name="Test Cases/Positive Cases - Login SwagLabs" time="32.212" classname="Test Cases/Positive Cases - Login SwagLabs" status="PASSED">
         <system-out><![CDATA[31-01-2025T21:57:07 - [TEST_CASE][PASSED] - Test Cases/Positive Cases - Login SwagLabs: Test Cases/Positive Cases - Login SwagLabs

31-01-2025T21:57:07 - [TEST_STEP][PASSED] - openBrowser(""): Browser is opened with url: ''

31-01-2025T21:57:07 - [MESSAGE][INFO] - User set preference: ['os', 'linux']

31-01-2025T21:57:07 - [MESSAGE][INFO] - User set preference: ['browserVersion', '130']

31-01-2025T21:57:07 - [MESSAGE][INFO] - User set preference: ['browserName', 'chrome']

31-01-2025T21:57:07 - [MESSAGE][INFO] - User set preference: ['katalon:option', '{organizationId=1906073, usingTunnel=true}']

31-01-2025T21:57:07 - [MESSAGE][INFO] - Connecting to remote web server 'testcloud.katalon.com/hub' with type 'Selenium'

31-01-2025T21:57:07 - [MESSAGE][INFO] - Action delay is set to 0 milliseconds

31-01-2025T21:57:24 - [MESSAGE][PASSED] - Browser is opened with url: ''

31-01-2025T21:57:24 - [TEST_STEP][PASSED] - navigateToUrl("https://www.saucedemo.com/"): Navigate to 'https://www.saucedemo.com/' successfully

31-01-2025T21:57:27 - [MESSAGE][PASSED] - Navigate to 'https://www.saucedemo.com/' successfully

31-01-2025T21:57:27 - [TEST_STEP][PASSED] - setText(findTestObject("Object Repository/Page_Swag Labs/input_Swag Labs_user-name"), "standard_user"): Text 'standard_user' is set on object 'Object Repository/Page_Swag Labs/input_Swag Labs_user-name'

31-01-2025T21:57:33 - [MESSAGE][PASSED] - Text 'standard_user' is set on object 'Object Repository/Page_Swag Labs/input_Swag Labs_user-name'

31-01-2025T21:57:33 - [TEST_STEP][PASSED] - setEncryptedText(findTestObject("Object Repository/Page_Swag Labs/input_Swag Labs_password"), "qcu24s4901FyWDTwXGr6XA=="): Text ****** has been set on object 'Object Repository/Page_Swag Labs/input_Swag Labs_password'

31-01-2025T21:57:35 - [MESSAGE][PASSED] - Text ****** has been set on object 'Object Repository/Page_Swag Labs/input_Swag Labs_password'

31-01-2025T21:57:35 - [TEST_STEP][PASSED] - click(findTestObject("Object Repository/Page_Swag Labs/input_Swag Labs_login-button")): Object: 'Object Repository/Page_Swag Labs/input_Swag Labs_login-button' is clicked on

31-01-2025T21:57:37 - [MESSAGE][PASSED] - Object: 'Object Repository/Page_Swag Labs/input_Swag Labs_login-button' is clicked on

31-01-2025T21:57:37 - [TEST_STEP][PASSED] - verifyTextPresent("Products", false): Text 'Products' is present on page 

31-01-2025T21:57:38 - [MESSAGE][PASSED] - Text 'Products' is present on page 

31-01-2025T21:57:38 - [TEST_STEP][PASSED] - closeBrowser(): Browser is closed

31-01-2025T21:57:39 - [MESSAGE][PASSED] - Browser is closed]]></system-out>
         <system-err><![CDATA[]]></system-err>
      </testcase>
      <system-out><![CDATA[31-01-2025T21:56:32 - [TEST_SUITE][PASSED] - Login to Swag Labs - Positive Cases: Test Cases/Positive Cases - Login SwagLabs]]></system-out>
      <system-err><![CDATA[]]></system-err>
   </testsuite>
</testsuites>
