<?xml version="1.0" encoding="UTF-8"?>
<testsuites name="Login by Different Account" time="436.3" tests="5" failures="0" errors="0">
   <testsuite name="Login by Different Account" tests="5" failures="0" errors="0" time="436.3" skipped="0" timestamp="31-01-2025T21:30:50" hostname="ACER - LAPTOP-5GQHVTHK" id="Test Suites/Login by Different Account">
      <properties>
[...]
</properties>
      <testcase name="Test Cases/Login by Fifth Account - error_user" time="37.728" classname="Test Cases/Login by Fifth Account - error_user" status="PASSED">
         <system-out><![CDATA[31-01-2025T21:30:51 - [TEST_CASE][PASSED] - Test Cases/Login by Fifth Account - error_user: Test Cases/Login by Fifth Account - error_user

31-01-2025T21:30:51 - [TEST_STEP][PASSED] - openBrowser(""): Browser is opened with url: ''

31-01-2025T21:30:52 - [MESSAGE][INFO] - User set preference: ['os', 'windows']

31-01-2025T21:30:52 - [MESSAGE][INFO] - User set preference: ['browserVersion', '133']

31-01-2025T21:30:52 - [MESSAGE][INFO] - User set preference: ['browserName', 'chrome']

31-01-2025T21:30:52 - [MESSAGE][INFO] - User set preference: ['katalon:option', '{organizationId=1906073, usingTunnel=false}']

31-01-2025T21:30:52 - [MESSAGE][INFO] - Connecting to remote web server 'testcloud.katalon.com/hub' with type 'Selenium'

31-01-2025T21:30:52 - [MESSAGE][INFO] - Action delay is set to 0 milliseconds

31-01-2025T21:31:21 - [MESSAGE][PASSED] - Browser is opened with url: ''

31-01-2025T21:31:21 - [TEST_STEP][PASSED] - navigateToUrl("https://www.saucedemo.com/"): Navigate to 'https://www.saucedemo.com/' successfully

31-01-2025T21:31:21 - [MESSAGE][PASSED] - Navigate to 'https://www.saucedemo.com/' successfully

31-01-2025T21:31:21 - [TEST_STEP][PASSED] - com.test.swaglabs.CustomLogin.WebLoginFifthAccount(): com.test.swaglabs.CustomLogin.WebLoginFifthAccount is PASSED

31-01-2025T21:31:24 - [MESSAGE][PASSED] - Text 'error_user' is set on object 'Object Repository/Page_Swag Labs/input_Swag Labs_user-name'

31-01-2025T21:31:25 - [MESSAGE][PASSED] - Text ****** has been set on object 'Object Repository/Page_Swag Labs/input_Swag Labs_password'

31-01-2025T21:31:26 - [MESSAGE][PASSED] - Object: 'Object Repository/Page_Swag Labs/input_Swag Labs_login-button' is clicked on

31-01-2025T21:31:26 - [MESSAGE][PASSED] - com.test.swaglabs.CustomLogin.WebLoginFifthAccount is PASSED

31-01-2025T21:31:26 - [TEST_STEP][PASSED] - verifyTextPresent("Products", false): Text 'Products' is present on page 

31-01-2025T21:31:27 - [MESSAGE][PASSED] - Text 'Products' is present on page 

31-01-2025T21:31:27 - [TEST_STEP][PASSED] - closeBrowser(): Browser is closed

31-01-2025T21:31:28 - [MESSAGE][PASSED] - Browser is closed]]></system-out>
         <system-err><![CDATA[]]></system-err>
      </testcase>
      <testcase name="Test Cases/Login by Fourth Account - performance_glitch_user" time="41.816" classname="Test Cases/Login by Fourth Account - performance_glitch_user" status="PASSED">
         <system-out><![CDATA[31-01-2025T21:32:33 - [TEST_CASE][PASSED] - Test Cases/Login by Fourth Account - performance_glitch_user: Test Cases/Login by Fourth Account - performance_glitch_user

31-01-2025T21:32:33 - [TEST_STEP][PASSED] - openBrowser(""): Browser is opened with url: ''

31-01-2025T21:32:33 - [MESSAGE][WARNING] - A browser is already opened. Closing browser and opening a new one

31-01-2025T21:32:34 - [MESSAGE][INFO] - User set preference: ['os', 'windows']

31-01-2025T21:32:34 - [MESSAGE][INFO] - User set preference: ['browserVersion', '133']

31-01-2025T21:32:34 - [MESSAGE][INFO] - User set preference: ['browserName', 'chrome']

31-01-2025T21:32:34 - [MESSAGE][INFO] - User set preference: ['katalon:option', '{organizationId=1906073, usingTunnel=false}']

31-01-2025T21:32:34 - [MESSAGE][INFO] - Connecting to remote web server 'testcloud.katalon.com/hub' with type 'Selenium'

31-01-2025T21:32:34 - [MESSAGE][INFO] - Action delay is set to 0 milliseconds

31-01-2025T21:33:01 - [MESSAGE][PASSED] - Browser is opened with url: ''

31-01-2025T21:33:01 - [TEST_STEP][PASSED] - navigateToUrl("https://www.saucedemo.com/"): Navigate to 'https://www.saucedemo.com/' successfully

31-01-2025T21:33:01 - [MESSAGE][PASSED] - Navigate to 'https://www.saucedemo.com/' successfully

31-01-2025T21:33:01 - [TEST_STEP][PASSED] - com.test.swaglabs.CustomLogin.WebLoginFourthAccount(): com.test.swaglabs.CustomLogin.WebLoginFourthAccount is PASSED

31-01-2025T21:33:04 - [MESSAGE][PASSED] - Text 'performance_glitch_user' is set on object 'Object Repository/Page_Swag Labs/input_Swag Labs_user-name'

31-01-2025T21:33:07 - [MESSAGE][PASSED] - Text 'secret_sauce' is set on object 'Object Repository/Page_Swag Labs/input_Swag Labs_password'

31-01-2025T21:33:13 - [MESSAGE][PASSED] - Object: 'Object Repository/Page_Swag Labs/input_Swag Labs_login-button' is clicked on

31-01-2025T21:33:13 - [MESSAGE][PASSED] - com.test.swaglabs.CustomLogin.WebLoginFourthAccount is PASSED

31-01-2025T21:33:13 - [TEST_STEP][PASSED] - verifyTextPresent("Add to cart", false): Text 'Add to cart' is present on page 

31-01-2025T21:33:14 - [MESSAGE][PASSED] - Text 'Add to cart' is present on page 

31-01-2025T21:33:14 - [TEST_STEP][PASSED] - closeBrowser(): Browser is closed

31-01-2025T21:33:15 - [MESSAGE][PASSED] - Browser is closed]]></system-out>
         <system-err><![CDATA[]]></system-err>
      </testcase>
      <testcase name="Test Cases/Login by Second Account - locked_out_user" time="34.997" classname="Test Cases/Login by Second Account - locked_out_user" status="PASSED">
         <system-out><![CDATA[31-01-2025T21:34:52 - [TEST_CASE][PASSED] - Test Cases/Login by Second Account - locked_out_user: Test Cases/Login by Second Account - locked_out_user

31-01-2025T21:34:52 - [TEST_STEP][PASSED] - openBrowser(""): Browser is opened with url: ''

31-01-2025T21:34:52 - [MESSAGE][WARNING] - A browser is already opened. Closing browser and opening a new one

31-01-2025T21:34:53 - [MESSAGE][INFO] - User set preference: ['os', 'windows']

31-01-2025T21:34:53 - [MESSAGE][INFO] - User set preference: ['browserVersion', '133']

31-01-2025T21:34:53 - [MESSAGE][INFO] - User set preference: ['browserName', 'chrome']

31-01-2025T21:34:53 - [MESSAGE][INFO] - User set preference: ['katalon:option', '{organizationId=1906073, usingTunnel=false}']

31-01-2025T21:34:53 - [MESSAGE][INFO] - Connecting to remote web server 'testcloud.katalon.com/hub' with type 'Selenium'

31-01-2025T21:34:53 - [MESSAGE][INFO] - Action delay is set to 0 milliseconds

31-01-2025T21:35:19 - [MESSAGE][PASSED] - Browser is opened with url: ''

31-01-2025T21:35:19 - [TEST_STEP][PASSED] - navigateToUrl("https://www.saucedemo.com/"): Navigate to 'https://www.saucedemo.com/' successfully

31-01-2025T21:35:19 - [MESSAGE][PASSED] - Navigate to 'https://www.saucedemo.com/' successfully

31-01-2025T21:35:19 - [TEST_STEP][PASSED] - com.test.swaglabs.CustomLogin.WebLoginSecondAccount(): com.test.swaglabs.CustomLogin.WebLoginSecondAccount is PASSED

31-01-2025T21:35:22 - [MESSAGE][PASSED] - Text 'locked_out_user' is set on object 'Object Repository/Page_Swag Labs/input_Swag Labs_user-name'

31-01-2025T21:35:24 - [MESSAGE][PASSED] - Text 'secret_sauce' is set on object 'Object Repository/Page_Swag Labs/input_Swag Labs_password'

31-01-2025T21:35:25 - [MESSAGE][PASSED] - Object: 'Object Repository/Page_Swag Labs/input_Swag Labs_login-button' is clicked on

31-01-2025T21:35:25 - [MESSAGE][PASSED] - com.test.swaglabs.CustomLogin.WebLoginSecondAccount is PASSED

31-01-2025T21:35:25 - [TEST_STEP][PASSED] - verifyTextPresent("Epic sadface: Sorry, this user has been locked out.", false): Text 'Epic sadface: Sorry, this user has been locked out.' is present on page 

31-01-2025T21:35:26 - [MESSAGE][PASSED] - Text 'Epic sadface: Sorry, this user has been locked out.' is present on page 

31-01-2025T21:35:26 - [TEST_STEP][PASSED] - closeBrowser(): Browser is closed

31-01-2025T21:35:27 - [MESSAGE][PASSED] - Browser is closed]]></system-out>
         <system-err><![CDATA[]]></system-err>
      </testcase>
      <testcase name="Test Cases/Login by Sixth Account - visual_user" time="36.695" classname="Test Cases/Login by Sixth Account - visual_user" status="PASSED">
         <system-out><![CDATA[31-01-2025T21:36:58 - [TEST_CASE][PASSED] - Test Cases/Login by Sixth Account - visual_user: Test Cases/Login by Sixth Account - visual_user

31-01-2025T21:36:58 - [TEST_STEP][PASSED] - openBrowser(""): Browser is opened with url: ''

31-01-2025T21:36:58 - [MESSAGE][WARNING] - A browser is already opened. Closing browser and opening a new one

31-01-2025T21:36:59 - [MESSAGE][INFO] - User set preference: ['os', 'windows']

31-01-2025T21:36:59 - [MESSAGE][INFO] - User set preference: ['browserVersion', '133']

31-01-2025T21:36:59 - [MESSAGE][INFO] - User set preference: ['browserName', 'chrome']

31-01-2025T21:36:59 - [MESSAGE][INFO] - User set preference: ['katalon:option', '{organizationId=1906073, usingTunnel=false}']

31-01-2025T21:36:59 - [MESSAGE][INFO] - Connecting to remote web server 'testcloud.katalon.com/hub' with type 'Selenium'

31-01-2025T21:36:59 - [MESSAGE][INFO] - Action delay is set to 0 milliseconds

31-01-2025T21:37:27 - [MESSAGE][PASSED] - Browser is opened with url: ''

31-01-2025T21:37:27 - [TEST_STEP][PASSED] - navigateToUrl("https://www.saucedemo.com/"): Navigate to 'https://www.saucedemo.com/' successfully

31-01-2025T21:37:28 - [MESSAGE][PASSED] - Navigate to 'https://www.saucedemo.com/' successfully

31-01-2025T21:37:28 - [TEST_STEP][PASSED] - com.test.swaglabs.CustomLogin.WebLoginSixthAccount(): com.test.swaglabs.CustomLogin.WebLoginSixthAccount is PASSED

31-01-2025T21:37:30 - [MESSAGE][PASSED] - Text 'visual_user' is set on object 'Object Repository/Page_Swag Labs/input_Swag Labs_user-name'

31-01-2025T21:37:32 - [MESSAGE][PASSED] - Text 'secret_sauce' is set on object 'Object Repository/Page_Swag Labs/input_Swag Labs_password'

31-01-2025T21:37:33 - [MESSAGE][PASSED] - Object: 'Object Repository/Page_Swag Labs/input_Swag Labs_login-button' is clicked on

31-01-2025T21:37:33 - [MESSAGE][PASSED] - com.test.swaglabs.CustomLogin.WebLoginSixthAccount is PASSED

31-01-2025T21:37:33 - [TEST_STEP][PASSED] - verifyElementPresent(findTestObject("Page_Swag Labs/span_Name (A to Z)Name (A to Z)Name (Z to A)Price (low to high)Price (high to low)"), 10): Object 'Object Repository/Page_Swag Labs/span_Name (A to Z)Name (A to Z)Name (Z to A)Price (low to high)Price (high to low)' is present

31-01-2025T21:37:34 - [MESSAGE][PASSED] - Object 'Object Repository/Page_Swag Labs/span_Name (A to Z)Name (A to Z)Name (Z to A)Price (low to high)Price (high to low)' is present

31-01-2025T21:37:34 - [TEST_STEP][PASSED] - closeBrowser(): Browser is closed

31-01-2025T21:37:35 - [MESSAGE][PASSED] - Browser is closed]]></system-out>
         <system-err><![CDATA[]]></system-err>
      </testcase>
      <testcase name="Test Cases/Login by Third Account - problem_user" time="31.779" classname="Test Cases/Login by Third Account - problem_user" status="PASSED">
         <system-out><![CDATA[31-01-2025T21:37:35 - [TEST_CASE][PASSED] - Test Cases/Login by Third Account - problem_user: Test Cases/Login by Third Account - problem_user

31-01-2025T21:37:35 - [TEST_STEP][PASSED] - openBrowser(""): Browser is opened with url: ''

31-01-2025T21:37:35 - [MESSAGE][INFO] - User set preference: ['os', 'windows']

31-01-2025T21:37:35 - [MESSAGE][INFO] - User set preference: ['browserVersion', '133']

31-01-2025T21:37:35 - [MESSAGE][INFO] - User set preference: ['browserName', 'chrome']

31-01-2025T21:37:35 - [MESSAGE][INFO] - User set preference: ['katalon:option', '{organizationId=1906073, usingTunnel=false}']

31-01-2025T21:37:35 - [MESSAGE][INFO] - Connecting to remote web server 'testcloud.katalon.com/hub' with type 'Selenium'

31-01-2025T21:37:35 - [MESSAGE][INFO] - Action delay is set to 0 milliseconds

31-01-2025T21:37:59 - [MESSAGE][PASSED] - Browser is opened with url: ''

31-01-2025T21:37:59 - [TEST_STEP][PASSED] - navigateToUrl("https://www.saucedemo.com/"): Navigate to 'https://www.saucedemo.com/' successfully

31-01-2025T21:38:00 - [MESSAGE][PASSED] - Navigate to 'https://www.saucedemo.com/' successfully

31-01-2025T21:38:00 - [TEST_STEP][PASSED] - com.test.swaglabs.CustomLogin.WebLoginThirdAccount(): com.test.swaglabs.CustomLogin.WebLoginThirdAccount is PASSED

31-01-2025T21:38:02 - [MESSAGE][PASSED] - Text 'problem_user' is set on object 'Object Repository/Page_Swag Labs/input_Swag Labs_user-name'

31-01-2025T21:38:04 - [MESSAGE][PASSED] - Text ****** has been set on object 'Object Repository/Page_Swag Labs/input_Swag Labs_password'

31-01-2025T21:38:05 - [MESSAGE][PASSED] - Object: 'Object Repository/Page_Swag Labs/input_Swag Labs_login-button' is clicked on

31-01-2025T21:38:05 - [MESSAGE][PASSED] - com.test.swaglabs.CustomLogin.WebLoginThirdAccount is PASSED

31-01-2025T21:38:05 - [TEST_STEP][PASSED] - verifyTextPresent("Add to cart", false): Text 'Add to cart' is present on page 

31-01-2025T21:38:06 - [MESSAGE][PASSED] - Text 'Add to cart' is present on page 

31-01-2025T21:38:06 - [TEST_STEP][PASSED] - closeBrowser(): Browser is closed

31-01-2025T21:38:07 - [MESSAGE][PASSED] - Browser is closed]]></system-out>
         <system-err><![CDATA[]]></system-err>
      </testcase>
      <system-out><![CDATA[31-01-2025T21:30:50 - [TEST_SUITE][FAILED] - Login by Different Account: Test Cases/Login by Fourth Account - performance_glitch_user FAILED.
Reason:
com.kms.katalon.core.exception.StepFailedException: Unable to set text 'performance_glitch_user' of object 'Object Repository/Page_Swag Labs/input_Swag Labs_user-name'
	at com.kms.katalon.core.webui.keyword.internal.WebUIKeywordMain.stepFailed(WebUIKeywordMain.groovy:117)
	at com.kms.katalon.core.webui.keyword.internal.WebUIKeywordMain.runKeyword(WebUIKeywordMain.groovy:43)
	at com.kms.katalon.core.webui.keyword.builtin.SetTextKeyword.setText(SetTextKeyword.groovy:85)
	at com.kms.katalon.core.webui.keyword.builtin.SetTextKeyword.execute(SetTextKeyword.groovy:39)
	at com.kms.katalon.core.keyword.internal.KeywordExecutor.executeKeywordForPlatform(KeywordExecutor.groovy:74)
	at com.kms.katalon.core.webui.keyword.WebUiBuiltInKeywords.setText(WebUiBuiltInKeywords.groovy:1019)
	at com.test.swaglabs.CustomLogin.WebLoginFourthAccount(CustomLogin.groovy:63)
	at java.base/jdk.internal.reflect.NativeMethodAccessorImpl.invoke0(Native Method)
	at java.base/jdk.internal.reflect.NativeMethodAccessorImpl.invoke(NativeMethodAccessorImpl.java:77)
	at java.base/jdk.internal.reflect.DelegatingMethodAccessorImpl.invoke(DelegatingMethodAccessorImpl.java:43)
	at com.kms.katalon.core.main.CustomKeywordDelegatingMetaClass.invokeStaticMethod(CustomKeywordDelegatingMetaClass.java:55)
	at Login by Fourth Account - performance_glitch_user.run(Login by Fourth Account - performance_glitch_user:24)
	at com.kms.katalon.core.main.ScriptEngine.run(ScriptEngine.java:194)
	at com.kms.katalon.core.main.ScriptEngine.runScriptAsRawText(ScriptEngine.java:119)
	at com.kms.katalon.core.main.TestCaseExecutor.runScript(TestCaseExecutor.java:448)
	at com.kms.katalon.core.main.TestCaseExecutor.doExecute(TestCaseExecutor.java:439)
	at com.kms.katalon.core.main.TestCaseExecutor.processExecutionPhase(TestCaseExecutor.java:418)
	at com.kms.katalon.core.main.TestCaseExecutor.accessMainPhase(TestCaseExecutor.java:410)
	at com.kms.katalon.core.main.TestCaseExecutor.execute(TestCaseExecutor.java:285)
	at com.kms.katalon.core.common.CommonExecutor.accessTestCaseMainPhase(CommonExecutor.java:65)
	at com.kms.katalon.core.main.TestSuiteExecutor.accessTestSuiteMainPhase(TestSuiteExecutor.java:150)
	at com.kms.katalon.core.main.TestSuiteExecutor.execute(TestSuiteExecutor.java:106)
	at com.kms.katalon.core.main.TestCaseMain.startTestSuite(TestCaseMain.java:180)
	at TempTestSuite1738333839214.run(TempTestSuite1738333839214.groovy:35)
	at java.base/jdk.internal.reflect.NativeMethodAccessorImpl.invoke0(Native Method)
	at java.base/jdk.internal.reflect.NativeMethodAccessorImpl.invoke(NativeMethodAccessorImpl.java:77)
	at java.base/jdk.internal.reflect.DelegatingMethodAccessorImpl.invoke(DelegatingMethodAccessorImpl.java:43)
Caused by: org.openqa.selenium.NoSuchSessionException: invalid session id: session deleted as the browser has closed the connection
from disconnected: Unable to receive message from renderer
  (Session info: chrome=133.0.6847.2)
Build info: version: '3.141.59', revision: 'unknown', time: 'unknown'
System info: host: 'LAPTOP-5GQHVTHK', ip: '192.168.0.101', os.name: 'Windows 11', os.arch: 'amd64', os.version: '10.0', java.version: '17.0.7'
Driver info: com.kms.katalon.selenium.driver.CRemoteWebDriver
Capabilities {acceptInsecureCerts: false, browserName: chrome, browserVersion: 133.0.6847.2, chrome: {chromedriverVersion: 133.0.6847.2 (7e95e23d2d1f8..., userDataDir: C:\Program Files\scoped_dir...}, fedcm:accounts: true, goog:chromeOptions: {debuggerAddress: localhost:9225}, javascriptEnabled: true, katalon:caps: {executionId: 208b81be-54a6-4b59-8af0-96d..., executionSessionId: ac4262c8-612f-4ec3-9f4f-eb6...}, katalon:options: {executionId: 208b81be-54a6-4b59-8af0-96d..., executionSessionId: ac4262c8-612f-4ec3-9f4f-eb6..., metadata: {accountUuid: fda32340-531c-49aa-a0b7-40d..., organizationId: 1906073, usingTunnel: false}, organizationId: 1906073, runFromTestCloud: true, userId: 1648280, username: innocent.beaver.duja@instan..., usingTunnel: false}, kt:requestId: ac4262c8-612f-4ec3-9f4f-eb6..., kt:rid: ac4262c8-612f-4ec3-9f4f-eb6..., networkConnectionEnabled: false, pageLoadStrategy: normal, platform: WINDOWS, platformName: WINDOWS, proxy: Proxy(), se:bidiEnabled: false, se:cdpEnabled: false, setWindowRect: true, strictFileInteractability: false, timeouts: {implicit: 0, pageLoad: 300000, script: 30000}, unhandledPromptBehavior: dismiss and notify, webauthn:extension:credBlob: true, webauthn:extension:largeBlob: true, webauthn:extension:minPinLength: true, webauthn:extension:prf: true, webauthn:virtualAuthenticators: true}
Session ID: 23149e899b37c2613f1c241d82dc5863
*** Element info: {Using=xpath, value=//input[@id='user-name']}
	at java.base/jdk.internal.reflect.NativeConstructorAccessorImpl.newInstance0(Native Method)
	at java.base/jdk.internal.reflect.NativeConstructorAccessorImpl.newInstance(NativeConstructorAccessorImpl.java:77)
	at java.base/jdk.internal.reflect.DelegatingConstructorAccessorImpl.newInstance(DelegatingConstructorAccessorImpl.java:45)
	at org.openqa.selenium.remote.http.W3CHttpResponseCodec.createException(W3CHttpResponseCodec.java:187)
	at org.openqa.selenium.remote.http.W3CHttpResponseCodec.decode(W3CHttpResponseCodec.java:122)
	at org.openqa.selenium.remote.http.W3CHttpResponseCodec.decode(W3CHttpResponseCodec.java:49)
	at org.openqa.selenium.remote.HttpCommandExecutor.execute(HttpCommandExecutor.java:158)
	at org.openqa.selenium.remote.RemoteWebDriver.execute(RemoteWebDriver.java:552)
	at com.kms.katalon.selenium.driver.CRemoteWebDriver.execute(CRemoteWebDriver.java:30)
	at org.openqa.selenium.remote.RemoteWebDriver.findElements(RemoteWebDriver.java:353)
	at org.openqa.selenium.remote.RemoteWebDriver.findElementsByXPath(RemoteWebDriver.java:432)
	at org.openqa.selenium.By$ByXPath.findElements(By.java:348)
	at org.openqa.selenium.remote.RemoteWebDriver.findElements(RemoteWebDriver.java:311)
	at java.base/jdk.internal.reflect.NativeMethodAccessorImpl.invoke0(Native Method)
	at java.base/jdk.internal.reflect.NativeMethodAccessorImpl.invoke(NativeMethodAccessorImpl.java:77)
	at java.base/jdk.internal.reflect.DelegatingMethodAccessorImpl.invoke(DelegatingMethodAccessorImpl.java:43)
	at org.openqa.selenium.support.events.EventFiringWebDriver.lambda$new$1(EventFiringWebDriver.java:105)
	at jdk.proxy2/jdk.proxy2.$Proxy23.findElements(Unknown Source)
	at org.openqa.selenium.support.events.EventFiringWebDriver.findElements(EventFiringWebDriver.java:182)
	at com.kms.katalon.core.webui.common.WebUiCommonHelper.findElementByNormalMethods(WebUiCommonHelper.java:1033)
	at com.kms.katalon.core.webui.common.WebUiCommonHelper.findElementsBySelectedMethod(WebUiCommonHelper.java:924)
	at com.kms.katalon.core.webui.common.WebUiCommonHelper.findElementsBySelectedMethod(WebUiCommonHelper.java:906)
	at com.kms.katalon.core.webui.common.WebUiCommonHelper.findElementsBySelectedMethod(WebUiCommonHelper.java:901)
	at com.kms.katalon.core.webui.common.WebUiCommonHelper.findElementsByDefault(WebUiCommonHelper.java:897)
	at com.kms.katalon.core.webui.common.WebUiCommonHelper.findElementsWithSelfHealing(WebUiCommonHelper.java:743)
	at com.kms.katalon.core.webui.common.WebUiCommonHelper.findWebElements(WebUiCommonHelper.java:727)
	at com.kms.katalon.core.webui.common.WebUiCommonHelper.findWebElement(WebUiCommonHelper.java:1413)
	at com.kms.katalon.core.webui.keyword.internal.WebUIAbstractKeyword.findWebElement(WebUIAbstractKeyword.groovy:27)
	at com.kms.katalon.core.webui.keyword.internal.WebUIAbstractKeyword.findWebElement(WebUIAbstractKeyword.groovy:26)
	at com.kms.katalon.core.webui.keyword.builtin.SetTextKeyword$_setText_closure1.doCall(SetTextKeyword.groovy:53)
	at com.kms.katalon.core.webui.keyword.builtin.SetTextKeyword$_setText_closure1.call(SetTextKeyword.groovy)
	at com.kms.katalon.core.webui.keyword.internal.WebUIKeywordMain.runKeyword(WebUIKeywordMain.groovy:35)
	... 25 more]]></system-out>
      <system-err><![CDATA[31-01-2025T21:30:50 - [TEST_SUITE][FAILED] - Login by Different Account: Test Cases/Login by Fourth Account - performance_glitch_user FAILED.
Reason:
com.kms.katalon.core.exception.StepFailedException: Unable to set text 'performance_glitch_user' of object 'Object Repository/Page_Swag Labs/input_Swag Labs_user-name'
	at com.kms.katalon.core.webui.keyword.internal.WebUIKeywordMain.stepFailed(WebUIKeywordMain.groovy:117)
	at com.kms.katalon.core.webui.keyword.internal.WebUIKeywordMain.runKeyword(WebUIKeywordMain.groovy:43)
	at com.kms.katalon.core.webui.keyword.builtin.SetTextKeyword.setText(SetTextKeyword.groovy:85)
	at com.kms.katalon.core.webui.keyword.builtin.SetTextKeyword.execute(SetTextKeyword.groovy:39)
	at com.kms.katalon.core.keyword.internal.KeywordExecutor.executeKeywordForPlatform(KeywordExecutor.groovy:74)
	at com.kms.katalon.core.webui.keyword.WebUiBuiltInKeywords.setText(WebUiBuiltInKeywords.groovy:1019)
	at com.test.swaglabs.CustomLogin.WebLoginFourthAccount(CustomLogin.groovy:63)
	at java.base/jdk.internal.reflect.NativeMethodAccessorImpl.invoke0(Native Method)
	at java.base/jdk.internal.reflect.NativeMethodAccessorImpl.invoke(NativeMethodAccessorImpl.java:77)
	at java.base/jdk.internal.reflect.DelegatingMethodAccessorImpl.invoke(DelegatingMethodAccessorImpl.java:43)
	at com.kms.katalon.core.main.CustomKeywordDelegatingMetaClass.invokeStaticMethod(CustomKeywordDelegatingMetaClass.java:55)
	at Login by Fourth Account - performance_glitch_user.run(Login by Fourth Account - performance_glitch_user:24)
	at com.kms.katalon.core.main.ScriptEngine.run(ScriptEngine.java:194)
	at com.kms.katalon.core.main.ScriptEngine.runScriptAsRawText(ScriptEngine.java:119)
	at com.kms.katalon.core.main.TestCaseExecutor.runScript(TestCaseExecutor.java:448)
	at com.kms.katalon.core.main.TestCaseExecutor.doExecute(TestCaseExecutor.java:439)
	at com.kms.katalon.core.main.TestCaseExecutor.processExecutionPhase(TestCaseExecutor.java:418)
	at com.kms.katalon.core.main.TestCaseExecutor.accessMainPhase(TestCaseExecutor.java:410)
	at com.kms.katalon.core.main.TestCaseExecutor.execute(TestCaseExecutor.java:285)
	at com.kms.katalon.core.common.CommonExecutor.accessTestCaseMainPhase(CommonExecutor.java:65)
	at com.kms.katalon.core.main.TestSuiteExecutor.accessTestSuiteMainPhase(TestSuiteExecutor.java:150)
	at com.kms.katalon.core.main.TestSuiteExecutor.execute(TestSuiteExecutor.java:106)
	at com.kms.katalon.core.main.TestCaseMain.startTestSuite(TestCaseMain.java:180)
	at TempTestSuite1738333839214.run(TempTestSuite1738333839214.groovy:35)
	at java.base/jdk.internal.reflect.NativeMethodAccessorImpl.invoke0(Native Method)
	at java.base/jdk.internal.reflect.NativeMethodAccessorImpl.invoke(NativeMethodAccessorImpl.java:77)
	at java.base/jdk.internal.reflect.DelegatingMethodAccessorImpl.invoke(DelegatingMethodAccessorImpl.java:43)
Caused by: org.openqa.selenium.NoSuchSessionException: invalid session id: session deleted as the browser has closed the connection
from disconnected: Unable to receive message from renderer
  (Session info: chrome=133.0.6847.2)
Build info: version: '3.141.59', revision: 'unknown', time: 'unknown'
System info: host: 'LAPTOP-5GQHVTHK', ip: '192.168.0.101', os.name: 'Windows 11', os.arch: 'amd64', os.version: '10.0', java.version: '17.0.7'
Driver info: com.kms.katalon.selenium.driver.CRemoteWebDriver
Capabilities {acceptInsecureCerts: false, browserName: chrome, browserVersion: 133.0.6847.2, chrome: {chromedriverVersion: 133.0.6847.2 (7e95e23d2d1f8..., userDataDir: C:\Program Files\scoped_dir...}, fedcm:accounts: true, goog:chromeOptions: {debuggerAddress: localhost:9225}, javascriptEnabled: true, katalon:caps: {executionId: 208b81be-54a6-4b59-8af0-96d..., executionSessionId: ac4262c8-612f-4ec3-9f4f-eb6...}, katalon:options: {executionId: 208b81be-54a6-4b59-8af0-96d..., executionSessionId: ac4262c8-612f-4ec3-9f4f-eb6..., metadata: {accountUuid: fda32340-531c-49aa-a0b7-40d..., organizationId: 1906073, usingTunnel: false}, organizationId: 1906073, runFromTestCloud: true, userId: 1648280, username: innocent.beaver.duja@instan..., usingTunnel: false}, kt:requestId: ac4262c8-612f-4ec3-9f4f-eb6..., kt:rid: ac4262c8-612f-4ec3-9f4f-eb6..., networkConnectionEnabled: false, pageLoadStrategy: normal, platform: WINDOWS, platformName: WINDOWS, proxy: Proxy(), se:bidiEnabled: false, se:cdpEnabled: false, setWindowRect: true, strictFileInteractability: false, timeouts: {implicit: 0, pageLoad: 300000, script: 30000}, unhandledPromptBehavior: dismiss and notify, webauthn:extension:credBlob: true, webauthn:extension:largeBlob: true, webauthn:extension:minPinLength: true, webauthn:extension:prf: true, webauthn:virtualAuthenticators: true}
Session ID: 23149e899b37c2613f1c241d82dc5863
*** Element info: {Using=xpath, value=//input[@id='user-name']}
	at java.base/jdk.internal.reflect.NativeConstructorAccessorImpl.newInstance0(Native Method)
	at java.base/jdk.internal.reflect.NativeConstructorAccessorImpl.newInstance(NativeConstructorAccessorImpl.java:77)
	at java.base/jdk.internal.reflect.DelegatingConstructorAccessorImpl.newInstance(DelegatingConstructorAccessorImpl.java:45)
	at org.openqa.selenium.remote.http.W3CHttpResponseCodec.createException(W3CHttpResponseCodec.java:187)
	at org.openqa.selenium.remote.http.W3CHttpResponseCodec.decode(W3CHttpResponseCodec.java:122)
	at org.openqa.selenium.remote.http.W3CHttpResponseCodec.decode(W3CHttpResponseCodec.java:49)
	at org.openqa.selenium.remote.HttpCommandExecutor.execute(HttpCommandExecutor.java:158)
	at org.openqa.selenium.remote.RemoteWebDriver.execute(RemoteWebDriver.java:552)
	at com.kms.katalon.selenium.driver.CRemoteWebDriver.execute(CRemoteWebDriver.java:30)
	at org.openqa.selenium.remote.RemoteWebDriver.findElements(RemoteWebDriver.java:353)
	at org.openqa.selenium.remote.RemoteWebDriver.findElementsByXPath(RemoteWebDriver.java:432)
	at org.openqa.selenium.By$ByXPath.findElements(By.java:348)
	at org.openqa.selenium.remote.RemoteWebDriver.findElements(RemoteWebDriver.java:311)
	at java.base/jdk.internal.reflect.NativeMethodAccessorImpl.invoke0(Native Method)
	at java.base/jdk.internal.reflect.NativeMethodAccessorImpl.invoke(NativeMethodAccessorImpl.java:77)
	at java.base/jdk.internal.reflect.DelegatingMethodAccessorImpl.invoke(DelegatingMethodAccessorImpl.java:43)
	at org.openqa.selenium.support.events.EventFiringWebDriver.lambda$new$1(EventFiringWebDriver.java:105)
	at jdk.proxy2/jdk.proxy2.$Proxy23.findElements(Unknown Source)
	at org.openqa.selenium.support.events.EventFiringWebDriver.findElements(EventFiringWebDriver.java:182)
	at com.kms.katalon.core.webui.common.WebUiCommonHelper.findElementByNormalMethods(WebUiCommonHelper.java:1033)
	at com.kms.katalon.core.webui.common.WebUiCommonHelper.findElementsBySelectedMethod(WebUiCommonHelper.java:924)
	at com.kms.katalon.core.webui.common.WebUiCommonHelper.findElementsBySelectedMethod(WebUiCommonHelper.java:906)
	at com.kms.katalon.core.webui.common.WebUiCommonHelper.findElementsBySelectedMethod(WebUiCommonHelper.java:901)
	at com.kms.katalon.core.webui.common.WebUiCommonHelper.findElementsByDefault(WebUiCommonHelper.java:897)
	at com.kms.katalon.core.webui.common.WebUiCommonHelper.findElementsWithSelfHealing(WebUiCommonHelper.java:743)
	at com.kms.katalon.core.webui.common.WebUiCommonHelper.findWebElements(WebUiCommonHelper.java:727)
	at com.kms.katalon.core.webui.common.WebUiCommonHelper.findWebElement(WebUiCommonHelper.java:1413)
	at com.kms.katalon.core.webui.keyword.internal.WebUIAbstractKeyword.findWebElement(WebUIAbstractKeyword.groovy:27)
	at com.kms.katalon.core.webui.keyword.internal.WebUIAbstractKeyword.findWebElement(WebUIAbstractKeyword.groovy:26)
	at com.kms.katalon.core.webui.keyword.builtin.SetTextKeyword$_setText_closure1.doCall(SetTextKeyword.groovy:53)
	at com.kms.katalon.core.webui.keyword.builtin.SetTextKeyword$_setText_closure1.call(SetTextKeyword.groovy)
	at com.kms.katalon.core.webui.keyword.internal.WebUIKeywordMain.runKeyword(WebUIKeywordMain.groovy:35)
	... 25 more]]></system-err>
   </testsuite>
</testsuites>
